null
Finding Optimal Objective...
{
  "false": {
    "false": {
      "complexity": 0.009999999776482582,
      "loss": 0.0019436345901340246,
      "name": "Y",
      "prediction": 0
    },
    "feature": 0,
    "name": "variance_leq_-3",
    "reference": 1,
    "relation": "==",
    "true": {
      "complexity": 0.009999999776482582,
      "loss": 0.0009718172950670123,
      "name": "Y",
      "prediction": 1
    },
    "type": "integral"
  },
  "feature": 5,
  "model_objective": 0.09498542547225952,
  "name": "skewness_leq_5",
  "reference": 1,
  "relation": "==",
  "true": {
    "false": {
      "false": {
        "complexity": 0.009999999776482582,
        "loss": 0.009718173183500767,
        "name": "Y",
        "prediction": 0
      },
      "feature": 8,
      "name": "curtosis_leq_0",
      "reference": 1,
      "relation": "==",
      "true": {
        "false": {
          "complexity": 0.009999999776482582,
          "loss": 0.002915451768785715,
          "name": "Y",
          "prediction": 0
        },
        "feature": 4,
        "name": "variance_leq_2",
        "reference": 1,
        "relation": "==",
        "true": {
          "complexity": 0.009999999776482582,
          "loss": 0.0009718172950670123,
          "name": "Y",
          "prediction": 1
        },
        "type": "integral"
      },
      "type": "integral"
    },
    "feature": 2,
    "name": "variance_leq_0",
    "reference": 1,
    "relation": "==",
    "true": {
      "complexity": 0.009999999776482582,
      "loss": 0.018464528024196625,
      "name": "Y",
      "prediction": 1
    },
    "type": "integral"
  },
  "type": "integral"
}
{
  "false": {
    "false": {
      "complexity": 0.009999999776482582,
      "loss": 0.0019436345901340246,
      "name": "Y",
      "prediction": 0
    },
    "feature": 0,
    "name": "variance_leq_-3",
    "reference": 1,
    "relation": "==",
    "true": {
      "complexity": 0.009999999776482582,
      "loss": 0.0009718172950670123,
      "name": "Y",
      "prediction": 1
    },
    "type": "integral"
  },
  "feature": 5,
  "model_objective": 0.09498542547225952,
  "name": "skewness_leq_5",
  "reference": 1,
  "relation": "==",
  "true": {
    "false": {
      "false": {
        "complexity": 0.009999999776482582,
        "loss": 0.002915451768785715,
        "name": "Y",
        "prediction": 0
      },
      "feature": 4,
      "name": "variance_leq_2",
      "reference": 1,
      "relation": "==",
      "true": {
        "false": {
          "complexity": 0.009999999776482582,
          "loss": 0.009718173183500767,
          "name": "Y",
          "prediction": 0
        },
        "feature": 8,
        "name": "curtosis_leq_0",
        "reference": 1,
        "relation": "==",
        "true": {
          "complexity": 0.009999999776482582,
          "loss": 0.0009718172950670123,
          "name": "Y",
          "prediction": 1
        },
        "type": "integral"
      },
      "type": "integral"
    },
    "feature": 2,
    "name": "variance_leq_0",
    "reference": 1,
    "relation": "==",
    "true": {
      "complexity": 0.009999999776482582,
      "loss": 0.018464528024196625,
      "name": "Y",
      "prediction": 1
    },
    "type": "integral"
  },
  "type": "integral"
}
{
  "false": {
    "false": {
      "complexity": 0.009999999776482582,
      "loss": 0.0019436345901340246,
      "name": "Y",
      "prediction": 0
    },
    "feature": 0,
    "name": "variance_leq_-3",
    "reference": 1,
    "relation": "==",
    "true": {
      "complexity": 0.009999999776482582,
      "loss": 0.0009718172950670123,
      "name": "Y",
      "prediction": 1
    },
    "type": "integral"
  },
  "feature": 5,
  "model_objective": 0.09498542547225952,
  "name": "skewness_leq_5",
  "reference": 1,
  "relation": "==",
  "true": {
    "false": {
      "complexity": 0.009999999776482582,
      "loss": 0.002915451768785715,
      "name": "Y",
      "prediction": 0
    },
    "feature": 4,
    "name": "variance_leq_2",
    "reference": 1,
    "relation": "==",
    "true": {
      "false": {
        "false": {
          "complexity": 0.009999999776482582,
          "loss": 0.009718173183500767,
          "name": "Y",
          "prediction": 0
        },
        "feature": 2,
        "name": "variance_leq_0",
        "reference": 1,
        "relation": "==",
        "true": {
          "complexity": 0.009999999776482582,
          "loss": 0.018464528024196625,
          "name": "Y",
          "prediction": 1
        },
        "type": "integral"
      },
      "feature": 8,
      "name": "curtosis_leq_0",
      "reference": 1,
      "relation": "==",
      "true": {
        "complexity": 0.009999999776482582,
        "loss": 0.0009718172950670123,
        "name": "Y",
        "prediction": 1
      },
      "type": "integral"
    },
    "type": "integral"
  },
  "type": "integral"
}
{
  "false": {
    "false": {
      "complexity": 0.009999999776482582,
      "loss": 0.0019436345901340246,
      "name": "Y",
      "prediction": 0
    },
    "feature": 5,
    "name": "skewness_leq_5",
    "reference": 1,
    "relation": "==",
    "true": {
      "false": {
        "false": {
          "complexity": 0.009999999776482582,
          "loss": 0.002915451768785715,
          "name": "Y",
          "prediction": 0
        },
        "feature": 4,
        "name": "variance_leq_2",
        "reference": 1,
        "relation": "==",
        "true": {
          "false": {
            "complexity": 0.009999999776482582,
            "loss": 0.009718173183500767,
            "name": "Y",
            "prediction": 0
          },
          "feature": 8,
          "name": "curtosis_leq_0",
          "reference": 1,
          "relation": "==",
          "true": {
            "complexity": 0.009999999776482582,
            "loss": 0.0009718172950670123,
            "name": "Y",
            "prediction": 1
          },
          "type": "integral"
        },
        "type": "integral"
      },
      "feature": 2,
      "name": "variance_leq_0",
      "reference": 1,
      "relation": "==",
      "true": {
        "complexity": 0.009999999776482582,
        "loss": 0.018464528024196625,
        "name": "Y",
        "prediction": 1
      },
      "type": "integral"
    },
    "type": "integral"
  },
  "feature": 0,
  "model_objective": 0.09498541057109833,
  "name": "variance_leq_-3",
  "reference": 1,
  "relation": "==",
  "true": {
    "complexity": 0.009999999776482582,
    "loss": 0.0009718172950670123,
    "name": "Y",
    "prediction": 1
  },
  "type": "integral"
}
{
  "false": {
    "false": {
      "complexity": 0.009999999776482582,
      "loss": 0.0019436345901340246,
      "name": "Y",
      "prediction": 0
    },
    "feature": 5,
    "name": "skewness_leq_5",
    "reference": 1,
    "relation": "==",
    "true": {
      "false": {
        "complexity": 0.009999999776482582,
        "loss": 0.002915451768785715,
        "name": "Y",
        "prediction": 0
      },
      "feature": 4,
      "name": "variance_leq_2",
      "reference": 1,
      "relation": "==",
      "true": {
        "false": {
          "false": {
            "complexity": 0.009999999776482582,
            "loss": 0.009718173183500767,
            "name": "Y",
            "prediction": 0
          },
          "feature": 8,
          "name": "curtosis_leq_0",
          "reference": 1,
          "relation": "==",
          "true": {
            "complexity": 0.009999999776482582,
            "loss": 0.0009718172950670123,
            "name": "Y",
            "prediction": 1
          },
          "type": "integral"
        },
        "feature": 2,
        "name": "variance_leq_0",
        "reference": 1,
        "relation": "==",
        "true": {
          "complexity": 0.009999999776482582,
          "loss": 0.018464528024196625,
          "name": "Y",
          "prediction": 1
        },
        "type": "integral"
      },
      "type": "integral"
    },
    "type": "integral"
  },
  "feature": 0,
  "model_objective": 0.09498541057109833,
  "name": "variance_leq_-3",
  "reference": 1,
  "relation": "==",
  "true": {
    "complexity": 0.009999999776482582,
    "loss": 0.0009718172950670123,
    "name": "Y",
    "prediction": 1
  },
  "type": "integral"
}
{
  "false": {
    "false": {
      "complexity": 0.009999999776482582,
      "loss": 0.0019436345901340246,
      "name": "Y",
      "prediction": 0
    },
    "feature": 5,
    "name": "skewness_leq_5",
    "reference": 1,
    "relation": "==",
    "true": {
      "false": {
        "complexity": 0.009999999776482582,
        "loss": 0.002915451768785715,
        "name": "Y",
        "prediction": 0
      },
      "feature": 4,
      "name": "variance_leq_2",
      "reference": 1,
      "relation": "==",
      "true": {
        "false": {
          "false": {
            "complexity": 0.009999999776482582,
            "loss": 0.009718173183500767,
            "name": "Y",
            "prediction": 0
          },
          "feature": 2,
          "name": "variance_leq_0",
          "reference": 1,
          "relation": "==",
          "true": {
            "complexity": 0.009999999776482582,
            "loss": 0.018464528024196625,
            "name": "Y",
            "prediction": 1
          },
          "type": "integral"
        },
        "feature": 8,
        "name": "curtosis_leq_0",
        "reference": 1,
        "relation": "==",
        "true": {
          "complexity": 0.009999999776482582,
          "loss": 0.0009718172950670123,
          "name": "Y",
          "prediction": 1
        },
        "type": "integral"
      },
      "type": "integral"
    },
    "type": "integral"
  },
  "feature": 0,
  "model_objective": 0.09498541057109833,
  "name": "variance_leq_-3",
  "reference": 1,
  "relation": "==",
  "true": {
    "complexity": 0.009999999776482582,
    "loss": 0.0009718172950670123,
    "name": "Y",
    "prediction": 1
  },
  "type": "integral"
}
{
  "false": {
    "complexity": 0.009999999776482582,
    "loss": 0.002915451768785715,
    "name": "Y",
    "prediction": 0
  },
  "feature": 4,
  "model_objective": 0.09498541802167892,
  "name": "variance_leq_2",
  "reference": 1,
  "relation": "==",
  "true": {
    "false": {
      "false": {
        "complexity": 0.009999999776482582,
        "loss": 0.0019436345901340246,
        "name": "Y",
        "prediction": 0
      },
      "feature": 5,
      "name": "skewness_leq_5",
      "reference": 1,
      "relation": "==",
      "true": {
        "false": {
          "false": {
            "complexity": 0.009999999776482582,
            "loss": 0.009718173183500767,
            "name": "Y",
            "prediction": 0
          },
          "feature": 8,
          "name": "curtosis_leq_0",
          "reference": 1,
          "relation": "==",
          "true": {
            "complexity": 0.009999999776482582,
            "loss": 0.0009718172950670123,
            "name": "Y",
            "prediction": 1
          },
          "type": "integral"
        },
        "feature": 2,
        "name": "variance_leq_0",
        "reference": 1,
        "relation": "==",
        "true": {
          "complexity": 0.009999999776482582,
          "loss": 0.018464528024196625,
          "name": "Y",
          "prediction": 1
        },
        "type": "integral"
      },
      "type": "integral"
    },
    "feature": 0,
    "name": "variance_leq_-3",
    "reference": 1,
    "relation": "==",
    "true": {
      "complexity": 0.009999999776482582,
      "loss": 0.0009718172950670123,
      "name": "Y",
      "prediction": 1
    },
    "type": "integral"
  },
  "type": "integral"
}
{
  "false": {
    "false": {
      "complexity": 0.009999999776482582,
      "loss": 0.0019436345901340246,
      "name": "Y",
      "prediction": 0
    },
    "feature": 5,
    "name": "skewness_leq_5",
    "reference": 1,
    "relation": "==",
    "true": {
      "false": {
        "false": {
          "complexity": 0.009999999776482582,
          "loss": 0.009718173183500767,
          "name": "Y",
          "prediction": 0
        },
        "feature": 8,
        "name": "curtosis_leq_0",
        "reference": 1,
        "relation": "==",
        "true": {
          "false": {
            "complexity": 0.009999999776482582,
            "loss": 0.002915451768785715,
            "name": "Y",
            "prediction": 0
          },
          "feature": 4,
          "name": "variance_leq_2",
          "reference": 1,
          "relation": "==",
          "true": {
            "complexity": 0.009999999776482582,
            "loss": 0.0009718172950670123,
            "name": "Y",
            "prediction": 1
          },
          "type": "integral"
        },
        "type": "integral"
      },
      "feature": 2,
      "name": "variance_leq_0",
      "reference": 1,
      "relation": "==",
      "true": {
        "complexity": 0.009999999776482582,
        "loss": 0.018464528024196625,
        "name": "Y",
        "prediction": 1
      },
      "type": "integral"
    },
    "type": "integral"
  },
  "feature": 0,
  "model_objective": 0.09498541057109833,
  "name": "variance_leq_-3",
  "reference": 1,
  "relation": "==",
  "true": {
    "complexity": 0.009999999776482582,
    "loss": 0.0009718172950670123,
    "name": "Y",
    "prediction": 1
  },
  "type": "integral"
}
{
  "false": {
    "false": {
      "complexity": 0.009999999776482582,
      "loss": 0.0019436345901340246,
      "name": "Y",
      "prediction": 0
    },
    "feature": 5,
    "name": "skewness_leq_5",
    "reference": 1,
    "relation": "==",
    "true": {
      "false": {
        "false": {
          "complexity": 0.009999999776482582,
          "loss": 0.009718173183500767,
          "name": "Y",
          "prediction": 0
        },
        "feature": 2,
        "name": "variance_leq_0",
        "reference": 1,
        "relation": "==",
        "true": {
          "complexity": 0.009999999776482582,
          "loss": 0.018464528024196625,
          "name": "Y",
          "prediction": 1
        },
        "type": "integral"
      },
      "feature": 8,
      "name": "curtosis_leq_0",
      "reference": 1,
      "relation": "==",
      "true": {
        "false": {
          "complexity": 0.009999999776482582,
          "loss": 0.002915451768785715,
          "name": "Y",
          "prediction": 0
        },
        "feature": 4,
        "name": "variance_leq_2",
        "reference": 1,
        "relation": "==",
        "true": {
          "complexity": 0.009999999776482582,
          "loss": 0.0009718172950670123,
          "name": "Y",
          "prediction": 1
        },
        "type": "integral"
      },
      "type": "integral"
    },
    "type": "integral"
  },
  "feature": 0,
  "model_objective": 0.09498541057109833,
  "name": "variance_leq_-3",
  "reference": 1,
  "relation": "==",
  "true": {
    "complexity": 0.009999999776482582,
    "loss": 0.0009718172950670123,
    "name": "Y",
    "prediction": 1
  },
  "type": "integral"
}
{
  "false": {
    "false": {
      "complexity": 0.009999999776482582,
      "loss": 0.002915451768785715,
      "name": "Y",
      "prediction": 0
    },
    "feature": 4,
    "name": "variance_leq_2",
    "reference": 1,
    "relation": "==",
    "true": {
      "false": {
        "complexity": 0.009999999776482582,
        "loss": 0.0019436345901340246,
        "name": "Y",
        "prediction": 0
      },
      "feature": 5,
      "name": "skewness_leq_5",
      "reference": 1,
      "relation": "==",
      "true": {
        "false": {
          "false": {
            "complexity": 0.009999999776482582,
            "loss": 0.009718173183500767,
            "name": "Y",
            "prediction": 0
          },
          "feature": 2,
          "name": "variance_leq_0",
          "reference": 1,
          "relation": "==",
          "true": {
            "complexity": 0.009999999776482582,
            "loss": 0.018464528024196625,
            "name": "Y",
            "prediction": 1
          },
          "type": "integral"
        },
        "feature": 8,
        "name": "curtosis_leq_0",
        "reference": 1,
        "relation": "==",
        "true": {
          "complexity": 0.009999999776482582,
          "loss": 0.0009718172950670123,
          "name": "Y",
          "prediction": 1
        },
        "type": "integral"
      },
      "type": "integral"
    },
    "type": "integral"
  },
  "feature": 0,
  "model_objective": 0.09498541057109833,
  "name": "variance_leq_-3",
  "reference": 1,
  "relation": "==",
  "true": {
    "complexity": 0.009999999776482582,
    "loss": 0.0009718172950670123,
    "name": "Y",
    "prediction": 1
  },
  "type": "integral"
}
{
  "false": {
    "complexity": 0.009999999776482582,
    "loss": 0.002915451768785715,
    "name": "Y",
    "prediction": 0
  },
  "feature": 4,
  "model_objective": 0.09498541802167892,
  "name": "variance_leq_2",
  "reference": 1,
  "relation": "==",
  "true": {
    "false": {
      "false": {
        "complexity": 0.009999999776482582,
        "loss": 0.0019436345901340246,
        "name": "Y",
        "prediction": 0
      },
      "feature": 0,
      "name": "variance_leq_-3",
      "reference": 1,
      "relation": "==",
      "true": {
        "complexity": 0.009999999776482582,
        "loss": 0.0009718172950670123,
        "name": "Y",
        "prediction": 1
      },
      "type": "integral"
    },
    "feature": 5,
    "name": "skewness_leq_5",
    "reference": 1,
    "relation": "==",
    "true": {
      "false": {
        "false": {
          "complexity": 0.009999999776482582,
          "loss": 0.009718173183500767,
          "name": "Y",
          "prediction": 0
        },
        "feature": 2,
        "name": "variance_leq_0",
        "reference": 1,
        "relation": "==",
        "true": {
          "complexity": 0.009999999776482582,
          "loss": 0.018464528024196625,
          "name": "Y",
          "prediction": 1
        },
        "type": "integral"
      },
      "feature": 8,
      "name": "curtosis_leq_0",
      "reference": 1,
      "relation": "==",
      "true": {
        "complexity": 0.009999999776482582,
        "loss": 0.0009718172950670123,
        "name": "Y",
        "prediction": 1
      },
      "type": "integral"
    },
    "type": "integral"
  },
  "type": "integral"
}
{
  "false": {
    "false": {
      "complexity": 0.009999999776482582,
      "loss": 0.002915451768785715,
      "name": "Y",
      "prediction": 0
    },
    "feature": 4,
    "name": "variance_leq_2",
    "reference": 1,
    "relation": "==",
    "true": {
      "false": {
        "complexity": 0.009999999776482582,
        "loss": 0.0019436345901340246,
        "name": "Y",
        "prediction": 0
      },
      "feature": 5,
      "name": "skewness_leq_5",
      "reference": 1,
      "relation": "==",
      "true": {
        "false": {
          "false": {
            "complexity": 0.009999999776482582,
            "loss": 0.009718173183500767,
            "name": "Y",
            "prediction": 0
          },
          "feature": 8,
          "name": "curtosis_leq_0",
          "reference": 1,
          "relation": "==",
          "true": {
            "complexity": 0.009999999776482582,
            "loss": 0.0009718172950670123,
            "name": "Y",
            "prediction": 1
          },
          "type": "integral"
        },
        "feature": 2,
        "name": "variance_leq_0",
        "reference": 1,
        "relation": "==",
        "true": {
          "complexity": 0.009999999776482582,
          "loss": 0.018464528024196625,
          "name": "Y",
          "prediction": 1
        },
        "type": "integral"
      },
      "type": "integral"
    },
    "type": "integral"
  },
  "feature": 0,
  "model_objective": 0.09498541802167892,
  "name": "variance_leq_-3",
  "reference": 1,
  "relation": "==",
  "true": {
    "complexity": 0.009999999776482582,
    "loss": 0.0009718172950670123,
    "name": "Y",
    "prediction": 1
  },
  "type": "integral"
}
{
  "false": {
    "complexity": 0.009999999776482582,
    "loss": 0.002915451768785715,
    "name": "Y",
    "prediction": 0
  },
  "feature": 4,
  "model_objective": 0.09498541802167892,
  "name": "variance_leq_2",
  "reference": 1,
  "relation": "==",
  "true": {
    "false": {
      "false": {
        "complexity": 0.009999999776482582,
        "loss": 0.0019436345901340246,
        "name": "Y",
        "prediction": 0
      },
      "feature": 5,
      "name": "skewness_leq_5",
      "reference": 1,
      "relation": "==",
      "true": {
        "false": {
          "false": {
            "complexity": 0.009999999776482582,
            "loss": 0.009718173183500767,
            "name": "Y",
            "prediction": 0
          },
          "feature": 2,
          "name": "variance_leq_0",
          "reference": 1,
          "relation": "==",
          "true": {
            "complexity": 0.009999999776482582,
            "loss": 0.018464528024196625,
            "name": "Y",
            "prediction": 1
          },
          "type": "integral"
        },
        "feature": 8,
        "name": "curtosis_leq_0",
        "reference": 1,
        "relation": "==",
        "true": {
          "complexity": 0.009999999776482582,
          "loss": 0.0009718172950670123,
          "name": "Y",
          "prediction": 1
        },
        "type": "integral"
      },
      "type": "integral"
    },
    "feature": 0,
    "name": "variance_leq_-3",
    "reference": 1,
    "relation": "==",
    "true": {
      "complexity": 0.009999999776482582,
      "loss": 0.0009718172950670123,
      "name": "Y",
      "prediction": 1
    },
    "type": "integral"
  },
  "type": "integral"
}
{
  "false": {
    "complexity": 0.009999999776482582,
    "loss": 0.002915451768785715,
    "name": "Y",
    "prediction": 0
  },
  "feature": 4,
  "model_objective": 0.09498541802167892,
  "name": "variance_leq_2",
  "reference": 1,
  "relation": "==",
  "true": {
    "false": {
      "false": {
        "complexity": 0.009999999776482582,
        "loss": 0.0019436345901340246,
        "name": "Y",
        "prediction": 0
      },
      "feature": 0,
      "name": "variance_leq_-3",
      "reference": 1,
      "relation": "==",
      "true": {
        "complexity": 0.009999999776482582,
        "loss": 0.0009718172950670123,
        "name": "Y",
        "prediction": 1
      },
      "type": "integral"
    },
    "feature": 5,
    "name": "skewness_leq_5",
    "reference": 1,
    "relation": "==",
    "true": {
      "false": {
        "false": {
          "complexity": 0.009999999776482582,
          "loss": 0.009718173183500767,
          "name": "Y",
          "prediction": 0
        },
        "feature": 8,
        "name": "curtosis_leq_0",
        "reference": 1,
        "relation": "==",
        "true": {
          "complexity": 0.009999999776482582,
          "loss": 0.0009718172950670123,
          "name": "Y",
          "prediction": 1
        },
        "type": "integral"
      },
      "feature": 2,
      "name": "variance_leq_0",
      "reference": 1,
      "relation": "==",
      "true": {
        "complexity": 0.009999999776482582,
        "loss": 0.018464528024196625,
        "name": "Y",
        "prediction": 1
      },
      "type": "integral"
    },
    "type": "integral"
  },
  "type": "integral"
}
{
  "false": {
    "false": {
      "complexity": 0.009999999776482582,
      "loss": 0.0019436345901340246,
      "name": "Y",
      "prediction": 0
    },
    "feature": 0,
    "name": "variance_leq_-3",
    "reference": 1,
    "relation": "==",
    "true": {
      "complexity": 0.009999999776482582,
      "loss": 0.0009718172950670123,
      "name": "Y",
      "prediction": 1
    },
    "type": "integral"
  },
  "feature": 5,
  "model_objective": 0.09498542547225952,
  "name": "skewness_leq_5",
  "reference": 1,
  "relation": "==",
  "true": {
    "false": {
      "false": {
        "complexity": 0.009999999776482582,
        "loss": 0.009718173183500767,
        "name": "Y",
        "prediction": 0
      },
      "feature": 2,
      "name": "variance_leq_0",
      "reference": 1,
      "relation": "==",
      "true": {
        "complexity": 0.009999999776482582,
        "loss": 0.018464528024196625,
        "name": "Y",
        "prediction": 1
      },
      "type": "integral"
    },
    "feature": 8,
    "name": "curtosis_leq_0",
    "reference": 1,
    "relation": "==",
    "true": {
      "false": {
        "complexity": 0.009999999776482582,
        "loss": 0.002915451768785715,
        "name": "Y",
        "prediction": 0
      },
      "feature": 4,
      "name": "variance_leq_2",
      "reference": 1,
      "relation": "==",
      "true": {
        "complexity": 0.009999999776482582,
        "loss": 0.0009718172950670123,
        "name": "Y",
        "prediction": 1
      },
      "type": "integral"
    },
    "type": "integral"
  },
  "type": "integral"
}
{
  "false": {
    "false": {
      "complexity": 0.009999999776482582,
      "loss": 0.0019436345901340246,
      "name": "Y",
      "prediction": 0
    },
    "feature": 0,
    "name": "variance_leq_-3",
    "reference": 1,
    "relation": "==",
    "true": {
      "complexity": 0.009999999776482582,
      "loss": 0.0009718172950670123,
      "name": "Y",
      "prediction": 1
    },
    "type": "integral"
  },
  "feature": 5,
  "model_objective": 0.09498542547225952,
  "name": "skewness_leq_5",
  "reference": 1,
  "relation": "==",
  "true": {
    "false": {
      "complexity": 0.009999999776482582,
      "loss": 0.002915451768785715,
      "name": "Y",
      "prediction": 0
    },
    "feature": 4,
    "name": "variance_leq_2",
    "reference": 1,
    "relation": "==",
    "true": {
      "false": {
        "false": {
          "complexity": 0.009999999776482582,
          "loss": 0.009718173183500767,
          "name": "Y",
          "prediction": 0
        },
        "feature": 8,
        "name": "curtosis_leq_0",
        "reference": 1,
        "relation": "==",
        "true": {
          "complexity": 0.009999999776482582,
          "loss": 0.0009718172950670123,
          "name": "Y",
          "prediction": 1
        },
        "type": "integral"
      },
      "feature": 2,
      "name": "variance_leq_0",
      "reference": 1,
      "relation": "==",
      "true": {
        "complexity": 0.009999999776482582,
        "loss": 0.018464528024196625,
        "name": "Y",
        "prediction": 1
      },
      "type": "integral"
    },
    "type": "integral"
  },
  "type": "integral"
}
