null
Finding Optimal Objective...
{
  "false": {
    "false": {
      "false": {
        "false": {
          "false": {
            "complexity": 0.009999999776482582,
            "loss": 0.0,
            "name": "Y",
            "prediction": "True"
          },
          "feature": 1,
          "name": "a1_2",
          "reference": "True",
          "relation": "==",
          "true": {
            "complexity": 0.009999999776482582,
            "loss": 0.0,
            "name": "Y",
            "prediction": "False"
          },
          "type": "categorical"
        },
        "feature": 0,
        "name": "a1_1",
        "reference": "True",
        "relation": "==",
        "true": {
          "complexity": 0.009999999776482582,
          "loss": 0.0,
          "name": "Y",
          "prediction": "False"
        },
        "type": "categorical"
      },
      "feature": 2,
      "name": "a2_1",
      "reference": "True",
      "relation": "==",
      "true": {
        "false": {
          "complexity": 0.009999999776482582,
          "loss": 0.0,
          "name": "Y",
          "prediction": "False"
        },
        "feature": 0,
        "name": "a1_1",
        "reference": "True",
        "relation": "==",
        "true": {
          "complexity": 0.009999999776482582,
          "loss": 0.0,
          "name": "Y",
          "prediction": "True"
        },
        "type": "categorical"
      },
      "type": "categorical"
    },
    "feature": 3,
    "name": "a2_2",
    "reference": "True",
    "relation": "==",
    "true": {
      "false": {
        "complexity": 0.009999999776482582,
        "loss": 0.0,
        "name": "Y",
        "prediction": "False"
      },
      "feature": 1,
      "name": "a1_2",
      "reference": "True",
      "relation": "==",
      "true": {
        "complexity": 0.009999999776482582,
        "loss": 0.0,
        "name": "Y",
        "prediction": "True"
      },
      "type": "categorical"
    },
    "type": "categorical"
  },
  "feature": 7,
  "model_objective": 0.07999999076128006,
  "name": "a5_1",
  "reference": "True",
  "relation": "==",
  "true": {
    "complexity": 0.009999999776482582,
    "loss": 0.0,
    "name": "Y",
    "prediction": "True"
  },
  "type": "categorical"
}
{
  "false": {
    "false": {
      "false": {
        "false": {
          "false": {
            "complexity": 0.009999999776482582,
            "loss": 0.0,
            "name": "Y",
            "prediction": "True"
          },
          "feature": 3,
          "name": "a2_2",
          "reference": "True",
          "relation": "==",
          "true": {
            "complexity": 0.009999999776482582,
            "loss": 0.0,
            "name": "Y",
            "prediction": "False"
          },
          "type": "categorical"
        },
        "feature": 0,
        "name": "a1_1",
        "reference": "True",
        "relation": "==",
        "true": {
          "complexity": 0.009999999776482582,
          "loss": 0.0,
          "name": "Y",
          "prediction": "False"
        },
        "type": "categorical"
      },
      "feature": 1,
      "name": "a1_2",
      "reference": "True",
      "relation": "==",
      "true": {
        "false": {
          "complexity": 0.009999999776482582,
          "loss": 0.0,
          "name": "Y",
          "prediction": "False"
        },
        "feature": 3,
        "name": "a2_2",
        "reference": "True",
        "relation": "==",
        "true": {
          "complexity": 0.009999999776482582,
          "loss": 0.0,
          "name": "Y",
          "prediction": "True"
        },
        "type": "categorical"
      },
      "type": "categorical"
    },
    "feature": 2,
    "name": "a2_1",
    "reference": "True",
    "relation": "==",
    "true": {
      "false": {
        "complexity": 0.009999999776482582,
        "loss": 0.0,
        "name": "Y",
        "prediction": "False"
      },
      "feature": 0,
      "name": "a1_1",
      "reference": "True",
      "relation": "==",
      "true": {
        "complexity": 0.009999999776482582,
        "loss": 0.0,
        "name": "Y",
        "prediction": "True"
      },
      "type": "categorical"
    },
    "type": "categorical"
  },
  "feature": 7,
  "model_objective": 0.07999999076128006,
  "name": "a5_1",
  "reference": "True",
  "relation": "==",
  "true": {
    "complexity": 0.009999999776482582,
    "loss": 0.0,
    "name": "Y",
    "prediction": "True"
  },
  "type": "categorical"
}
{
  "false": {
    "false": {
      "false": {
        "false": {
          "false": {
            "complexity": 0.009999999776482582,
            "loss": 0.0,
            "name": "Y",
            "prediction": "True"
          },
          "feature": 2,
          "name": "a2_1",
          "reference": "True",
          "relation": "==",
          "true": {
            "complexity": 0.009999999776482582,
            "loss": 0.0,
            "name": "Y",
            "prediction": "False"
          },
          "type": "categorical"
        },
        "feature": 0,
        "name": "a1_1",
        "reference": "True",
        "relation": "==",
        "true": {
          "false": {
            "complexity": 0.009999999776482582,
            "loss": 0.0,
            "name": "Y",
            "prediction": "False"
          },
          "feature": 2,
          "name": "a2_1",
          "reference": "True",
          "relation": "==",
          "true": {
            "complexity": 0.009999999776482582,
            "loss": 0.0,
            "name": "Y",
            "prediction": "True"
          },
          "type": "categorical"
        },
        "type": "categorical"
      },
      "feature": 3,
      "name": "a2_2",
      "reference": "True",
      "relation": "==",
      "true": {
        "complexity": 0.009999999776482582,
        "loss": 0.0,
        "name": "Y",
        "prediction": "False"
      },
      "type": "categorical"
    },
    "feature": 1,
    "name": "a1_2",
    "reference": "True",
    "relation": "==",
    "true": {
      "false": {
        "complexity": 0.009999999776482582,
        "loss": 0.0,
        "name": "Y",
        "prediction": "False"
      },
      "feature": 3,
      "name": "a2_2",
      "reference": "True",
      "relation": "==",
      "true": {
        "complexity": 0.009999999776482582,
        "loss": 0.0,
        "name": "Y",
        "prediction": "True"
      },
      "type": "categorical"
    },
    "type": "categorical"
  },
  "feature": 7,
  "model_objective": 0.07999999076128006,
  "name": "a5_1",
  "reference": "True",
  "relation": "==",
  "true": {
    "complexity": 0.009999999776482582,
    "loss": 0.0,
    "name": "Y",
    "prediction": "True"
  },
  "type": "categorical"
}
{
  "false": {
    "false": {
      "false": {
        "false": {
          "false": {
            "complexity": 0.009999999776482582,
            "loss": 0.0,
            "name": "Y",
            "prediction": "True"
          },
          "feature": 0,
          "name": "a1_1",
          "reference": "True",
          "relation": "==",
          "true": {
            "complexity": 0.009999999776482582,
            "loss": 0.0,
            "name": "Y",
            "prediction": "False"
          },
          "type": "categorical"
        },
        "feature": 1,
        "name": "a1_2",
        "reference": "True",
        "relation": "==",
        "true": {
          "complexity": 0.009999999776482582,
          "loss": 0.0,
          "name": "Y",
          "prediction": "False"
        },
        "type": "categorical"
      },
      "feature": 3,
      "name": "a2_2",
      "reference": "True",
      "relation": "==",
      "true": {
        "false": {
          "complexity": 0.009999999776482582,
          "loss": 0.0,
          "name": "Y",
          "prediction": "False"
        },
        "feature": 1,
        "name": "a1_2",
        "reference": "True",
        "relation": "==",
        "true": {
          "complexity": 0.009999999776482582,
          "loss": 0.0,
          "name": "Y",
          "prediction": "True"
        },
        "type": "categorical"
      },
      "type": "categorical"
    },
    "feature": 2,
    "name": "a2_1",
    "reference": "True",
    "relation": "==",
    "true": {
      "false": {
        "complexity": 0.009999999776482582,
        "loss": 0.0,
        "name": "Y",
        "prediction": "False"
      },
      "feature": 0,
      "name": "a1_1",
      "reference": "True",
      "relation": "==",
      "true": {
        "complexity": 0.009999999776482582,
        "loss": 0.0,
        "name": "Y",
        "prediction": "True"
      },
      "type": "categorical"
    },
    "type": "categorical"
  },
  "feature": 7,
  "model_objective": 0.07999999076128006,
  "name": "a5_1",
  "reference": "True",
  "relation": "==",
  "true": {
    "complexity": 0.009999999776482582,
    "loss": 0.0,
    "name": "Y",
    "prediction": "True"
  },
  "type": "categorical"
}
{
  "false": {
    "false": {
      "false": {
        "false": {
          "false": {
            "complexity": 0.009999999776482582,
            "loss": 0.0,
            "name": "Y",
            "prediction": "True"
          },
          "feature": 0,
          "name": "a1_1",
          "reference": "True",
          "relation": "==",
          "true": {
            "complexity": 0.009999999776482582,
            "loss": 0.0,
            "name": "Y",
            "prediction": "False"
          },
          "type": "categorical"
        },
        "feature": 3,
        "name": "a2_2",
        "reference": "True",
        "relation": "==",
        "true": {
          "complexity": 0.009999999776482582,
          "loss": 0.0,
          "name": "Y",
          "prediction": "False"
        },
        "type": "categorical"
      },
      "feature": 2,
      "name": "a2_1",
      "reference": "True",
      "relation": "==",
      "true": {
        "false": {
          "complexity": 0.009999999776482582,
          "loss": 0.0,
          "name": "Y",
          "prediction": "False"
        },
        "feature": 0,
        "name": "a1_1",
        "reference": "True",
        "relation": "==",
        "true": {
          "complexity": 0.009999999776482582,
          "loss": 0.0,
          "name": "Y",
          "prediction": "True"
        },
        "type": "categorical"
      },
      "type": "categorical"
    },
    "feature": 1,
    "name": "a1_2",
    "reference": "True",
    "relation": "==",
    "true": {
      "false": {
        "complexity": 0.009999999776482582,
        "loss": 0.0,
        "name": "Y",
        "prediction": "False"
      },
      "feature": 3,
      "name": "a2_2",
      "reference": "True",
      "relation": "==",
      "true": {
        "complexity": 0.009999999776482582,
        "loss": 0.0,
        "name": "Y",
        "prediction": "True"
      },
      "type": "categorical"
    },
    "type": "categorical"
  },
  "feature": 7,
  "model_objective": 0.07999999076128006,
  "name": "a5_1",
  "reference": "True",
  "relation": "==",
  "true": {
    "complexity": 0.009999999776482582,
    "loss": 0.0,
    "name": "Y",
    "prediction": "True"
  },
  "type": "categorical"
}
{
  "false": {
    "false": {
      "false": {
        "false": {
          "false": {
            "complexity": 0.009999999776482582,
            "loss": 0.0,
            "name": "Y",
            "prediction": "True"
          },
          "feature": 3,
          "name": "a2_2",
          "reference": "True",
          "relation": "==",
          "true": {
            "complexity": 0.009999999776482582,
            "loss": 0.0,
            "name": "Y",
            "prediction": "False"
          },
          "type": "categorical"
        },
        "feature": 0,
        "name": "a1_1",
        "reference": "True",
        "relation": "==",
        "true": {
          "complexity": 0.009999999776482582,
          "loss": 0.0,
          "name": "Y",
          "prediction": "False"
        },
        "type": "categorical"
      },
      "feature": 2,
      "name": "a2_1",
      "reference": "True",
      "relation": "==",
      "true": {
        "false": {
          "complexity": 0.009999999776482582,
          "loss": 0.0,
          "name": "Y",
          "prediction": "False"
        },
        "feature": 0,
        "name": "a1_1",
        "reference": "True",
        "relation": "==",
        "true": {
          "complexity": 0.009999999776482582,
          "loss": 0.0,
          "name": "Y",
          "prediction": "True"
        },
        "type": "categorical"
      },
      "type": "categorical"
    },
    "feature": 1,
    "name": "a1_2",
    "reference": "True",
    "relation": "==",
    "true": {
      "false": {
        "complexity": 0.009999999776482582,
        "loss": 0.0,
        "name": "Y",
        "prediction": "False"
      },
      "feature": 3,
      "name": "a2_2",
      "reference": "True",
      "relation": "==",
      "true": {
        "complexity": 0.009999999776482582,
        "loss": 0.0,
        "name": "Y",
        "prediction": "True"
      },
      "type": "categorical"
    },
    "type": "categorical"
  },
  "feature": 7,
  "model_objective": 0.07999999076128006,
  "name": "a5_1",
  "reference": "True",
  "relation": "==",
  "true": {
    "complexity": 0.009999999776482582,
    "loss": 0.0,
    "name": "Y",
    "prediction": "True"
  },
  "type": "categorical"
}
{
  "false": {
    "false": {
      "false": {
        "false": {
          "false": {
            "complexity": 0.009999999776482582,
            "loss": 0.0,
            "name": "Y",
            "prediction": "True"
          },
          "feature": 1,
          "name": "a1_2",
          "reference": "True",
          "relation": "==",
          "true": {
            "complexity": 0.009999999776482582,
            "loss": 0.0,
            "name": "Y",
            "prediction": "False"
          },
          "type": "categorical"
        },
        "feature": 3,
        "name": "a2_2",
        "reference": "True",
        "relation": "==",
        "true": {
          "false": {
            "complexity": 0.009999999776482582,
            "loss": 0.0,
            "name": "Y",
            "prediction": "False"
          },
          "feature": 1,
          "name": "a1_2",
          "reference": "True",
          "relation": "==",
          "true": {
            "complexity": 0.009999999776482582,
            "loss": 0.0,
            "name": "Y",
            "prediction": "True"
          },
          "type": "categorical"
        },
        "type": "categorical"
      },
      "feature": 2,
      "name": "a2_1",
      "reference": "True",
      "relation": "==",
      "true": {
        "complexity": 0.009999999776482582,
        "loss": 0.0,
        "name": "Y",
        "prediction": "False"
      },
      "type": "categorical"
    },
    "feature": 0,
    "name": "a1_1",
    "reference": "True",
    "relation": "==",
    "true": {
      "false": {
        "complexity": 0.009999999776482582,
        "loss": 0.0,
        "name": "Y",
        "prediction": "False"
      },
      "feature": 2,
      "name": "a2_1",
      "reference": "True",
      "relation": "==",
      "true": {
        "complexity": 0.009999999776482582,
        "loss": 0.0,
        "name": "Y",
        "prediction": "True"
      },
      "type": "categorical"
    },
    "type": "categorical"
  },
  "feature": 7,
  "model_objective": 0.07999999076128006,
  "name": "a5_1",
  "reference": "True",
  "relation": "==",
  "true": {
    "complexity": 0.009999999776482582,
    "loss": 0.0,
    "name": "Y",
    "prediction": "True"
  },
  "type": "categorical"
}
{
  "false": {
    "false": {
      "false": {
        "false": {
          "false": {
            "complexity": 0.009999999776482582,
            "loss": 0.0,
            "name": "Y",
            "prediction": "True"
          },
          "feature": 0,
          "name": "a1_1",
          "reference": "True",
          "relation": "==",
          "true": {
            "complexity": 0.009999999776482582,
            "loss": 0.0,
            "name": "Y",
            "prediction": "False"
          },
          "type": "categorical"
        },
        "feature": 2,
        "name": "a2_1",
        "reference": "True",
        "relation": "==",
        "true": {
          "false": {
            "complexity": 0.009999999776482582,
            "loss": 0.0,
            "name": "Y",
            "prediction": "False"
          },
          "feature": 0,
          "name": "a1_1",
          "reference": "True",
          "relation": "==",
          "true": {
            "complexity": 0.009999999776482582,
            "loss": 0.0,
            "name": "Y",
            "prediction": "True"
          },
          "type": "categorical"
        },
        "type": "categorical"
      },
      "feature": 1,
      "name": "a1_2",
      "reference": "True",
      "relation": "==",
      "true": {
        "complexity": 0.009999999776482582,
        "loss": 0.0,
        "name": "Y",
        "prediction": "False"
      },
      "type": "categorical"
    },
    "feature": 3,
    "name": "a2_2",
    "reference": "True",
    "relation": "==",
    "true": {
      "false": {
        "complexity": 0.009999999776482582,
        "loss": 0.0,
        "name": "Y",
        "prediction": "False"
      },
      "feature": 1,
      "name": "a1_2",
      "reference": "True",
      "relation": "==",
      "true": {
        "complexity": 0.009999999776482582,
        "loss": 0.0,
        "name": "Y",
        "prediction": "True"
      },
      "type": "categorical"
    },
    "type": "categorical"
  },
  "feature": 7,
  "model_objective": 0.07999999076128006,
  "name": "a5_1",
  "reference": "True",
  "relation": "==",
  "true": {
    "complexity": 0.009999999776482582,
    "loss": 0.0,
    "name": "Y",
    "prediction": "True"
  },
  "type": "categorical"
}
{
  "false": {
    "false": {
      "false": {
        "false": {
          "false": {
            "complexity": 0.009999999776482582,
            "loss": 0.0,
            "name": "Y",
            "prediction": "True"
          },
          "feature": 2,
          "name": "a2_1",
          "reference": "True",
          "relation": "==",
          "true": {
            "complexity": 0.009999999776482582,
            "loss": 0.0,
            "name": "Y",
            "prediction": "False"
          },
          "type": "categorical"
        },
        "feature": 0,
        "name": "a1_1",
        "reference": "True",
        "relation": "==",
        "true": {
          "false": {
            "complexity": 0.009999999776482582,
            "loss": 0.0,
            "name": "Y",
            "prediction": "False"
          },
          "feature": 2,
          "name": "a2_1",
          "reference": "True",
          "relation": "==",
          "true": {
            "complexity": 0.009999999776482582,
            "loss": 0.0,
            "name": "Y",
            "prediction": "True"
          },
          "type": "categorical"
        },
        "type": "categorical"
      },
      "feature": 1,
      "name": "a1_2",
      "reference": "True",
      "relation": "==",
      "true": {
        "complexity": 0.009999999776482582,
        "loss": 0.0,
        "name": "Y",
        "prediction": "False"
      },
      "type": "categorical"
    },
    "feature": 3,
    "name": "a2_2",
    "reference": "True",
    "relation": "==",
    "true": {
      "false": {
        "complexity": 0.009999999776482582,
        "loss": 0.0,
        "name": "Y",
        "prediction": "False"
      },
      "feature": 1,
      "name": "a1_2",
      "reference": "True",
      "relation": "==",
      "true": {
        "complexity": 0.009999999776482582,
        "loss": 0.0,
        "name": "Y",
        "prediction": "True"
      },
      "type": "categorical"
    },
    "type": "categorical"
  },
  "feature": 7,
  "model_objective": 0.07999999076128006,
  "name": "a5_1",
  "reference": "True",
  "relation": "==",
  "true": {
    "complexity": 0.009999999776482582,
    "loss": 0.0,
    "name": "Y",
    "prediction": "True"
  },
  "type": "categorical"
}
{
  "false": {
    "false": {
      "false": {
        "false": {
          "false": {
            "complexity": 0.009999999776482582,
            "loss": 0.0,
            "name": "Y",
            "prediction": "True"
          },
          "feature": 2,
          "name": "a2_1",
          "reference": "True",
          "relation": "==",
          "true": {
            "complexity": 0.009999999776482582,
            "loss": 0.0,
            "name": "Y",
            "prediction": "False"
          },
          "type": "categorical"
        },
        "feature": 3,
        "name": "a2_2",
        "reference": "True",
        "relation": "==",
        "true": {
          "complexity": 0.009999999776482582,
          "loss": 0.0,
          "name": "Y",
          "prediction": "False"
        },
        "type": "categorical"
      },
      "feature": 0,
      "name": "a1_1",
      "reference": "True",
      "relation": "==",
      "true": {
        "false": {
          "complexity": 0.009999999776482582,
          "loss": 0.0,
          "name": "Y",
          "prediction": "False"
        },
        "feature": 2,
        "name": "a2_1",
        "reference": "True",
        "relation": "==",
        "true": {
          "complexity": 0.009999999776482582,
          "loss": 0.0,
          "name": "Y",
          "prediction": "True"
        },
        "type": "categorical"
      },
      "type": "categorical"
    },
    "feature": 1,
    "name": "a1_2",
    "reference": "True",
    "relation": "==",
    "true": {
      "false": {
        "complexity": 0.009999999776482582,
        "loss": 0.0,
        "name": "Y",
        "prediction": "False"
      },
      "feature": 3,
      "name": "a2_2",
      "reference": "True",
      "relation": "==",
      "true": {
        "complexity": 0.009999999776482582,
        "loss": 0.0,
        "name": "Y",
        "prediction": "True"
      },
      "type": "categorical"
    },
    "type": "categorical"
  },
  "feature": 7,
  "model_objective": 0.07999999076128006,
  "name": "a5_1",
  "reference": "True",
  "relation": "==",
  "true": {
    "complexity": 0.009999999776482582,
    "loss": 0.0,
    "name": "Y",
    "prediction": "True"
  },
  "type": "categorical"
}
{
  "false": {
    "false": {
      "false": {
        "false": {
          "false": {
            "complexity": 0.009999999776482582,
            "loss": 0.0,
            "name": "Y",
            "prediction": "True"
          },
          "feature": 2,
          "name": "a2_1",
          "reference": "True",
          "relation": "==",
          "true": {
            "complexity": 0.009999999776482582,
            "loss": 0.0,
            "name": "Y",
            "prediction": "False"
          },
          "type": "categorical"
        },
        "feature": 1,
        "name": "a1_2",
        "reference": "True",
        "relation": "==",
        "true": {
          "complexity": 0.009999999776482582,
          "loss": 0.0,
          "name": "Y",
          "prediction": "False"
        },
        "type": "categorical"
      },
      "feature": 0,
      "name": "a1_1",
      "reference": "True",
      "relation": "==",
      "true": {
        "false": {
          "complexity": 0.009999999776482582,
          "loss": 0.0,
          "name": "Y",
          "prediction": "False"
        },
        "feature": 2,
        "name": "a2_1",
        "reference": "True",
        "relation": "==",
        "true": {
          "complexity": 0.009999999776482582,
          "loss": 0.0,
          "name": "Y",
          "prediction": "True"
        },
        "type": "categorical"
      },
      "type": "categorical"
    },
    "feature": 3,
    "name": "a2_2",
    "reference": "True",
    "relation": "==",
    "true": {
      "false": {
        "complexity": 0.009999999776482582,
        "loss": 0.0,
        "name": "Y",
        "prediction": "False"
      },
      "feature": 1,
      "name": "a1_2",
      "reference": "True",
      "relation": "==",
      "true": {
        "complexity": 0.009999999776482582,
        "loss": 0.0,
        "name": "Y",
        "prediction": "True"
      },
      "type": "categorical"
    },
    "type": "categorical"
  },
  "feature": 7,
  "model_objective": 0.07999999076128006,
  "name": "a5_1",
  "reference": "True",
  "relation": "==",
  "true": {
    "complexity": 0.009999999776482582,
    "loss": 0.0,
    "name": "Y",
    "prediction": "True"
  },
  "type": "categorical"
}
{
  "false": {
    "false": {
      "false": {
        "false": {
          "false": {
            "complexity": 0.009999999776482582,
            "loss": 0.0,
            "name": "Y",
            "prediction": "True"
          },
          "feature": 3,
          "name": "a2_2",
          "reference": "True",
          "relation": "==",
          "true": {
            "complexity": 0.009999999776482582,
            "loss": 0.0,
            "name": "Y",
            "prediction": "False"
          },
          "type": "categorical"
        },
        "feature": 1,
        "name": "a1_2",
        "reference": "True",
        "relation": "==",
        "true": {
          "false": {
            "complexity": 0.009999999776482582,
            "loss": 0.0,
            "name": "Y",
            "prediction": "False"
          },
          "feature": 3,
          "name": "a2_2",
          "reference": "True",
          "relation": "==",
          "true": {
            "complexity": 0.009999999776482582,
            "loss": 0.0,
            "name": "Y",
            "prediction": "True"
          },
          "type": "categorical"
        },
        "type": "categorical"
      },
      "feature": 0,
      "name": "a1_1",
      "reference": "True",
      "relation": "==",
      "true": {
        "complexity": 0.009999999776482582,
        "loss": 0.0,
        "name": "Y",
        "prediction": "False"
      },
      "type": "categorical"
    },
    "feature": 2,
    "name": "a2_1",
    "reference": "True",
    "relation": "==",
    "true": {
      "false": {
        "complexity": 0.009999999776482582,
        "loss": 0.0,
        "name": "Y",
        "prediction": "False"
      },
      "feature": 0,
      "name": "a1_1",
      "reference": "True",
      "relation": "==",
      "true": {
        "complexity": 0.009999999776482582,
        "loss": 0.0,
        "name": "Y",
        "prediction": "True"
      },
      "type": "categorical"
    },
    "type": "categorical"
  },
  "feature": 7,
  "model_objective": 0.07999999076128006,
  "name": "a5_1",
  "reference": "True",
  "relation": "==",
  "true": {
    "complexity": 0.009999999776482582,
    "loss": 0.0,
    "name": "Y",
    "prediction": "True"
  },
  "type": "categorical"
}
{
  "false": {
    "false": {
      "false": {
        "false": {
          "false": {
            "complexity": 0.009999999776482582,
            "loss": 0.0,
            "name": "Y",
            "prediction": "True"
          },
          "feature": 2,
          "name": "a2_1",
          "reference": "True",
          "relation": "==",
          "true": {
            "complexity": 0.009999999776482582,
            "loss": 0.0,
            "name": "Y",
            "prediction": "False"
          },
          "type": "categorical"
        },
        "feature": 1,
        "name": "a1_2",
        "reference": "True",
        "relation": "==",
        "true": {
          "complexity": 0.009999999776482582,
          "loss": 0.0,
          "name": "Y",
          "prediction": "False"
        },
        "type": "categorical"
      },
      "feature": 3,
      "name": "a2_2",
      "reference": "True",
      "relation": "==",
      "true": {
        "false": {
          "complexity": 0.009999999776482582,
          "loss": 0.0,
          "name": "Y",
          "prediction": "False"
        },
        "feature": 1,
        "name": "a1_2",
        "reference": "True",
        "relation": "==",
        "true": {
          "complexity": 0.009999999776482582,
          "loss": 0.0,
          "name": "Y",
          "prediction": "True"
        },
        "type": "categorical"
      },
      "type": "categorical"
    },
    "feature": 0,
    "name": "a1_1",
    "reference": "True",
    "relation": "==",
    "true": {
      "false": {
        "complexity": 0.009999999776482582,
        "loss": 0.0,
        "name": "Y",
        "prediction": "False"
      },
      "feature": 2,
      "name": "a2_1",
      "reference": "True",
      "relation": "==",
      "true": {
        "complexity": 0.009999999776482582,
        "loss": 0.0,
        "name": "Y",
        "prediction": "True"
      },
      "type": "categorical"
    },
    "type": "categorical"
  },
  "feature": 7,
  "model_objective": 0.07999999076128006,
  "name": "a5_1",
  "reference": "True",
  "relation": "==",
  "true": {
    "complexity": 0.009999999776482582,
    "loss": 0.0,
    "name": "Y",
    "prediction": "True"
  },
  "type": "categorical"
}
{
  "false": {
    "false": {
      "false": {
        "false": {
          "false": {
            "complexity": 0.009999999776482582,
            "loss": 0.0,
            "name": "Y",
            "prediction": "True"
          },
          "feature": 1,
          "name": "a1_2",
          "reference": "True",
          "relation": "==",
          "true": {
            "complexity": 0.009999999776482582,
            "loss": 0.0,
            "name": "Y",
            "prediction": "False"
          },
          "type": "categorical"
        },
        "feature": 0,
        "name": "a1_1",
        "reference": "True",
        "relation": "==",
        "true": {
          "complexity": 0.009999999776482582,
          "loss": 0.0,
          "name": "Y",
          "prediction": "False"
        },
        "type": "categorical"
      },
      "feature": 3,
      "name": "a2_2",
      "reference": "True",
      "relation": "==",
      "true": {
        "false": {
          "complexity": 0.009999999776482582,
          "loss": 0.0,
          "name": "Y",
          "prediction": "False"
        },
        "feature": 1,
        "name": "a1_2",
        "reference": "True",
        "relation": "==",
        "true": {
          "complexity": 0.009999999776482582,
          "loss": 0.0,
          "name": "Y",
          "prediction": "True"
        },
        "type": "categorical"
      },
      "type": "categorical"
    },
    "feature": 2,
    "name": "a2_1",
    "reference": "True",
    "relation": "==",
    "true": {
      "false": {
        "complexity": 0.009999999776482582,
        "loss": 0.0,
        "name": "Y",
        "prediction": "False"
      },
      "feature": 0,
      "name": "a1_1",
      "reference": "True",
      "relation": "==",
      "true": {
        "complexity": 0.009999999776482582,
        "loss": 0.0,
        "name": "Y",
        "prediction": "True"
      },
      "type": "categorical"
    },
    "type": "categorical"
  },
  "feature": 7,
  "model_objective": 0.07999999076128006,
  "name": "a5_1",
  "reference": "True",
  "relation": "==",
  "true": {
    "complexity": 0.009999999776482582,
    "loss": 0.0,
    "name": "Y",
    "prediction": "True"
  },
  "type": "categorical"
}
{
  "false": {
    "false": {
      "false": {
        "false": {
          "false": {
            "complexity": 0.009999999776482582,
            "loss": 0.0,
            "name": "Y",
            "prediction": "True"
          },
          "feature": 1,
          "name": "a1_2",
          "reference": "True",
          "relation": "==",
          "true": {
            "complexity": 0.009999999776482582,
            "loss": 0.0,
            "name": "Y",
            "prediction": "False"
          },
          "type": "categorical"
        },
        "feature": 2,
        "name": "a2_1",
        "reference": "True",
        "relation": "==",
        "true": {
          "complexity": 0.009999999776482582,
          "loss": 0.0,
          "name": "Y",
          "prediction": "False"
        },
        "type": "categorical"
      },
      "feature": 3,
      "name": "a2_2",
      "reference": "True",
      "relation": "==",
      "true": {
        "false": {
          "complexity": 0.009999999776482582,
          "loss": 0.0,
          "name": "Y",
          "prediction": "False"
        },
        "feature": 1,
        "name": "a1_2",
        "reference": "True",
        "relation": "==",
        "true": {
          "complexity": 0.009999999776482582,
          "loss": 0.0,
          "name": "Y",
          "prediction": "True"
        },
        "type": "categorical"
      },
      "type": "categorical"
    },
    "feature": 0,
    "name": "a1_1",
    "reference": "True",
    "relation": "==",
    "true": {
      "false": {
        "complexity": 0.009999999776482582,
        "loss": 0.0,
        "name": "Y",
        "prediction": "False"
      },
      "feature": 2,
      "name": "a2_1",
      "reference": "True",
      "relation": "==",
      "true": {
        "complexity": 0.009999999776482582,
        "loss": 0.0,
        "name": "Y",
        "prediction": "True"
      },
      "type": "categorical"
    },
    "type": "categorical"
  },
  "feature": 7,
  "model_objective": 0.07999999076128006,
  "name": "a5_1",
  "reference": "True",
  "relation": "==",
  "true": {
    "complexity": 0.009999999776482582,
    "loss": 0.0,
    "name": "Y",
    "prediction": "True"
  },
  "type": "categorical"
}
{
  "false": {
    "false": {
      "false": {
        "false": {
          "false": {
            "complexity": 0.009999999776482582,
            "loss": 0.0,
            "name": "Y",
            "prediction": "True"
          },
          "feature": 3,
          "name": "a2_2",
          "reference": "True",
          "relation": "==",
          "true": {
            "complexity": 0.009999999776482582,
            "loss": 0.0,
            "name": "Y",
            "prediction": "False"
          },
          "type": "categorical"
        },
        "feature": 1,
        "name": "a1_2",
        "reference": "True",
        "relation": "==",
        "true": {
          "false": {
            "complexity": 0.009999999776482582,
            "loss": 0.0,
            "name": "Y",
            "prediction": "False"
          },
          "feature": 3,
          "name": "a2_2",
          "reference": "True",
          "relation": "==",
          "true": {
            "complexity": 0.009999999776482582,
            "loss": 0.0,
            "name": "Y",
            "prediction": "True"
          },
          "type": "categorical"
        },
        "type": "categorical"
      },
      "feature": 2,
      "name": "a2_1",
      "reference": "True",
      "relation": "==",
      "true": {
        "complexity": 0.009999999776482582,
        "loss": 0.0,
        "name": "Y",
        "prediction": "False"
      },
      "type": "categorical"
    },
    "feature": 0,
    "name": "a1_1",
    "reference": "True",
    "relation": "==",
    "true": {
      "false": {
        "complexity": 0.009999999776482582,
        "loss": 0.0,
        "name": "Y",
        "prediction": "False"
      },
      "feature": 2,
      "name": "a2_1",
      "reference": "True",
      "relation": "==",
      "true": {
        "complexity": 0.009999999776482582,
        "loss": 0.0,
        "name": "Y",
        "prediction": "True"
      },
      "type": "categorical"
    },
    "type": "categorical"
  },
  "feature": 7,
  "model_objective": 0.07999999076128006,
  "name": "a5_1",
  "reference": "True",
  "relation": "==",
  "true": {
    "complexity": 0.009999999776482582,
    "loss": 0.0,
    "name": "Y",
    "prediction": "True"
  },
  "type": "categorical"
}
{
  "false": {
    "false": {
      "false": {
        "false": {
          "false": {
            "complexity": 0.009999999776482582,
            "loss": 0.0,
            "name": "Y",
            "prediction": "True"
          },
          "feature": 0,
          "name": "a1_1",
          "reference": "True",
          "relation": "==",
          "true": {
            "complexity": 0.009999999776482582,
            "loss": 0.0,
            "name": "Y",
            "prediction": "False"
          },
          "type": "categorical"
        },
        "feature": 2,
        "name": "a2_1",
        "reference": "True",
        "relation": "==",
        "true": {
          "false": {
            "complexity": 0.009999999776482582,
            "loss": 0.0,
            "name": "Y",
            "prediction": "False"
          },
          "feature": 0,
          "name": "a1_1",
          "reference": "True",
          "relation": "==",
          "true": {
            "complexity": 0.009999999776482582,
            "loss": 0.0,
            "name": "Y",
            "prediction": "True"
          },
          "type": "categorical"
        },
        "type": "categorical"
      },
      "feature": 3,
      "name": "a2_2",
      "reference": "True",
      "relation": "==",
      "true": {
        "complexity": 0.009999999776482582,
        "loss": 0.0,
        "name": "Y",
        "prediction": "False"
      },
      "type": "categorical"
    },
    "feature": 1,
    "name": "a1_2",
    "reference": "True",
    "relation": "==",
    "true": {
      "false": {
        "complexity": 0.009999999776482582,
        "loss": 0.0,
        "name": "Y",
        "prediction": "False"
      },
      "feature": 3,
      "name": "a2_2",
      "reference": "True",
      "relation": "==",
      "true": {
        "complexity": 0.009999999776482582,
        "loss": 0.0,
        "name": "Y",
        "prediction": "True"
      },
      "type": "categorical"
    },
    "type": "categorical"
  },
  "feature": 7,
  "model_objective": 0.07999999076128006,
  "name": "a5_1",
  "reference": "True",
  "relation": "==",
  "true": {
    "complexity": 0.009999999776482582,
    "loss": 0.0,
    "name": "Y",
    "prediction": "True"
  },
  "type": "categorical"
}
{
  "false": {
    "false": {
      "false": {
        "false": {
          "false": {
            "complexity": 0.009999999776482582,
            "loss": 0.0,
            "name": "Y",
            "prediction": "True"
          },
          "feature": 0,
          "name": "a1_1",
          "reference": "True",
          "relation": "==",
          "true": {
            "complexity": 0.009999999776482582,
            "loss": 0.0,
            "name": "Y",
            "prediction": "False"
          },
          "type": "categorical"
        },
        "feature": 3,
        "name": "a2_2",
        "reference": "True",
        "relation": "==",
        "true": {
          "complexity": 0.009999999776482582,
          "loss": 0.0,
          "name": "Y",
          "prediction": "False"
        },
        "type": "categorical"
      },
      "feature": 1,
      "name": "a1_2",
      "reference": "True",
      "relation": "==",
      "true": {
        "false": {
          "complexity": 0.009999999776482582,
          "loss": 0.0,
          "name": "Y",
          "prediction": "False"
        },
        "feature": 3,
        "name": "a2_2",
        "reference": "True",
        "relation": "==",
        "true": {
          "complexity": 0.009999999776482582,
          "loss": 0.0,
          "name": "Y",
          "prediction": "True"
        },
        "type": "categorical"
      },
      "type": "categorical"
    },
    "feature": 2,
    "name": "a2_1",
    "reference": "True",
    "relation": "==",
    "true": {
      "false": {
        "complexity": 0.009999999776482582,
        "loss": 0.0,
        "name": "Y",
        "prediction": "False"
      },
      "feature": 0,
      "name": "a1_1",
      "reference": "True",
      "relation": "==",
      "true": {
        "complexity": 0.009999999776482582,
        "loss": 0.0,
        "name": "Y",
        "prediction": "True"
      },
      "type": "categorical"
    },
    "type": "categorical"
  },
  "feature": 7,
  "model_objective": 0.07999999076128006,
  "name": "a5_1",
  "reference": "True",
  "relation": "==",
  "true": {
    "complexity": 0.009999999776482582,
    "loss": 0.0,
    "name": "Y",
    "prediction": "True"
  },
  "type": "categorical"
}
{
  "false": {
    "false": {
      "false": {
        "false": {
          "false": {
            "complexity": 0.009999999776482582,
            "loss": 0.0,
            "name": "Y",
            "prediction": "True"
          },
          "feature": 1,
          "name": "a1_2",
          "reference": "True",
          "relation": "==",
          "true": {
            "complexity": 0.009999999776482582,
            "loss": 0.0,
            "name": "Y",
            "prediction": "False"
          },
          "type": "categorical"
        },
        "feature": 2,
        "name": "a2_1",
        "reference": "True",
        "relation": "==",
        "true": {
          "complexity": 0.009999999776482582,
          "loss": 0.0,
          "name": "Y",
          "prediction": "False"
        },
        "type": "categorical"
      },
      "feature": 0,
      "name": "a1_1",
      "reference": "True",
      "relation": "==",
      "true": {
        "false": {
          "complexity": 0.009999999776482582,
          "loss": 0.0,
          "name": "Y",
          "prediction": "False"
        },
        "feature": 2,
        "name": "a2_1",
        "reference": "True",
        "relation": "==",
        "true": {
          "complexity": 0.009999999776482582,
          "loss": 0.0,
          "name": "Y",
          "prediction": "True"
        },
        "type": "categorical"
      },
      "type": "categorical"
    },
    "feature": 3,
    "name": "a2_2",
    "reference": "True",
    "relation": "==",
    "true": {
      "false": {
        "complexity": 0.009999999776482582,
        "loss": 0.0,
        "name": "Y",
        "prediction": "False"
      },
      "feature": 1,
      "name": "a1_2",
      "reference": "True",
      "relation": "==",
      "true": {
        "complexity": 0.009999999776482582,
        "loss": 0.0,
        "name": "Y",
        "prediction": "True"
      },
      "type": "categorical"
    },
    "type": "categorical"
  },
  "feature": 7,
  "model_objective": 0.07999999076128006,
  "name": "a5_1",
  "reference": "True",
  "relation": "==",
  "true": {
    "complexity": 0.009999999776482582,
    "loss": 0.0,
    "name": "Y",
    "prediction": "True"
  },
  "type": "categorical"
}
{
  "false": {
    "false": {
      "false": {
        "false": {
          "false": {
            "complexity": 0.009999999776482582,
            "loss": 0.0,
            "name": "Y",
            "prediction": "True"
          },
          "feature": 1,
          "name": "a1_2",
          "reference": "True",
          "relation": "==",
          "true": {
            "complexity": 0.009999999776482582,
            "loss": 0.0,
            "name": "Y",
            "prediction": "False"
          },
          "type": "categorical"
        },
        "feature": 3,
        "name": "a2_2",
        "reference": "True",
        "relation": "==",
        "true": {
          "false": {
            "complexity": 0.009999999776482582,
            "loss": 0.0,
            "name": "Y",
            "prediction": "False"
          },
          "feature": 1,
          "name": "a1_2",
          "reference": "True",
          "relation": "==",
          "true": {
            "complexity": 0.009999999776482582,
            "loss": 0.0,
            "name": "Y",
            "prediction": "True"
          },
          "type": "categorical"
        },
        "type": "categorical"
      },
      "feature": 0,
      "name": "a1_1",
      "reference": "True",
      "relation": "==",
      "true": {
        "complexity": 0.009999999776482582,
        "loss": 0.0,
        "name": "Y",
        "prediction": "False"
      },
      "type": "categorical"
    },
    "feature": 2,
    "name": "a2_1",
    "reference": "True",
    "relation": "==",
    "true": {
      "false": {
        "complexity": 0.009999999776482582,
        "loss": 0.0,
        "name": "Y",
        "prediction": "False"
      },
      "feature": 0,
      "name": "a1_1",
      "reference": "True",
      "relation": "==",
      "true": {
        "complexity": 0.009999999776482582,
        "loss": 0.0,
        "name": "Y",
        "prediction": "True"
      },
      "type": "categorical"
    },
    "type": "categorical"
  },
  "feature": 7,
  "model_objective": 0.07999999076128006,
  "name": "a5_1",
  "reference": "True",
  "relation": "==",
  "true": {
    "complexity": 0.009999999776482582,
    "loss": 0.0,
    "name": "Y",
    "prediction": "True"
  },
  "type": "categorical"
}
{
  "false": {
    "false": {
      "false": {
        "false": {
          "false": {
            "complexity": 0.009999999776482582,
            "loss": 0.0,
            "name": "Y",
            "prediction": "True"
          },
          "feature": 3,
          "name": "a2_2",
          "reference": "True",
          "relation": "==",
          "true": {
            "complexity": 0.009999999776482582,
            "loss": 0.0,
            "name": "Y",
            "prediction": "False"
          },
          "type": "categorical"
        },
        "feature": 2,
        "name": "a2_1",
        "reference": "True",
        "relation": "==",
        "true": {
          "complexity": 0.009999999776482582,
          "loss": 0.0,
          "name": "Y",
          "prediction": "False"
        },
        "type": "categorical"
      },
      "feature": 0,
      "name": "a1_1",
      "reference": "True",
      "relation": "==",
      "true": {
        "false": {
          "complexity": 0.009999999776482582,
          "loss": 0.0,
          "name": "Y",
          "prediction": "False"
        },
        "feature": 2,
        "name": "a2_1",
        "reference": "True",
        "relation": "==",
        "true": {
          "complexity": 0.009999999776482582,
          "loss": 0.0,
          "name": "Y",
          "prediction": "True"
        },
        "type": "categorical"
      },
      "type": "categorical"
    },
    "feature": 1,
    "name": "a1_2",
    "reference": "True",
    "relation": "==",
    "true": {
      "false": {
        "complexity": 0.009999999776482582,
        "loss": 0.0,
        "name": "Y",
        "prediction": "False"
      },
      "feature": 3,
      "name": "a2_2",
      "reference": "True",
      "relation": "==",
      "true": {
        "complexity": 0.009999999776482582,
        "loss": 0.0,
        "name": "Y",
        "prediction": "True"
      },
      "type": "categorical"
    },
    "type": "categorical"
  },
  "feature": 7,
  "model_objective": 0.07999999076128006,
  "name": "a5_1",
  "reference": "True",
  "relation": "==",
  "true": {
    "complexity": 0.009999999776482582,
    "loss": 0.0,
    "name": "Y",
    "prediction": "True"
  },
  "type": "categorical"
}
{
  "false": {
    "false": {
      "false": {
        "false": {
          "false": {
            "complexity": 0.009999999776482582,
            "loss": 0.0,
            "name": "Y",
            "prediction": "True"
          },
          "feature": 0,
          "name": "a1_1",
          "reference": "True",
          "relation": "==",
          "true": {
            "complexity": 0.009999999776482582,
            "loss": 0.0,
            "name": "Y",
            "prediction": "False"
          },
          "type": "categorical"
        },
        "feature": 1,
        "name": "a1_2",
        "reference": "True",
        "relation": "==",
        "true": {
          "complexity": 0.009999999776482582,
          "loss": 0.0,
          "name": "Y",
          "prediction": "False"
        },
        "type": "categorical"
      },
      "feature": 2,
      "name": "a2_1",
      "reference": "True",
      "relation": "==",
      "true": {
        "false": {
          "complexity": 0.009999999776482582,
          "loss": 0.0,
          "name": "Y",
          "prediction": "False"
        },
        "feature": 0,
        "name": "a1_1",
        "reference": "True",
        "relation": "==",
        "true": {
          "complexity": 0.009999999776482582,
          "loss": 0.0,
          "name": "Y",
          "prediction": "True"
        },
        "type": "categorical"
      },
      "type": "categorical"
    },
    "feature": 3,
    "name": "a2_2",
    "reference": "True",
    "relation": "==",
    "true": {
      "false": {
        "complexity": 0.009999999776482582,
        "loss": 0.0,
        "name": "Y",
        "prediction": "False"
      },
      "feature": 1,
      "name": "a1_2",
      "reference": "True",
      "relation": "==",
      "true": {
        "complexity": 0.009999999776482582,
        "loss": 0.0,
        "name": "Y",
        "prediction": "True"
      },
      "type": "categorical"
    },
    "type": "categorical"
  },
  "feature": 7,
  "model_objective": 0.07999999076128006,
  "name": "a5_1",
  "reference": "True",
  "relation": "==",
  "true": {
    "complexity": 0.009999999776482582,
    "loss": 0.0,
    "name": "Y",
    "prediction": "True"
  },
  "type": "categorical"
}
treefarms reported successful execution
training completed. Number of trees in the Rashomon set: 571287
