null
Finding Optimal Objective...
{
  "false": {
    "false": {
      "false": {
        "complexity": 0.009999999776482582,
        "loss": 0.2092050164937973,
        "name": "Y",
        "prediction": 0
      },
      "feature": 8,
      "name": "Bar0",
      "reference": 1,
      "relation": "==",
      "true": {
        "complexity": 0.009999999776482582,
        "loss": 0.06555090844631195,
        "name": "Y",
        "prediction": 1
      },
      "type": "integral"
    },
    "feature": 9,
    "name": "Bar1",
    "reference": 1,
    "relation": "==",
    "true": {
      "complexity": 0.009999999776482582,
      "loss": 0.01882845163345337,
      "name": "Y",
      "prediction": 1
    },
    "type": "integral"
  },
  "feature": 10,
  "model_objective": 0.3398605287075043,
  "name": "Bar2",
  "reference": 1,
  "relation": "==",
  "true": {
    "complexity": 0.009999999776482582,
    "loss": 0.0062761506997048855,
    "name": "Y",
    "prediction": 1
  },
  "type": "integral"
}
{
  "false": {
    "false": {
      "false": {
        "complexity": 0.009999999776482582,
        "loss": 0.2092050164937973,
        "name": "Y",
        "prediction": 0
      },
      "feature": 10,
      "name": "Bar2",
      "reference": 1,
      "relation": "==",
      "true": {
        "complexity": 0.009999999776482582,
        "loss": 0.0062761506997048855,
        "name": "Y",
        "prediction": 1
      },
      "type": "integral"
    },
    "feature": 8,
    "name": "Bar0",
    "reference": 1,
    "relation": "==",
    "true": {
      "complexity": 0.009999999776482582,
      "loss": 0.06555090844631195,
      "name": "Y",
      "prediction": 1
    },
    "type": "integral"
  },
  "feature": 9,
  "model_objective": 0.3398605287075043,
  "name": "Bar1",
  "reference": 1,
  "relation": "==",
  "true": {
    "complexity": 0.009999999776482582,
    "loss": 0.01882845163345337,
    "name": "Y",
    "prediction": 1
  },
  "type": "integral"
}
{
  "false": {
    "false": {
      "false": {
        "complexity": 0.009999999776482582,
        "loss": 0.2092050164937973,
        "name": "Y",
        "prediction": 0
      },
      "feature": 9,
      "name": "Bar1",
      "reference": 1,
      "relation": "==",
      "true": {
        "complexity": 0.009999999776482582,
        "loss": 0.01882845163345337,
        "name": "Y",
        "prediction": 1
      },
      "type": "integral"
    },
    "feature": 8,
    "name": "Bar0",
    "reference": 1,
    "relation": "==",
    "true": {
      "complexity": 0.009999999776482582,
      "loss": 0.06555090844631195,
      "name": "Y",
      "prediction": 1
    },
    "type": "integral"
  },
  "feature": 10,
  "model_objective": 0.3398605287075043,
  "name": "Bar2",
  "reference": 1,
  "relation": "==",
  "true": {
    "complexity": 0.009999999776482582,
    "loss": 0.0062761506997048855,
    "name": "Y",
    "prediction": 1
  },
  "type": "integral"
}
{
  "false": {
    "false": {
      "false": {
        "complexity": 0.009999999776482582,
        "loss": 0.2092050164937973,
        "name": "Y",
        "prediction": 0
      },
      "feature": 8,
      "name": "Bar0",
      "reference": 1,
      "relation": "==",
      "true": {
        "complexity": 0.009999999776482582,
        "loss": 0.06555090844631195,
        "name": "Y",
        "prediction": 1
      },
      "type": "integral"
    },
    "feature": 10,
    "name": "Bar2",
    "reference": 1,
    "relation": "==",
    "true": {
      "complexity": 0.009999999776482582,
      "loss": 0.0062761506997048855,
      "name": "Y",
      "prediction": 1
    },
    "type": "integral"
  },
  "feature": 9,
  "model_objective": 0.3398605287075043,
  "name": "Bar1",
  "reference": 1,
  "relation": "==",
  "true": {
    "complexity": 0.009999999776482582,
    "loss": 0.01882845163345337,
    "name": "Y",
    "prediction": 1
  },
  "type": "integral"
}
{
  "false": {
    "false": {
      "false": {
        "complexity": 0.009999999776482582,
        "loss": 0.2092050164937973,
        "name": "Y",
        "prediction": 0
      },
      "feature": 10,
      "name": "Bar2",
      "reference": 1,
      "relation": "==",
      "true": {
        "complexity": 0.009999999776482582,
        "loss": 0.0062761506997048855,
        "name": "Y",
        "prediction": 1
      },
      "type": "integral"
    },
    "feature": 9,
    "name": "Bar1",
    "reference": 1,
    "relation": "==",
    "true": {
      "complexity": 0.009999999776482582,
      "loss": 0.01882845163345337,
      "name": "Y",
      "prediction": 1
    },
    "type": "integral"
  },
  "feature": 8,
  "model_objective": 0.3398605287075043,
  "name": "Bar0",
  "reference": 1,
  "relation": "==",
  "true": {
    "complexity": 0.009999999776482582,
    "loss": 0.06555090844631195,
    "name": "Y",
    "prediction": 1
  },
  "type": "integral"
}
{
  "false": {
    "false": {
      "false": {
        "complexity": 0.009999999776482582,
        "loss": 0.2092050164937973,
        "name": "Y",
        "prediction": 0
      },
      "feature": 9,
      "name": "Bar1",
      "reference": 1,
      "relation": "==",
      "true": {
        "complexity": 0.009999999776482582,
        "loss": 0.01882845163345337,
        "name": "Y",
        "prediction": 1
      },
      "type": "integral"
    },
    "feature": 10,
    "name": "Bar2",
    "reference": 1,
    "relation": "==",
    "true": {
      "complexity": 0.009999999776482582,
      "loss": 0.0062761506997048855,
      "name": "Y",
      "prediction": 1
    },
    "type": "integral"
  },
  "feature": 8,
  "model_objective": 0.3398605287075043,
  "name": "Bar0",
  "reference": 1,
  "relation": "==",
  "true": {
    "complexity": 0.009999999776482582,
    "loss": 0.06555090844631195,
    "name": "Y",
    "prediction": 1
  },
  "type": "integral"
}
