null
Finding Optimal Objective...
{
  "false": {
    "false": {
      "false": {
        "complexity": 0.009999999776482582,
        "loss": 0.21199442446231842,
        "name": "Y",
        "prediction": 0
      },
      "feature": 9,
      "name": "Bar1",
      "reference": 1,
      "relation": "==",
      "true": {
        "complexity": 0.009999999776482582,
        "loss": 0.016039051115512848,
        "name": "Y",
        "prediction": 1
      },
      "type": "integral"
    },
    "feature": 8,
    "name": "Bar0",
    "reference": 1,
    "relation": "==",
    "true": {
      "complexity": 0.009999999776482582,
      "loss": 0.05648535490036011,
      "name": "Y",
      "prediction": 1
    },
    "type": "integral"
  },
  "feature": 0,
  "model_objective": 0.3461366891860962,
  "name": "passanger2",
  "reference": 1,
  "relation": "==",
  "true": {
    "complexity": 0.009999999776482582,
    "loss": 0.02161785215139389,
    "name": "Y",
    "prediction": 0
  },
  "type": "integral"
}
{
  "false": {
    "false": {
      "false": {
        "complexity": 0.009999999776482582,
        "loss": 0.21199442446231842,
        "name": "Y",
        "prediction": 0
      },
      "feature": 8,
      "name": "Bar0",
      "reference": 1,
      "relation": "==",
      "true": {
        "complexity": 0.009999999776482582,
        "loss": 0.05648535490036011,
        "name": "Y",
        "prediction": 1
      },
      "type": "integral"
    },
    "feature": 9,
    "name": "Bar1",
    "reference": 1,
    "relation": "==",
    "true": {
      "complexity": 0.009999999776482582,
      "loss": 0.016039051115512848,
      "name": "Y",
      "prediction": 1
    },
    "type": "integral"
  },
  "feature": 0,
  "model_objective": 0.3461366593837738,
  "name": "passanger2",
  "reference": 1,
  "relation": "==",
  "true": {
    "complexity": 0.009999999776482582,
    "loss": 0.02161785215139389,
    "name": "Y",
    "prediction": 0
  },
  "type": "integral"
}
