null
Finding Optimal Objective...
{
  "false": {
    "false": {
      "complexity": 0.009999999776482582,
      "loss": 0.22942817211151123,
      "name": "Y",
      "prediction": 0
    },
    "feature": 8,
    "name": "Bar0",
    "reference": 1,
    "relation": "==",
    "true": {
      "complexity": 0.009999999776482582,
      "loss": 0.06764295697212219,
      "name": "Y",
      "prediction": 1
    },
    "type": "integral"
  },
  "feature": 9,
  "model_objective": 0.3417154848575592,
  "name": "Bar1",
  "reference": 1,
  "relation": "==",
  "true": {
    "complexity": 0.009999999776482582,
    "loss": 0.014644351787865162,
    "name": "Y",
    "prediction": 1
  },
  "type": "integral"
}
{
  "false": {
    "false": {
      "complexity": 0.009999999776482582,
      "loss": 0.22942817211151123,
      "name": "Y",
      "prediction": 0
    },
    "feature": 9,
    "name": "Bar1",
    "reference": 1,
    "relation": "==",
    "true": {
      "complexity": 0.009999999776482582,
      "loss": 0.014644351787865162,
      "name": "Y",
      "prediction": 1
    },
    "type": "integral"
  },
  "feature": 8,
  "model_objective": 0.3417154848575592,
  "name": "Bar0",
  "reference": 1,
  "relation": "==",
  "true": {
    "complexity": 0.009999999776482582,
    "loss": 0.06764295697212219,
    "name": "Y",
    "prediction": 1
  },
  "type": "integral"
}
treefarms reported successful execution
training completed. Number of trees in the Rashomon set: 5796533
