null
Finding Optimal Objective...
{
  "false": {
    "false": {
      "false": {
        "complexity": 0.009999999776482582,
        "loss": 0.2126917690038681,
        "name": "Y",
        "prediction": 0
      },
      "feature": 9,
      "name": "Bar1",
      "reference": 1,
      "relation": "==",
      "true": {
        "complexity": 0.009999999776482582,
        "loss": 0.016736401244997978,
        "name": "Y",
        "prediction": 1
      },
      "type": "integral"
    },
    "feature": 8,
    "name": "Bar0",
    "reference": 1,
    "relation": "==",
    "true": {
      "complexity": 0.009999999776482582,
      "loss": 0.06485355645418167,
      "name": "Y",
      "prediction": 1
    },
    "type": "integral"
  },
  "feature": 10,
  "model_objective": 0.34125521779060364,
  "name": "Bar2",
  "reference": 1,
  "relation": "==",
  "true": {
    "complexity": 0.009999999776482582,
    "loss": 0.006973500829190016,
    "name": "Y",
    "prediction": 1
  },
  "type": "integral"
}
{
  "false": {
    "false": {
      "false": {
        "complexity": 0.009999999776482582,
        "loss": 0.2126917690038681,
        "name": "Y",
        "prediction": 0
      },
      "feature": 8,
      "name": "Bar0",
      "reference": 1,
      "relation": "==",
      "true": {
        "complexity": 0.009999999776482582,
        "loss": 0.06485355645418167,
        "name": "Y",
        "prediction": 1
      },
      "type": "integral"
    },
    "feature": 9,
    "name": "Bar1",
    "reference": 1,
    "relation": "==",
    "true": {
      "complexity": 0.009999999776482582,
      "loss": 0.016736401244997978,
      "name": "Y",
      "prediction": 1
    },
    "type": "integral"
  },
  "feature": 10,
  "model_objective": 0.34125521779060364,
  "name": "Bar2",
  "reference": 1,
  "relation": "==",
  "true": {
    "complexity": 0.009999999776482582,
    "loss": 0.006973500829190016,
    "name": "Y",
    "prediction": 1
  },
  "type": "integral"
}
{
  "false": {
    "false": {
      "false": {
        "complexity": 0.009999999776482582,
        "loss": 0.2126917690038681,
        "name": "Y",
        "prediction": 0
      },
      "feature": 10,
      "name": "Bar2",
      "reference": 1,
      "relation": "==",
      "true": {
        "complexity": 0.009999999776482582,
        "loss": 0.006973500829190016,
        "name": "Y",
        "prediction": 1
      },
      "type": "integral"
    },
    "feature": 8,
    "name": "Bar0",
    "reference": 1,
    "relation": "==",
    "true": {
      "complexity": 0.009999999776482582,
      "loss": 0.06485355645418167,
      "name": "Y",
      "prediction": 1
    },
    "type": "integral"
  },
  "feature": 9,
  "model_objective": 0.34125521779060364,
  "name": "Bar1",
  "reference": 1,
  "relation": "==",
  "true": {
    "complexity": 0.009999999776482582,
    "loss": 0.016736401244997978,
    "name": "Y",
    "prediction": 1
  },
  "type": "integral"
}
{
  "false": {
    "false": {
      "false": {
        "complexity": 0.009999999776482582,
        "loss": 0.2126917690038681,
        "name": "Y",
        "prediction": 0
      },
      "feature": 8,
      "name": "Bar0",
      "reference": 1,
      "relation": "==",
      "true": {
        "complexity": 0.009999999776482582,
        "loss": 0.06485355645418167,
        "name": "Y",
        "prediction": 1
      },
      "type": "integral"
    },
    "feature": 10,
    "name": "Bar2",
    "reference": 1,
    "relation": "==",
    "true": {
      "complexity": 0.009999999776482582,
      "loss": 0.006973500829190016,
      "name": "Y",
      "prediction": 1
    },
    "type": "integral"
  },
  "feature": 9,
  "model_objective": 0.34125521779060364,
  "name": "Bar1",
  "reference": 1,
  "relation": "==",
  "true": {
    "complexity": 0.009999999776482582,
    "loss": 0.016736401244997978,
    "name": "Y",
    "prediction": 1
  },
  "type": "integral"
}
{
  "false": {
    "false": {
      "false": {
        "complexity": 0.009999999776482582,
        "loss": 0.2126917690038681,
        "name": "Y",
        "prediction": 0
      },
      "feature": 10,
      "name": "Bar2",
      "reference": 1,
      "relation": "==",
      "true": {
        "complexity": 0.009999999776482582,
        "loss": 0.006973500829190016,
        "name": "Y",
        "prediction": 1
      },
      "type": "integral"
    },
    "feature": 9,
    "name": "Bar1",
    "reference": 1,
    "relation": "==",
    "true": {
      "complexity": 0.009999999776482582,
      "loss": 0.016736401244997978,
      "name": "Y",
      "prediction": 1
    },
    "type": "integral"
  },
  "feature": 8,
  "model_objective": 0.34125521779060364,
  "name": "Bar0",
  "reference": 1,
  "relation": "==",
  "true": {
    "complexity": 0.009999999776482582,
    "loss": 0.06485355645418167,
    "name": "Y",
    "prediction": 1
  },
  "type": "integral"
}
{
  "false": {
    "false": {
      "false": {
        "complexity": 0.009999999776482582,
        "loss": 0.2126917690038681,
        "name": "Y",
        "prediction": 0
      },
      "feature": 9,
      "name": "Bar1",
      "reference": 1,
      "relation": "==",
      "true": {
        "complexity": 0.009999999776482582,
        "loss": 0.016736401244997978,
        "name": "Y",
        "prediction": 1
      },
      "type": "integral"
    },
    "feature": 10,
    "name": "Bar2",
    "reference": 1,
    "relation": "==",
    "true": {
      "complexity": 0.009999999776482582,
      "loss": 0.006973500829190016,
      "name": "Y",
      "prediction": 1
    },
    "type": "integral"
  },
  "feature": 8,
  "model_objective": 0.34125521779060364,
  "name": "Bar0",
  "reference": 1,
  "relation": "==",
  "true": {
    "complexity": 0.009999999776482582,
    "loss": 0.06485355645418167,
    "name": "Y",
    "prediction": 1
  },
  "type": "integral"
}
