null
Finding Optimal Objective...
{
  "false": {
    "false": {
      "complexity": 0.009999999776482582,
      "loss": 0.21757322549819946,
      "name": "Y",
      "prediction": 0
    },
    "feature": 8,
    "name": "Bar0",
    "reference": 1,
    "relation": "==",
    "true": {
      "complexity": 0.009999999776482582,
      "loss": 0.06415620446205139,
      "name": "Y",
      "prediction": 1
    },
    "type": "integral"
  },
  "feature": 9,
  "model_objective": 0.3319525718688965,
  "name": "Bar1",
  "reference": 1,
  "relation": "==",
  "true": {
    "complexity": 0.009999999776482582,
    "loss": 0.02022315189242363,
    "name": "Y",
    "prediction": 1
  },
  "type": "integral"
}
{
  "false": {
    "false": {
      "complexity": 0.009999999776482582,
      "loss": 0.21757322549819946,
      "name": "Y",
      "prediction": 0
    },
    "feature": 9,
    "name": "Bar1",
    "reference": 1,
    "relation": "==",
    "true": {
      "complexity": 0.009999999776482582,
      "loss": 0.02022315189242363,
      "name": "Y",
      "prediction": 1
    },
    "type": "integral"
  },
  "feature": 8,
  "model_objective": 0.33195260167121887,
  "name": "Bar0",
  "reference": 1,
  "relation": "==",
  "true": {
    "complexity": 0.009999999776482582,
    "loss": 0.06415620446205139,
    "name": "Y",
    "prediction": 1
  },
  "type": "integral"
}
treefarms reported successful execution
training completed. Number of trees in the Rashomon set: 8124439
