null
Finding Optimal Objective...
{
  "false": {
    "false": {
      "false": {
        "complexity": 0.009999999776482582,
        "loss": 0.20502091944217682,
        "name": "Y",
        "prediction": 0
      },
      "feature": 9,
      "name": "Bar1",
      "reference": 1,
      "relation": "==",
      "true": {
        "complexity": 0.009999999776482582,
        "loss": 0.015341701917350292,
        "name": "Y",
        "prediction": 1
      },
      "type": "integral"
    },
    "feature": 8,
    "name": "Bar0",
    "reference": 1,
    "relation": "==",
    "true": {
      "complexity": 0.009999999776482582,
      "loss": 0.07670851051807404,
      "name": "Y",
      "prediction": 1
    },
    "type": "integral"
  },
  "feature": 10,
  "model_objective": 0.3433472812175751,
  "name": "Bar2",
  "reference": 1,
  "relation": "==",
  "true": {
    "complexity": 0.009999999776482582,
    "loss": 0.0062761506997048855,
    "name": "Y",
    "prediction": 1
  },
  "type": "integral"
}
{
  "false": {
    "false": {
      "false": {
        "complexity": 0.009999999776482582,
        "loss": 0.20502091944217682,
        "name": "Y",
        "prediction": 0
      },
      "feature": 8,
      "name": "Bar0",
      "reference": 1,
      "relation": "==",
      "true": {
        "complexity": 0.009999999776482582,
        "loss": 0.07670851051807404,
        "name": "Y",
        "prediction": 1
      },
      "type": "integral"
    },
    "feature": 9,
    "name": "Bar1",
    "reference": 1,
    "relation": "==",
    "true": {
      "complexity": 0.009999999776482582,
      "loss": 0.015341701917350292,
      "name": "Y",
      "prediction": 1
    },
    "type": "integral"
  },
  "feature": 10,
  "model_objective": 0.3433472812175751,
  "name": "Bar2",
  "reference": 1,
  "relation": "==",
  "true": {
    "complexity": 0.009999999776482582,
    "loss": 0.0062761506997048855,
    "name": "Y",
    "prediction": 1
  },
  "type": "integral"
}
{
  "false": {
    "false": {
      "false": {
        "complexity": 0.009999999776482582,
        "loss": 0.20502091944217682,
        "name": "Y",
        "prediction": 0
      },
      "feature": 10,
      "name": "Bar2",
      "reference": 1,
      "relation": "==",
      "true": {
        "complexity": 0.009999999776482582,
        "loss": 0.0062761506997048855,
        "name": "Y",
        "prediction": 1
      },
      "type": "integral"
    },
    "feature": 8,
    "name": "Bar0",
    "reference": 1,
    "relation": "==",
    "true": {
      "complexity": 0.009999999776482582,
      "loss": 0.07670851051807404,
      "name": "Y",
      "prediction": 1
    },
    "type": "integral"
  },
  "feature": 9,
  "model_objective": 0.3433472812175751,
  "name": "Bar1",
  "reference": 1,
  "relation": "==",
  "true": {
    "complexity": 0.009999999776482582,
    "loss": 0.015341701917350292,
    "name": "Y",
    "prediction": 1
  },
  "type": "integral"
}
{
  "false": {
    "false": {
      "false": {
        "complexity": 0.009999999776482582,
        "loss": 0.20502091944217682,
        "name": "Y",
        "prediction": 0
      },
      "feature": 8,
      "name": "Bar0",
      "reference": 1,
      "relation": "==",
      "true": {
        "complexity": 0.009999999776482582,
        "loss": 0.07670851051807404,
        "name": "Y",
        "prediction": 1
      },
      "type": "integral"
    },
    "feature": 10,
    "name": "Bar2",
    "reference": 1,
    "relation": "==",
    "true": {
      "complexity": 0.009999999776482582,
      "loss": 0.0062761506997048855,
      "name": "Y",
      "prediction": 1
    },
    "type": "integral"
  },
  "feature": 9,
  "model_objective": 0.3433472812175751,
  "name": "Bar1",
  "reference": 1,
  "relation": "==",
  "true": {
    "complexity": 0.009999999776482582,
    "loss": 0.015341701917350292,
    "name": "Y",
    "prediction": 1
  },
  "type": "integral"
}
{
  "false": {
    "false": {
      "false": {
        "complexity": 0.009999999776482582,
        "loss": 0.20502091944217682,
        "name": "Y",
        "prediction": 0
      },
      "feature": 10,
      "name": "Bar2",
      "reference": 1,
      "relation": "==",
      "true": {
        "complexity": 0.009999999776482582,
        "loss": 0.0062761506997048855,
        "name": "Y",
        "prediction": 1
      },
      "type": "integral"
    },
    "feature": 9,
    "name": "Bar1",
    "reference": 1,
    "relation": "==",
    "true": {
      "complexity": 0.009999999776482582,
      "loss": 0.015341701917350292,
      "name": "Y",
      "prediction": 1
    },
    "type": "integral"
  },
  "feature": 8,
  "model_objective": 0.3433472812175751,
  "name": "Bar0",
  "reference": 1,
  "relation": "==",
  "true": {
    "complexity": 0.009999999776482582,
    "loss": 0.07670851051807404,
    "name": "Y",
    "prediction": 1
  },
  "type": "integral"
}
{
  "false": {
    "false": {
      "false": {
        "complexity": 0.009999999776482582,
        "loss": 0.20502091944217682,
        "name": "Y",
        "prediction": 0
      },
      "feature": 9,
      "name": "Bar1",
      "reference": 1,
      "relation": "==",
      "true": {
        "complexity": 0.009999999776482582,
        "loss": 0.015341701917350292,
        "name": "Y",
        "prediction": 1
      },
      "type": "integral"
    },
    "feature": 10,
    "name": "Bar2",
    "reference": 1,
    "relation": "==",
    "true": {
      "complexity": 0.009999999776482582,
      "loss": 0.0062761506997048855,
      "name": "Y",
      "prediction": 1
    },
    "type": "integral"
  },
  "feature": 8,
  "model_objective": 0.3433472812175751,
  "name": "Bar0",
  "reference": 1,
  "relation": "==",
  "true": {
    "complexity": 0.009999999776482582,
    "loss": 0.07670851051807404,
    "name": "Y",
    "prediction": 1
  },
  "type": "integral"
}
treefarms reported successful execution
training completed. Number of trees in the Rashomon set: 8080920
