null
Finding Optimal Objective...
{
  "false": {
    "false": {
      "complexity": 0.009999999776482582,
      "loss": 0.022007722407579422,
      "name": "Y",
      "prediction": 1
    },
    "feature": 7,
    "name": "juvenile-crimes:=0",
    "reference": 1,
    "relation": "==",
    "true": {
      "complexity": 0.009999999776482582,
      "loss": 0.21254825592041016,
      "name": "Y",
      "prediction": 0
    },
    "type": "integral"
  },
  "feature": 11,
  "model_objective": 0.37227797508239746,
  "name": "priors:>3",
  "reference": 1,
  "relation": "==",
  "true": {
    "complexity": 0.009999999776482582,
    "loss": 0.10772200673818588,
    "name": "Y",
    "prediction": 1
  },
  "type": "integral"
}
{
  "false": {
    "complexity": 0.009999999776482582,
    "loss": 0.038803089410066605,
    "name": "Y",
    "prediction": 1
  },
  "feature": 7,
  "model_objective": 0.37227800488471985,
  "name": "juvenile-crimes:=0",
  "reference": 1,
  "relation": "==",
  "true": {
    "false": {
      "complexity": 0.009999999776482582,
      "loss": 0.21254825592041016,
      "name": "Y",
      "prediction": 0
    },
    "feature": 11,
    "name": "priors:>3",
    "reference": 1,
    "relation": "==",
    "true": {
      "complexity": 0.009999999776482582,
      "loss": 0.0909266397356987,
      "name": "Y",
      "prediction": 1
    },
    "type": "integral"
  },
  "type": "integral"
}
