null
Finding Optimal Objective...
{
  "false": {
    "false": {
      "complexity": 0.009999999776482582,
      "loss": 0.02084941975772381,
      "name": "Y",
      "prediction": 1
    },
    "feature": 7,
    "name": "juvenile-crimes:=0",
    "reference": 1,
    "relation": "==",
    "true": {
      "complexity": 0.009999999776482582,
      "loss": 0.22027026116847992,
      "name": "Y",
      "prediction": 0
    },
    "type": "integral"
  },
  "feature": 11,
  "model_objective": 0.37613898515701294,
  "name": "priors:>3",
  "reference": 1,
  "relation": "==",
  "true": {
    "complexity": 0.009999999776482582,
    "loss": 0.10501930117607117,
    "name": "Y",
    "prediction": 1
  },
  "type": "integral"
}
{
  "false": {
    "complexity": 0.009999999776482582,
    "loss": 0.03803088888525963,
    "name": "Y",
    "prediction": 1
  },
  "feature": 7,
  "model_objective": 0.37613898515701294,
  "name": "juvenile-crimes:=0",
  "reference": 1,
  "relation": "==",
  "true": {
    "false": {
      "complexity": 0.009999999776482582,
      "loss": 0.22027026116847992,
      "name": "Y",
      "prediction": 0
    },
    "feature": 11,
    "name": "priors:>3",
    "reference": 1,
    "relation": "==",
    "true": {
      "complexity": 0.009999999776482582,
      "loss": 0.0878378376364708,
      "name": "Y",
      "prediction": 1
    },
    "type": "integral"
  },
  "type": "integral"
}
