null
Finding Optimal Objective...
{
  "false": {
    "false": {
      "complexity": 0.009999999776482582,
      "loss": 0.19285714626312256,
      "name": "Y",
      "prediction": 0
    },
    "feature": 1,
    "name": "age:<21",
    "reference": 1,
    "relation": "==",
    "true": {
      "complexity": 0.009999999776482582,
      "loss": 0.039768338203430176,
      "name": "Y",
      "prediction": 1
    },
    "type": "integral"
  },
  "feature": 11,
  "model_objective": 0.3670656383037567,
  "name": "priors:>3",
  "reference": 1,
  "relation": "==",
  "true": {
    "complexity": 0.009999999776482582,
    "loss": 0.10444015264511108,
    "name": "Y",
    "prediction": 1
  },
  "type": "integral"
}
{
  "false": {
    "false": {
      "complexity": 0.009999999776482582,
      "loss": 0.19285714626312256,
      "name": "Y",
      "prediction": 0
    },
    "feature": 11,
    "name": "priors:>3",
    "reference": 1,
    "relation": "==",
    "true": {
      "complexity": 0.009999999776482582,
      "loss": 0.10424710065126419,
      "name": "Y",
      "prediction": 1
    },
    "type": "integral"
  },
  "feature": 1,
  "model_objective": 0.3670656383037567,
  "name": "age:<21",
  "reference": 1,
  "relation": "==",
  "true": {
    "complexity": 0.009999999776482582,
    "loss": 0.03996139019727707,
    "name": "Y",
    "prediction": 1
  },
  "type": "integral"
}
