null
Finding Optimal Objective...
{
  "false": {
    "false": {
      "complexity": 0.009999999776482582,
      "loss": 0.021621622145175934,
      "name": "Y",
      "prediction": 1
    },
    "feature": 7,
    "name": "juvenile-crimes:=0",
    "reference": 1,
    "relation": "==",
    "true": {
      "complexity": 0.009999999776482582,
      "loss": 0.2146718055009842,
      "name": "Y",
      "prediction": 0
    },
    "type": "integral"
  },
  "feature": 11,
  "model_objective": 0.37478765845298767,
  "name": "priors:>3",
  "reference": 1,
  "relation": "==",
  "true": {
    "complexity": 0.009999999776482582,
    "loss": 0.10849420726299286,
    "name": "Y",
    "prediction": 1
  },
  "type": "integral"
}
{
  "false": {
    "complexity": 0.009999999776482582,
    "loss": 0.03918918967247009,
    "name": "Y",
    "prediction": 1
  },
  "feature": 7,
  "model_objective": 0.3747876286506653,
  "name": "juvenile-crimes:=0",
  "reference": 1,
  "relation": "==",
  "true": {
    "false": {
      "complexity": 0.009999999776482582,
      "loss": 0.2146718055009842,
      "name": "Y",
      "prediction": 0
    },
    "feature": 11,
    "name": "priors:>3",
    "reference": 1,
    "relation": "==",
    "true": {
      "complexity": 0.009999999776482582,
      "loss": 0.0909266397356987,
      "name": "Y",
      "prediction": 1
    },
    "type": "integral"
  },
  "type": "integral"
}
