null
Finding Optimal Objective...
{
  "false": {
    "false": {
      "complexity": 0.009999999776482582,
      "loss": 0.023166023194789886,
      "name": "Y",
      "prediction": 1
    },
    "feature": 7,
    "name": "juvenile-crimes:=0",
    "reference": 1,
    "relation": "==",
    "true": {
      "complexity": 0.009999999776482582,
      "loss": 0.22084940969944,
      "name": "Y",
      "prediction": 0
    },
    "type": "integral"
  },
  "feature": 11,
  "model_objective": 0.37942084670066833,
  "name": "priors:>3",
  "reference": 1,
  "relation": "==",
  "true": {
    "complexity": 0.009999999776482582,
    "loss": 0.10540540516376495,
    "name": "Y",
    "prediction": 1
  },
  "type": "integral"
}
{
  "false": {
    "complexity": 0.009999999776482582,
    "loss": 0.03996139019727707,
    "name": "Y",
    "prediction": 1
  },
  "feature": 7,
  "model_objective": 0.37942084670066833,
  "name": "juvenile-crimes:=0",
  "reference": 1,
  "relation": "==",
  "true": {
    "false": {
      "complexity": 0.009999999776482582,
      "loss": 0.22084940969944,
      "name": "Y",
      "prediction": 0
    },
    "feature": 11,
    "name": "priors:>3",
    "reference": 1,
    "relation": "==",
    "true": {
      "complexity": 0.009999999776482582,
      "loss": 0.08861003816127777,
      "name": "Y",
      "prediction": 1
    },
    "type": "integral"
  },
  "type": "integral"
}
