null
Finding Optimal Objective...
{
  "false": {
    "false": {
      "complexity": 0.009999999776482582,
      "loss": 0.021621622145175934,
      "name": "Y",
      "prediction": 1
    },
    "feature": 7,
    "name": "juvenile-crimes:=0",
    "reference": 1,
    "relation": "==",
    "true": {
      "complexity": 0.009999999776482582,
      "loss": 0.21660231053829193,
      "name": "Y",
      "prediction": 0
    },
    "type": "integral"
  },
  "feature": 11,
  "model_objective": 0.37633204460144043,
  "name": "priors:>3",
  "reference": 1,
  "relation": "==",
  "true": {
    "complexity": 0.009999999776482582,
    "loss": 0.10810810327529907,
    "name": "Y",
    "prediction": 1
  },
  "type": "integral"
}
{
  "false": {
    "complexity": 0.009999999776482582,
    "loss": 0.04092663899064064,
    "name": "Y",
    "prediction": 1
  },
  "feature": 7,
  "model_objective": 0.37633204460144043,
  "name": "juvenile-crimes:=0",
  "reference": 1,
  "relation": "==",
  "true": {
    "false": {
      "complexity": 0.009999999776482582,
      "loss": 0.21660231053829193,
      "name": "Y",
      "prediction": 0
    },
    "feature": 11,
    "name": "priors:>3",
    "reference": 1,
    "relation": "==",
    "true": {
      "complexity": 0.009999999776482582,
      "loss": 0.08880309015512466,
      "name": "Y",
      "prediction": 1
    },
    "type": "integral"
  },
  "type": "integral"
}
