null
Finding Optimal Objective...
{
  "false": {
    "false": {
      "complexity": 0.009999999776482582,
      "loss": 0.19691118597984314,
      "name": "Y",
      "prediction": 0
    },
    "feature": 1,
    "name": "age:<21",
    "reference": 1,
    "relation": "==",
    "true": {
      "complexity": 0.009999999776482582,
      "loss": 0.040733590722084045,
      "name": "Y",
      "prediction": 1
    },
    "type": "integral"
  },
  "feature": 11,
  "model_objective": 0.3740154206752777,
  "name": "priors:>3",
  "reference": 1,
  "relation": "==",
  "true": {
    "complexity": 0.009999999776482582,
    "loss": 0.10637065768241882,
    "name": "Y",
    "prediction": 1
  },
  "type": "integral"
}
{
  "false": {
    "false": {
      "complexity": 0.009999999776482582,
      "loss": 0.19691118597984314,
      "name": "Y",
      "prediction": 0
    },
    "feature": 11,
    "name": "priors:>3",
    "reference": 1,
    "relation": "==",
    "true": {
      "complexity": 0.009999999776482582,
      "loss": 0.10598455369472504,
      "name": "Y",
      "prediction": 1
    },
    "type": "integral"
  },
  "feature": 1,
  "model_objective": 0.3740154206752777,
  "name": "age:<21",
  "reference": 1,
  "relation": "==",
  "true": {
    "complexity": 0.009999999776482582,
    "loss": 0.041119690984487534,
    "name": "Y",
    "prediction": 1
  },
  "type": "integral"
}
