null
Finding Optimal Objective...
{
  "false": {
    "false": {
      "false": {
        "false": {
          "false": {
            "false": {
              "complexity": 0.009999999776482582,
              "loss": 0.020061727613210678,
              "name": "Y",
              "prediction": 0
            },
            "feature": 4,
            "name": "a2_low",
            "reference": 1,
            "relation": "==",
            "true": {
              "complexity": 0.009999999776482582,
              "loss": 0.014660494402050972,
              "name": "Y",
              "prediction": 1
            },
            "type": "integral"
          },
          "feature": 2,
          "name": "a1_med",
          "reference": 1,
          "relation": "==",
          "true": {
            "complexity": 0.009999999776482582,
            "loss": 0.013888888992369175,
            "name": "Y",
            "prediction": 1
          },
          "type": "integral"
        },
        "feature": 1,
        "name": "a1_low",
        "reference": 1,
        "relation": "==",
        "true": {
          "complexity": 0.009999999776482582,
          "loss": 0.008487654849886894,
          "name": "Y",
          "prediction": 1
        },
        "type": "integral"
      },
      "feature": 5,
      "name": "a2_med",
      "reference": 1,
      "relation": "==",
      "true": {
        "complexity": 0.009999999776482582,
        "loss": 0.013888888992369175,
        "name": "Y",
        "prediction": 1
      },
      "type": "integral"
    },
    "feature": 9,
    "name": "a4_2",
    "reference": 1,
    "relation": "==",
    "true": {
      "complexity": 0.009999999776482582,
      "loss": 0.0,
      "name": "Y",
      "prediction": 0
    },
    "type": "integral"
  },
  "feature": 14,
  "model_objective": 0.14098764955997467,
  "name": "a6_low",
  "reference": 1,
  "relation": "==",
  "true": {
    "complexity": 0.009999999776482582,
    "loss": 0.0,
    "name": "Y",
    "prediction": 0
  },
  "type": "integral"
}
{
  "false": {
    "false": {
      "false": {
        "false": {
          "false": {
            "false": {
              "complexity": 0.009999999776482582,
              "loss": 0.020061727613210678,
              "name": "Y",
              "prediction": 0
            },
            "feature": 5,
            "name": "a2_med",
            "reference": 1,
            "relation": "==",
            "true": {
              "complexity": 0.009999999776482582,
              "loss": 0.012345679104328156,
              "name": "Y",
              "prediction": 1
            },
            "type": "integral"
          },
          "feature": 4,
          "name": "a2_low",
          "reference": 1,
          "relation": "==",
          "true": {
            "complexity": 0.009999999776482582,
            "loss": 0.014660494402050972,
            "name": "Y",
            "prediction": 1
          },
          "type": "integral"
        },
        "feature": 1,
        "name": "a1_low",
        "reference": 1,
        "relation": "==",
        "true": {
          "complexity": 0.009999999776482582,
          "loss": 0.009259259328246117,
          "name": "Y",
          "prediction": 1
        },
        "type": "integral"
      },
      "feature": 2,
      "name": "a1_med",
      "reference": 1,
      "relation": "==",
      "true": {
        "complexity": 0.009999999776482582,
        "loss": 0.014660494402050972,
        "name": "Y",
        "prediction": 1
      },
      "type": "integral"
    },
    "feature": 9,
    "name": "a4_2",
    "reference": 1,
    "relation": "==",
    "true": {
      "complexity": 0.009999999776482582,
      "loss": 0.0,
      "name": "Y",
      "prediction": 0
    },
    "type": "integral"
  },
  "feature": 14,
  "model_objective": 0.14098764955997467,
  "name": "a6_low",
  "reference": 1,
  "relation": "==",
  "true": {
    "complexity": 0.009999999776482582,
    "loss": 0.0,
    "name": "Y",
    "prediction": 0
  },
  "type": "integral"
}
{
  "false": {
    "false": {
      "false": {
        "false": {
          "false": {
            "false": {
              "complexity": 0.009999999776482582,
              "loss": 0.020061727613210678,
              "name": "Y",
              "prediction": 0
            },
            "feature": 5,
            "name": "a2_med",
            "reference": 1,
            "relation": "==",
            "true": {
              "complexity": 0.009999999776482582,
              "loss": 0.012345679104328156,
              "name": "Y",
              "prediction": 1
            },
            "type": "integral"
          },
          "feature": 2,
          "name": "a1_med",
          "reference": 1,
          "relation": "==",
          "true": {
            "complexity": 0.009999999776482582,
            "loss": 0.014660494402050972,
            "name": "Y",
            "prediction": 1
          },
          "type": "integral"
        },
        "feature": 1,
        "name": "a1_low",
        "reference": 1,
        "relation": "==",
        "true": {
          "complexity": 0.009999999776482582,
          "loss": 0.007716049440205097,
          "name": "Y",
          "prediction": 1
        },
        "type": "integral"
      },
      "feature": 4,
      "name": "a2_low",
      "reference": 1,
      "relation": "==",
      "true": {
        "complexity": 0.009999999776482582,
        "loss": 0.016203703358769417,
        "name": "Y",
        "prediction": 1
      },
      "type": "integral"
    },
    "feature": 9,
    "name": "a4_2",
    "reference": 1,
    "relation": "==",
    "true": {
      "complexity": 0.009999999776482582,
      "loss": 0.0,
      "name": "Y",
      "prediction": 0
    },
    "type": "integral"
  },
  "feature": 14,
  "model_objective": 0.14098764955997467,
  "name": "a6_low",
  "reference": 1,
  "relation": "==",
  "true": {
    "complexity": 0.009999999776482582,
    "loss": 0.0,
    "name": "Y",
    "prediction": 0
  },
  "type": "integral"
}
{
  "false": {
    "false": {
      "false": {
        "false": {
          "false": {
            "false": {
              "complexity": 0.009999999776482582,
              "loss": 0.020061727613210678,
              "name": "Y",
              "prediction": 0
            },
            "feature": 2,
            "name": "a1_med",
            "reference": 1,
            "relation": "==",
            "true": {
              "complexity": 0.009999999776482582,
              "loss": 0.013888888992369175,
              "name": "Y",
              "prediction": 1
            },
            "type": "integral"
          },
          "feature": 1,
          "name": "a1_low",
          "reference": 1,
          "relation": "==",
          "true": {
            "complexity": 0.009999999776482582,
            "loss": 0.0069444444961845875,
            "name": "Y",
            "prediction": 1
          },
          "type": "integral"
        },
        "feature": 5,
        "name": "a2_med",
        "reference": 1,
        "relation": "==",
        "true": {
          "complexity": 0.009999999776482582,
          "loss": 0.013888888992369175,
          "name": "Y",
          "prediction": 1
        },
        "type": "integral"
      },
      "feature": 4,
      "name": "a2_low",
      "reference": 1,
      "relation": "==",
      "true": {
        "complexity": 0.009999999776482582,
        "loss": 0.016203703358769417,
        "name": "Y",
        "prediction": 1
      },
      "type": "integral"
    },
    "feature": 9,
    "name": "a4_2",
    "reference": 1,
    "relation": "==",
    "true": {
      "complexity": 0.009999999776482582,
      "loss": 0.0,
      "name": "Y",
      "prediction": 0
    },
    "type": "integral"
  },
  "feature": 14,
  "model_objective": 0.14098763465881348,
  "name": "a6_low",
  "reference": 1,
  "relation": "==",
  "true": {
    "complexity": 0.009999999776482582,
    "loss": 0.0,
    "name": "Y",
    "prediction": 0
  },
  "type": "integral"
}
{
  "false": {
    "false": {
      "false": {
        "false": {
          "false": {
            "false": {
              "complexity": 0.009999999776482582,
              "loss": 0.020061727613210678,
              "name": "Y",
              "prediction": 0
            },
            "feature": 5,
            "name": "a2_med",
            "reference": 1,
            "relation": "==",
            "true": {
              "complexity": 0.009999999776482582,
              "loss": 0.012345679104328156,
              "name": "Y",
              "prediction": 1
            },
            "type": "integral"
          },
          "feature": 4,
          "name": "a2_low",
          "reference": 1,
          "relation": "==",
          "true": {
            "complexity": 0.009999999776482582,
            "loss": 0.014660494402050972,
            "name": "Y",
            "prediction": 1
          },
          "type": "integral"
        },
        "feature": 2,
        "name": "a1_med",
        "reference": 1,
        "relation": "==",
        "true": {
          "complexity": 0.009999999776482582,
          "loss": 0.014660494402050972,
          "name": "Y",
          "prediction": 1
        },
        "type": "integral"
      },
      "feature": 1,
      "name": "a1_low",
      "reference": 1,
      "relation": "==",
      "true": {
        "complexity": 0.009999999776482582,
        "loss": 0.009259259328246117,
        "name": "Y",
        "prediction": 1
      },
      "type": "integral"
    },
    "feature": 9,
    "name": "a4_2",
    "reference": 1,
    "relation": "==",
    "true": {
      "complexity": 0.009999999776482582,
      "loss": 0.0,
      "name": "Y",
      "prediction": 0
    },
    "type": "integral"
  },
  "feature": 14,
  "model_objective": 0.14098764955997467,
  "name": "a6_low",
  "reference": 1,
  "relation": "==",
  "true": {
    "complexity": 0.009999999776482582,
    "loss": 0.0,
    "name": "Y",
    "prediction": 0
  },
  "type": "integral"
}
{
  "false": {
    "false": {
      "false": {
        "false": {
          "false": {
            "false": {
              "complexity": 0.009999999776482582,
              "loss": 0.020061727613210678,
              "name": "Y",
              "prediction": 0
            },
            "feature": 2,
            "name": "a1_med",
            "reference": 1,
            "relation": "==",
            "true": {
              "complexity": 0.009999999776482582,
              "loss": 0.013888888992369175,
              "name": "Y",
              "prediction": 1
            },
            "type": "integral"
          },
          "feature": 4,
          "name": "a2_low",
          "reference": 1,
          "relation": "==",
          "true": {
            "complexity": 0.009999999776482582,
            "loss": 0.014660494402050972,
            "name": "Y",
            "prediction": 1
          },
          "type": "integral"
        },
        "feature": 5,
        "name": "a2_med",
        "reference": 1,
        "relation": "==",
        "true": {
          "complexity": 0.009999999776482582,
          "loss": 0.013117283582687378,
          "name": "Y",
          "prediction": 1
        },
        "type": "integral"
      },
      "feature": 1,
      "name": "a1_low",
      "reference": 1,
      "relation": "==",
      "true": {
        "complexity": 0.009999999776482582,
        "loss": 0.009259259328246117,
        "name": "Y",
        "prediction": 1
      },
      "type": "integral"
    },
    "feature": 9,
    "name": "a4_2",
    "reference": 1,
    "relation": "==",
    "true": {
      "complexity": 0.009999999776482582,
      "loss": 0.0,
      "name": "Y",
      "prediction": 0
    },
    "type": "integral"
  },
  "feature": 14,
  "model_objective": 0.14098764955997467,
  "name": "a6_low",
  "reference": 1,
  "relation": "==",
  "true": {
    "complexity": 0.009999999776482582,
    "loss": 0.0,
    "name": "Y",
    "prediction": 0
  },
  "type": "integral"
}
{
  "false": {
    "false": {
      "false": {
        "false": {
          "false": {
            "false": {
              "complexity": 0.009999999776482582,
              "loss": 0.020061727613210678,
              "name": "Y",
              "prediction": 0
            },
            "feature": 1,
            "name": "a1_low",
            "reference": 1,
            "relation": "==",
            "true": {
              "complexity": 0.009999999776482582,
              "loss": 0.0069444444961845875,
              "name": "Y",
              "prediction": 1
            },
            "type": "integral"
          },
          "feature": 2,
          "name": "a1_med",
          "reference": 1,
          "relation": "==",
          "true": {
            "complexity": 0.009999999776482582,
            "loss": 0.013888888992369175,
            "name": "Y",
            "prediction": 1
          },
          "type": "integral"
        },
        "feature": 4,
        "name": "a2_low",
        "reference": 1,
        "relation": "==",
        "true": {
          "complexity": 0.009999999776482582,
          "loss": 0.016203703358769417,
          "name": "Y",
          "prediction": 1
        },
        "type": "integral"
      },
      "feature": 5,
      "name": "a2_med",
      "reference": 1,
      "relation": "==",
      "true": {
        "complexity": 0.009999999776482582,
        "loss": 0.013888888992369175,
        "name": "Y",
        "prediction": 1
      },
      "type": "integral"
    },
    "feature": 9,
    "name": "a4_2",
    "reference": 1,
    "relation": "==",
    "true": {
      "complexity": 0.009999999776482582,
      "loss": 0.0,
      "name": "Y",
      "prediction": 0
    },
    "type": "integral"
  },
  "feature": 14,
  "model_objective": 0.14098763465881348,
  "name": "a6_low",
  "reference": 1,
  "relation": "==",
  "true": {
    "complexity": 0.009999999776482582,
    "loss": 0.0,
    "name": "Y",
    "prediction": 0
  },
  "type": "integral"
}
{
  "false": {
    "false": {
      "false": {
        "false": {
          "false": {
            "false": {
              "complexity": 0.009999999776482582,
              "loss": 0.020061727613210678,
              "name": "Y",
              "prediction": 0
            },
            "feature": 1,
            "name": "a1_low",
            "reference": 1,
            "relation": "==",
            "true": {
              "complexity": 0.009999999776482582,
              "loss": 0.0069444444961845875,
              "name": "Y",
              "prediction": 1
            },
            "type": "integral"
          },
          "feature": 4,
          "name": "a2_low",
          "reference": 1,
          "relation": "==",
          "true": {
            "complexity": 0.009999999776482582,
            "loss": 0.016203703358769417,
            "name": "Y",
            "prediction": 1
          },
          "type": "integral"
        },
        "feature": 2,
        "name": "a1_med",
        "reference": 1,
        "relation": "==",
        "true": {
          "complexity": 0.009999999776482582,
          "loss": 0.013888888992369175,
          "name": "Y",
          "prediction": 1
        },
        "type": "integral"
      },
      "feature": 5,
      "name": "a2_med",
      "reference": 1,
      "relation": "==",
      "true": {
        "complexity": 0.009999999776482582,
        "loss": 0.013888888992369175,
        "name": "Y",
        "prediction": 1
      },
      "type": "integral"
    },
    "feature": 9,
    "name": "a4_2",
    "reference": 1,
    "relation": "==",
    "true": {
      "complexity": 0.009999999776482582,
      "loss": 0.0,
      "name": "Y",
      "prediction": 0
    },
    "type": "integral"
  },
  "feature": 14,
  "model_objective": 0.14098763465881348,
  "name": "a6_low",
  "reference": 1,
  "relation": "==",
  "true": {
    "complexity": 0.009999999776482582,
    "loss": 0.0,
    "name": "Y",
    "prediction": 0
  },
  "type": "integral"
}
{
  "false": {
    "false": {
      "false": {
        "false": {
          "false": {
            "false": {
              "complexity": 0.009999999776482582,
              "loss": 0.020061727613210678,
              "name": "Y",
              "prediction": 0
            },
            "feature": 2,
            "name": "a1_med",
            "reference": 1,
            "relation": "==",
            "true": {
              "complexity": 0.009999999776482582,
              "loss": 0.013888888992369175,
              "name": "Y",
              "prediction": 1
            },
            "type": "integral"
          },
          "feature": 1,
          "name": "a1_low",
          "reference": 1,
          "relation": "==",
          "true": {
            "complexity": 0.009999999776482582,
            "loss": 0.0069444444961845875,
            "name": "Y",
            "prediction": 1
          },
          "type": "integral"
        },
        "feature": 4,
        "name": "a2_low",
        "reference": 1,
        "relation": "==",
        "true": {
          "complexity": 0.009999999776482582,
          "loss": 0.016203703358769417,
          "name": "Y",
          "prediction": 1
        },
        "type": "integral"
      },
      "feature": 5,
      "name": "a2_med",
      "reference": 1,
      "relation": "==",
      "true": {
        "complexity": 0.009999999776482582,
        "loss": 0.013888888992369175,
        "name": "Y",
        "prediction": 1
      },
      "type": "integral"
    },
    "feature": 9,
    "name": "a4_2",
    "reference": 1,
    "relation": "==",
    "true": {
      "complexity": 0.009999999776482582,
      "loss": 0.0,
      "name": "Y",
      "prediction": 0
    },
    "type": "integral"
  },
  "feature": 14,
  "model_objective": 0.14098763465881348,
  "name": "a6_low",
  "reference": 1,
  "relation": "==",
  "true": {
    "complexity": 0.009999999776482582,
    "loss": 0.0,
    "name": "Y",
    "prediction": 0
  },
  "type": "integral"
}
{
  "false": {
    "false": {
      "false": {
        "false": {
          "false": {
            "false": {
              "complexity": 0.009999999776482582,
              "loss": 0.020061727613210678,
              "name": "Y",
              "prediction": 0
            },
            "feature": 4,
            "name": "a2_low",
            "reference": 1,
            "relation": "==",
            "true": {
              "complexity": 0.009999999776482582,
              "loss": 0.014660494402050972,
              "name": "Y",
              "prediction": 1
            },
            "type": "integral"
          },
          "feature": 2,
          "name": "a1_med",
          "reference": 1,
          "relation": "==",
          "true": {
            "complexity": 0.009999999776482582,
            "loss": 0.013888888992369175,
            "name": "Y",
            "prediction": 1
          },
          "type": "integral"
        },
        "feature": 5,
        "name": "a2_med",
        "reference": 1,
        "relation": "==",
        "true": {
          "complexity": 0.009999999776482582,
          "loss": 0.013117283582687378,
          "name": "Y",
          "prediction": 1
        },
        "type": "integral"
      },
      "feature": 1,
      "name": "a1_low",
      "reference": 1,
      "relation": "==",
      "true": {
        "complexity": 0.009999999776482582,
        "loss": 0.009259259328246117,
        "name": "Y",
        "prediction": 1
      },
      "type": "integral"
    },
    "feature": 9,
    "name": "a4_2",
    "reference": 1,
    "relation": "==",
    "true": {
      "complexity": 0.009999999776482582,
      "loss": 0.0,
      "name": "Y",
      "prediction": 0
    },
    "type": "integral"
  },
  "feature": 14,
  "model_objective": 0.14098764955997467,
  "name": "a6_low",
  "reference": 1,
  "relation": "==",
  "true": {
    "complexity": 0.009999999776482582,
    "loss": 0.0,
    "name": "Y",
    "prediction": 0
  },
  "type": "integral"
}
{
  "false": {
    "false": {
      "false": {
        "false": {
          "false": {
            "false": {
              "complexity": 0.009999999776482582,
              "loss": 0.020061727613210678,
              "name": "Y",
              "prediction": 0
            },
            "feature": 2,
            "name": "a1_med",
            "reference": 1,
            "relation": "==",
            "true": {
              "complexity": 0.009999999776482582,
              "loss": 0.013888888992369175,
              "name": "Y",
              "prediction": 1
            },
            "type": "integral"
          },
          "feature": 5,
          "name": "a2_med",
          "reference": 1,
          "relation": "==",
          "true": {
            "complexity": 0.009999999776482582,
            "loss": 0.013117283582687378,
            "name": "Y",
            "prediction": 1
          },
          "type": "integral"
        },
        "feature": 4,
        "name": "a2_low",
        "reference": 1,
        "relation": "==",
        "true": {
          "complexity": 0.009999999776482582,
          "loss": 0.014660494402050972,
          "name": "Y",
          "prediction": 1
        },
        "type": "integral"
      },
      "feature": 1,
      "name": "a1_low",
      "reference": 1,
      "relation": "==",
      "true": {
        "complexity": 0.009999999776482582,
        "loss": 0.009259259328246117,
        "name": "Y",
        "prediction": 1
      },
      "type": "integral"
    },
    "feature": 9,
    "name": "a4_2",
    "reference": 1,
    "relation": "==",
    "true": {
      "complexity": 0.009999999776482582,
      "loss": 0.0,
      "name": "Y",
      "prediction": 0
    },
    "type": "integral"
  },
  "feature": 14,
  "model_objective": 0.14098764955997467,
  "name": "a6_low",
  "reference": 1,
  "relation": "==",
  "true": {
    "complexity": 0.009999999776482582,
    "loss": 0.0,
    "name": "Y",
    "prediction": 0
  },
  "type": "integral"
}
{
  "false": {
    "false": {
      "false": {
        "false": {
          "false": {
            "false": {
              "complexity": 0.009999999776482582,
              "loss": 0.020061727613210678,
              "name": "Y",
              "prediction": 0
            },
            "feature": 5,
            "name": "a2_med",
            "reference": 1,
            "relation": "==",
            "true": {
              "complexity": 0.009999999776482582,
              "loss": 0.012345679104328156,
              "name": "Y",
              "prediction": 1
            },
            "type": "integral"
          },
          "feature": 1,
          "name": "a1_low",
          "reference": 1,
          "relation": "==",
          "true": {
            "complexity": 0.009999999776482582,
            "loss": 0.007716049440205097,
            "name": "Y",
            "prediction": 1
          },
          "type": "integral"
        },
        "feature": 2,
        "name": "a1_med",
        "reference": 1,
        "relation": "==",
        "true": {
          "complexity": 0.009999999776482582,
          "loss": 0.014660494402050972,
          "name": "Y",
          "prediction": 1
        },
        "type": "integral"
      },
      "feature": 4,
      "name": "a2_low",
      "reference": 1,
      "relation": "==",
      "true": {
        "complexity": 0.009999999776482582,
        "loss": 0.016203703358769417,
        "name": "Y",
        "prediction": 1
      },
      "type": "integral"
    },
    "feature": 9,
    "name": "a4_2",
    "reference": 1,
    "relation": "==",
    "true": {
      "complexity": 0.009999999776482582,
      "loss": 0.0,
      "name": "Y",
      "prediction": 0
    },
    "type": "integral"
  },
  "feature": 14,
  "model_objective": 0.14098763465881348,
  "name": "a6_low",
  "reference": 1,
  "relation": "==",
  "true": {
    "complexity": 0.009999999776482582,
    "loss": 0.0,
    "name": "Y",
    "prediction": 0
  },
  "type": "integral"
}
{
  "false": {
    "false": {
      "false": {
        "false": {
          "false": {
            "false": {
              "complexity": 0.009999999776482582,
              "loss": 0.020061727613210678,
              "name": "Y",
              "prediction": 0
            },
            "feature": 5,
            "name": "a2_med",
            "reference": 1,
            "relation": "==",
            "true": {
              "complexity": 0.009999999776482582,
              "loss": 0.012345679104328156,
              "name": "Y",
              "prediction": 1
            },
            "type": "integral"
          },
          "feature": 1,
          "name": "a1_low",
          "reference": 1,
          "relation": "==",
          "true": {
            "complexity": 0.009999999776482582,
            "loss": 0.007716049440205097,
            "name": "Y",
            "prediction": 1
          },
          "type": "integral"
        },
        "feature": 4,
        "name": "a2_low",
        "reference": 1,
        "relation": "==",
        "true": {
          "complexity": 0.009999999776482582,
          "loss": 0.016203703358769417,
          "name": "Y",
          "prediction": 1
        },
        "type": "integral"
      },
      "feature": 2,
      "name": "a1_med",
      "reference": 1,
      "relation": "==",
      "true": {
        "complexity": 0.009999999776482582,
        "loss": 0.014660494402050972,
        "name": "Y",
        "prediction": 1
      },
      "type": "integral"
    },
    "feature": 9,
    "name": "a4_2",
    "reference": 1,
    "relation": "==",
    "true": {
      "complexity": 0.009999999776482582,
      "loss": 0.0,
      "name": "Y",
      "prediction": 0
    },
    "type": "integral"
  },
  "feature": 14,
  "model_objective": 0.14098763465881348,
  "name": "a6_low",
  "reference": 1,
  "relation": "==",
  "true": {
    "complexity": 0.009999999776482582,
    "loss": 0.0,
    "name": "Y",
    "prediction": 0
  },
  "type": "integral"
}
{
  "false": {
    "false": {
      "false": {
        "false": {
          "false": {
            "false": {
              "complexity": 0.009999999776482582,
              "loss": 0.020061727613210678,
              "name": "Y",
              "prediction": 0
            },
            "feature": 4,
            "name": "a2_low",
            "reference": 1,
            "relation": "==",
            "true": {
              "complexity": 0.009999999776482582,
              "loss": 0.014660494402050972,
              "name": "Y",
              "prediction": 1
            },
            "type": "integral"
          },
          "feature": 1,
          "name": "a1_low",
          "reference": 1,
          "relation": "==",
          "true": {
            "complexity": 0.009999999776482582,
            "loss": 0.008487654849886894,
            "name": "Y",
            "prediction": 1
          },
          "type": "integral"
        },
        "feature": 2,
        "name": "a1_med",
        "reference": 1,
        "relation": "==",
        "true": {
          "complexity": 0.009999999776482582,
          "loss": 0.013888888992369175,
          "name": "Y",
          "prediction": 1
        },
        "type": "integral"
      },
      "feature": 5,
      "name": "a2_med",
      "reference": 1,
      "relation": "==",
      "true": {
        "complexity": 0.009999999776482582,
        "loss": 0.013888888992369175,
        "name": "Y",
        "prediction": 1
      },
      "type": "integral"
    },
    "feature": 14,
    "name": "a6_low",
    "reference": 1,
    "relation": "==",
    "true": {
      "complexity": 0.009999999776482582,
      "loss": 0.0,
      "name": "Y",
      "prediction": 0
    },
    "type": "integral"
  },
  "feature": 9,
  "model_objective": 0.14098764955997467,
  "name": "a4_2",
  "reference": 1,
  "relation": "==",
  "true": {
    "complexity": 0.009999999776482582,
    "loss": 0.0,
    "name": "Y",
    "prediction": 0
  },
  "type": "integral"
}
{
  "false": {
    "false": {
      "false": {
        "false": {
          "false": {
            "false": {
              "complexity": 0.009999999776482582,
              "loss": 0.020061727613210678,
              "name": "Y",
              "prediction": 0
            },
            "feature": 5,
            "name": "a2_med",
            "reference": 1,
            "relation": "==",
            "true": {
              "complexity": 0.009999999776482582,
              "loss": 0.012345679104328156,
              "name": "Y",
              "prediction": 1
            },
            "type": "integral"
          },
          "feature": 1,
          "name": "a1_low",
          "reference": 1,
          "relation": "==",
          "true": {
            "complexity": 0.009999999776482582,
            "loss": 0.007716049440205097,
            "name": "Y",
            "prediction": 1
          },
          "type": "integral"
        },
        "feature": 4,
        "name": "a2_low",
        "reference": 1,
        "relation": "==",
        "true": {
          "complexity": 0.009999999776482582,
          "loss": 0.016203703358769417,
          "name": "Y",
          "prediction": 1
        },
        "type": "integral"
      },
      "feature": 2,
      "name": "a1_med",
      "reference": 1,
      "relation": "==",
      "true": {
        "complexity": 0.009999999776482582,
        "loss": 0.014660494402050972,
        "name": "Y",
        "prediction": 1
      },
      "type": "integral"
    },
    "feature": 14,
    "name": "a6_low",
    "reference": 1,
    "relation": "==",
    "true": {
      "complexity": 0.009999999776482582,
      "loss": 0.0,
      "name": "Y",
      "prediction": 0
    },
    "type": "integral"
  },
  "feature": 9,
  "model_objective": 0.14098763465881348,
  "name": "a4_2",
  "reference": 1,
  "relation": "==",
  "true": {
    "complexity": 0.009999999776482582,
    "loss": 0.0,
    "name": "Y",
    "prediction": 0
  },
  "type": "integral"
}
{
  "false": {
    "false": {
      "false": {
        "false": {
          "false": {
            "false": {
              "complexity": 0.009999999776482582,
              "loss": 0.020061727613210678,
              "name": "Y",
              "prediction": 0
            },
            "feature": 4,
            "name": "a2_low",
            "reference": 1,
            "relation": "==",
            "true": {
              "complexity": 0.009999999776482582,
              "loss": 0.014660494402050972,
              "name": "Y",
              "prediction": 1
            },
            "type": "integral"
          },
          "feature": 1,
          "name": "a1_low",
          "reference": 1,
          "relation": "==",
          "true": {
            "complexity": 0.009999999776482582,
            "loss": 0.008487654849886894,
            "name": "Y",
            "prediction": 1
          },
          "type": "integral"
        },
        "feature": 2,
        "name": "a1_med",
        "reference": 1,
        "relation": "==",
        "true": {
          "complexity": 0.009999999776482582,
          "loss": 0.013888888992369175,
          "name": "Y",
          "prediction": 1
        },
        "type": "integral"
      },
      "feature": 5,
      "name": "a2_med",
      "reference": 1,
      "relation": "==",
      "true": {
        "complexity": 0.009999999776482582,
        "loss": 0.013888888992369175,
        "name": "Y",
        "prediction": 1
      },
      "type": "integral"
    },
    "feature": 9,
    "name": "a4_2",
    "reference": 1,
    "relation": "==",
    "true": {
      "complexity": 0.009999999776482582,
      "loss": 0.0,
      "name": "Y",
      "prediction": 0
    },
    "type": "integral"
  },
  "feature": 14,
  "model_objective": 0.14098764955997467,
  "name": "a6_low",
  "reference": 1,
  "relation": "==",
  "true": {
    "complexity": 0.009999999776482582,
    "loss": 0.0,
    "name": "Y",
    "prediction": 0
  },
  "type": "integral"
}
{
  "false": {
    "false": {
      "false": {
        "false": {
          "false": {
            "false": {
              "complexity": 0.009999999776482582,
              "loss": 0.020061727613210678,
              "name": "Y",
              "prediction": 0
            },
            "feature": 1,
            "name": "a1_low",
            "reference": 1,
            "relation": "==",
            "true": {
              "complexity": 0.009999999776482582,
              "loss": 0.0069444444961845875,
              "name": "Y",
              "prediction": 1
            },
            "type": "integral"
          },
          "feature": 5,
          "name": "a2_med",
          "reference": 1,
          "relation": "==",
          "true": {
            "complexity": 0.009999999776482582,
            "loss": 0.013117283582687378,
            "name": "Y",
            "prediction": 1
          },
          "type": "integral"
        },
        "feature": 4,
        "name": "a2_low",
        "reference": 1,
        "relation": "==",
        "true": {
          "complexity": 0.009999999776482582,
          "loss": 0.016203703358769417,
          "name": "Y",
          "prediction": 1
        },
        "type": "integral"
      },
      "feature": 2,
      "name": "a1_med",
      "reference": 1,
      "relation": "==",
      "true": {
        "complexity": 0.009999999776482582,
        "loss": 0.014660494402050972,
        "name": "Y",
        "prediction": 1
      },
      "type": "integral"
    },
    "feature": 9,
    "name": "a4_2",
    "reference": 1,
    "relation": "==",
    "true": {
      "complexity": 0.009999999776482582,
      "loss": 0.0,
      "name": "Y",
      "prediction": 0
    },
    "type": "integral"
  },
  "feature": 14,
  "model_objective": 0.14098763465881348,
  "name": "a6_low",
  "reference": 1,
  "relation": "==",
  "true": {
    "complexity": 0.009999999776482582,
    "loss": 0.0,
    "name": "Y",
    "prediction": 0
  },
  "type": "integral"
}
{
  "false": {
    "false": {
      "false": {
        "false": {
          "false": {
            "false": {
              "complexity": 0.009999999776482582,
              "loss": 0.020061727613210678,
              "name": "Y",
              "prediction": 0
            },
            "feature": 2,
            "name": "a1_med",
            "reference": 1,
            "relation": "==",
            "true": {
              "complexity": 0.009999999776482582,
              "loss": 0.013888888992369175,
              "name": "Y",
              "prediction": 1
            },
            "type": "integral"
          },
          "feature": 4,
          "name": "a2_low",
          "reference": 1,
          "relation": "==",
          "true": {
            "complexity": 0.009999999776482582,
            "loss": 0.014660494402050972,
            "name": "Y",
            "prediction": 1
          },
          "type": "integral"
        },
        "feature": 1,
        "name": "a1_low",
        "reference": 1,
        "relation": "==",
        "true": {
          "complexity": 0.009999999776482582,
          "loss": 0.008487654849886894,
          "name": "Y",
          "prediction": 1
        },
        "type": "integral"
      },
      "feature": 5,
      "name": "a2_med",
      "reference": 1,
      "relation": "==",
      "true": {
        "complexity": 0.009999999776482582,
        "loss": 0.013888888992369175,
        "name": "Y",
        "prediction": 1
      },
      "type": "integral"
    },
    "feature": 14,
    "name": "a6_low",
    "reference": 1,
    "relation": "==",
    "true": {
      "complexity": 0.009999999776482582,
      "loss": 0.0,
      "name": "Y",
      "prediction": 0
    },
    "type": "integral"
  },
  "feature": 9,
  "model_objective": 0.14098764955997467,
  "name": "a4_2",
  "reference": 1,
  "relation": "==",
  "true": {
    "complexity": 0.009999999776482582,
    "loss": 0.0,
    "name": "Y",
    "prediction": 0
  },
  "type": "integral"
}
{
  "false": {
    "false": {
      "false": {
        "false": {
          "false": {
            "false": {
              "complexity": 0.009999999776482582,
              "loss": 0.020061727613210678,
              "name": "Y",
              "prediction": 0
            },
            "feature": 1,
            "name": "a1_low",
            "reference": 1,
            "relation": "==",
            "true": {
              "complexity": 0.009999999776482582,
              "loss": 0.0069444444961845875,
              "name": "Y",
              "prediction": 1
            },
            "type": "integral"
          },
          "feature": 4,
          "name": "a2_low",
          "reference": 1,
          "relation": "==",
          "true": {
            "complexity": 0.009999999776482582,
            "loss": 0.016203703358769417,
            "name": "Y",
            "prediction": 1
          },
          "type": "integral"
        },
        "feature": 5,
        "name": "a2_med",
        "reference": 1,
        "relation": "==",
        "true": {
          "complexity": 0.009999999776482582,
          "loss": 0.013117283582687378,
          "name": "Y",
          "prediction": 1
        },
        "type": "integral"
      },
      "feature": 2,
      "name": "a1_med",
      "reference": 1,
      "relation": "==",
      "true": {
        "complexity": 0.009999999776482582,
        "loss": 0.014660494402050972,
        "name": "Y",
        "prediction": 1
      },
      "type": "integral"
    },
    "feature": 14,
    "name": "a6_low",
    "reference": 1,
    "relation": "==",
    "true": {
      "complexity": 0.009999999776482582,
      "loss": 0.0,
      "name": "Y",
      "prediction": 0
    },
    "type": "integral"
  },
  "feature": 9,
  "model_objective": 0.14098763465881348,
  "name": "a4_2",
  "reference": 1,
  "relation": "==",
  "true": {
    "complexity": 0.009999999776482582,
    "loss": 0.0,
    "name": "Y",
    "prediction": 0
  },
  "type": "integral"
}
{
  "false": {
    "false": {
      "false": {
        "false": {
          "false": {
            "false": {
              "complexity": 0.009999999776482582,
              "loss": 0.020061727613210678,
              "name": "Y",
              "prediction": 0
            },
            "feature": 4,
            "name": "a2_low",
            "reference": 1,
            "relation": "==",
            "true": {
              "complexity": 0.009999999776482582,
              "loss": 0.014660494402050972,
              "name": "Y",
              "prediction": 1
            },
            "type": "integral"
          },
          "feature": 5,
          "name": "a2_med",
          "reference": 1,
          "relation": "==",
          "true": {
            "complexity": 0.009999999776482582,
            "loss": 0.012345679104328156,
            "name": "Y",
            "prediction": 1
          },
          "type": "integral"
        },
        "feature": 1,
        "name": "a1_low",
        "reference": 1,
        "relation": "==",
        "true": {
          "complexity": 0.009999999776482582,
          "loss": 0.009259259328246117,
          "name": "Y",
          "prediction": 1
        },
        "type": "integral"
      },
      "feature": 2,
      "name": "a1_med",
      "reference": 1,
      "relation": "==",
      "true": {
        "complexity": 0.009999999776482582,
        "loss": 0.014660494402050972,
        "name": "Y",
        "prediction": 1
      },
      "type": "integral"
    },
    "feature": 14,
    "name": "a6_low",
    "reference": 1,
    "relation": "==",
    "true": {
      "complexity": 0.009999999776482582,
      "loss": 0.0,
      "name": "Y",
      "prediction": 0
    },
    "type": "integral"
  },
  "feature": 9,
  "model_objective": 0.14098764955997467,
  "name": "a4_2",
  "reference": 1,
  "relation": "==",
  "true": {
    "complexity": 0.009999999776482582,
    "loss": 0.0,
    "name": "Y",
    "prediction": 0
  },
  "type": "integral"
}
{
  "false": {
    "false": {
      "false": {
        "false": {
          "false": {
            "false": {
              "complexity": 0.009999999776482582,
              "loss": 0.020061727613210678,
              "name": "Y",
              "prediction": 0
            },
            "feature": 1,
            "name": "a1_low",
            "reference": 1,
            "relation": "==",
            "true": {
              "complexity": 0.009999999776482582,
              "loss": 0.0069444444961845875,
              "name": "Y",
              "prediction": 1
            },
            "type": "integral"
          },
          "feature": 4,
          "name": "a2_low",
          "reference": 1,
          "relation": "==",
          "true": {
            "complexity": 0.009999999776482582,
            "loss": 0.016203703358769417,
            "name": "Y",
            "prediction": 1
          },
          "type": "integral"
        },
        "feature": 2,
        "name": "a1_med",
        "reference": 1,
        "relation": "==",
        "true": {
          "complexity": 0.009999999776482582,
          "loss": 0.013888888992369175,
          "name": "Y",
          "prediction": 1
        },
        "type": "integral"
      },
      "feature": 5,
      "name": "a2_med",
      "reference": 1,
      "relation": "==",
      "true": {
        "complexity": 0.009999999776482582,
        "loss": 0.013888888992369175,
        "name": "Y",
        "prediction": 1
      },
      "type": "integral"
    },
    "feature": 14,
    "name": "a6_low",
    "reference": 1,
    "relation": "==",
    "true": {
      "complexity": 0.009999999776482582,
      "loss": 0.0,
      "name": "Y",
      "prediction": 0
    },
    "type": "integral"
  },
  "feature": 9,
  "model_objective": 0.14098763465881348,
  "name": "a4_2",
  "reference": 1,
  "relation": "==",
  "true": {
    "complexity": 0.009999999776482582,
    "loss": 0.0,
    "name": "Y",
    "prediction": 0
  },
  "type": "integral"
}
{
  "false": {
    "false": {
      "false": {
        "false": {
          "false": {
            "false": {
              "complexity": 0.009999999776482582,
              "loss": 0.020061727613210678,
              "name": "Y",
              "prediction": 0
            },
            "feature": 2,
            "name": "a1_med",
            "reference": 1,
            "relation": "==",
            "true": {
              "complexity": 0.009999999776482582,
              "loss": 0.013888888992369175,
              "name": "Y",
              "prediction": 1
            },
            "type": "integral"
          },
          "feature": 4,
          "name": "a2_low",
          "reference": 1,
          "relation": "==",
          "true": {
            "complexity": 0.009999999776482582,
            "loss": 0.014660494402050972,
            "name": "Y",
            "prediction": 1
          },
          "type": "integral"
        },
        "feature": 5,
        "name": "a2_med",
        "reference": 1,
        "relation": "==",
        "true": {
          "complexity": 0.009999999776482582,
          "loss": 0.013117283582687378,
          "name": "Y",
          "prediction": 1
        },
        "type": "integral"
      },
      "feature": 1,
      "name": "a1_low",
      "reference": 1,
      "relation": "==",
      "true": {
        "complexity": 0.009999999776482582,
        "loss": 0.009259259328246117,
        "name": "Y",
        "prediction": 1
      },
      "type": "integral"
    },
    "feature": 14,
    "name": "a6_low",
    "reference": 1,
    "relation": "==",
    "true": {
      "complexity": 0.009999999776482582,
      "loss": 0.0,
      "name": "Y",
      "prediction": 0
    },
    "type": "integral"
  },
  "feature": 9,
  "model_objective": 0.14098764955997467,
  "name": "a4_2",
  "reference": 1,
  "relation": "==",
  "true": {
    "complexity": 0.009999999776482582,
    "loss": 0.0,
    "name": "Y",
    "prediction": 0
  },
  "type": "integral"
}
{
  "false": {
    "false": {
      "false": {
        "false": {
          "false": {
            "false": {
              "complexity": 0.009999999776482582,
              "loss": 0.020061727613210678,
              "name": "Y",
              "prediction": 0
            },
            "feature": 1,
            "name": "a1_low",
            "reference": 1,
            "relation": "==",
            "true": {
              "complexity": 0.009999999776482582,
              "loss": 0.0069444444961845875,
              "name": "Y",
              "prediction": 1
            },
            "type": "integral"
          },
          "feature": 5,
          "name": "a2_med",
          "reference": 1,
          "relation": "==",
          "true": {
            "complexity": 0.009999999776482582,
            "loss": 0.013117283582687378,
            "name": "Y",
            "prediction": 1
          },
          "type": "integral"
        },
        "feature": 4,
        "name": "a2_low",
        "reference": 1,
        "relation": "==",
        "true": {
          "complexity": 0.009999999776482582,
          "loss": 0.016203703358769417,
          "name": "Y",
          "prediction": 1
        },
        "type": "integral"
      },
      "feature": 2,
      "name": "a1_med",
      "reference": 1,
      "relation": "==",
      "true": {
        "complexity": 0.009999999776482582,
        "loss": 0.014660494402050972,
        "name": "Y",
        "prediction": 1
      },
      "type": "integral"
    },
    "feature": 14,
    "name": "a6_low",
    "reference": 1,
    "relation": "==",
    "true": {
      "complexity": 0.009999999776482582,
      "loss": 0.0,
      "name": "Y",
      "prediction": 0
    },
    "type": "integral"
  },
  "feature": 9,
  "model_objective": 0.14098763465881348,
  "name": "a4_2",
  "reference": 1,
  "relation": "==",
  "true": {
    "complexity": 0.009999999776482582,
    "loss": 0.0,
    "name": "Y",
    "prediction": 0
  },
  "type": "integral"
}
{
  "false": {
    "false": {
      "false": {
        "false": {
          "false": {
            "false": {
              "complexity": 0.009999999776482582,
              "loss": 0.020061727613210678,
              "name": "Y",
              "prediction": 0
            },
            "feature": 5,
            "name": "a2_med",
            "reference": 1,
            "relation": "==",
            "true": {
              "complexity": 0.009999999776482582,
              "loss": 0.012345679104328156,
              "name": "Y",
              "prediction": 1
            },
            "type": "integral"
          },
          "feature": 2,
          "name": "a1_med",
          "reference": 1,
          "relation": "==",
          "true": {
            "complexity": 0.009999999776482582,
            "loss": 0.014660494402050972,
            "name": "Y",
            "prediction": 1
          },
          "type": "integral"
        },
        "feature": 4,
        "name": "a2_low",
        "reference": 1,
        "relation": "==",
        "true": {
          "complexity": 0.009999999776482582,
          "loss": 0.014660494402050972,
          "name": "Y",
          "prediction": 1
        },
        "type": "integral"
      },
      "feature": 1,
      "name": "a1_low",
      "reference": 1,
      "relation": "==",
      "true": {
        "complexity": 0.009999999776482582,
        "loss": 0.009259259328246117,
        "name": "Y",
        "prediction": 1
      },
      "type": "integral"
    },
    "feature": 14,
    "name": "a6_low",
    "reference": 1,
    "relation": "==",
    "true": {
      "complexity": 0.009999999776482582,
      "loss": 0.0,
      "name": "Y",
      "prediction": 0
    },
    "type": "integral"
  },
  "feature": 9,
  "model_objective": 0.14098764955997467,
  "name": "a4_2",
  "reference": 1,
  "relation": "==",
  "true": {
    "complexity": 0.009999999776482582,
    "loss": 0.0,
    "name": "Y",
    "prediction": 0
  },
  "type": "integral"
}
{
  "false": {
    "false": {
      "false": {
        "false": {
          "false": {
            "false": {
              "complexity": 0.009999999776482582,
              "loss": 0.020061727613210678,
              "name": "Y",
              "prediction": 0
            },
            "feature": 2,
            "name": "a1_med",
            "reference": 1,
            "relation": "==",
            "true": {
              "complexity": 0.009999999776482582,
              "loss": 0.013888888992369175,
              "name": "Y",
              "prediction": 1
            },
            "type": "integral"
          },
          "feature": 1,
          "name": "a1_low",
          "reference": 1,
          "relation": "==",
          "true": {
            "complexity": 0.009999999776482582,
            "loss": 0.0069444444961845875,
            "name": "Y",
            "prediction": 1
          },
          "type": "integral"
        },
        "feature": 5,
        "name": "a2_med",
        "reference": 1,
        "relation": "==",
        "true": {
          "complexity": 0.009999999776482582,
          "loss": 0.013888888992369175,
          "name": "Y",
          "prediction": 1
        },
        "type": "integral"
      },
      "feature": 4,
      "name": "a2_low",
      "reference": 1,
      "relation": "==",
      "true": {
        "complexity": 0.009999999776482582,
        "loss": 0.016203703358769417,
        "name": "Y",
        "prediction": 1
      },
      "type": "integral"
    },
    "feature": 14,
    "name": "a6_low",
    "reference": 1,
    "relation": "==",
    "true": {
      "complexity": 0.009999999776482582,
      "loss": 0.0,
      "name": "Y",
      "prediction": 0
    },
    "type": "integral"
  },
  "feature": 9,
  "model_objective": 0.14098763465881348,
  "name": "a4_2",
  "reference": 1,
  "relation": "==",
  "true": {
    "complexity": 0.009999999776482582,
    "loss": 0.0,
    "name": "Y",
    "prediction": 0
  },
  "type": "integral"
}
{
  "false": {
    "false": {
      "false": {
        "false": {
          "false": {
            "false": {
              "complexity": 0.009999999776482582,
              "loss": 0.020061727613210678,
              "name": "Y",
              "prediction": 0
            },
            "feature": 1,
            "name": "a1_low",
            "reference": 1,
            "relation": "==",
            "true": {
              "complexity": 0.009999999776482582,
              "loss": 0.0069444444961845875,
              "name": "Y",
              "prediction": 1
            },
            "type": "integral"
          },
          "feature": 2,
          "name": "a1_med",
          "reference": 1,
          "relation": "==",
          "true": {
            "complexity": 0.009999999776482582,
            "loss": 0.013888888992369175,
            "name": "Y",
            "prediction": 1
          },
          "type": "integral"
        },
        "feature": 4,
        "name": "a2_low",
        "reference": 1,
        "relation": "==",
        "true": {
          "complexity": 0.009999999776482582,
          "loss": 0.016203703358769417,
          "name": "Y",
          "prediction": 1
        },
        "type": "integral"
      },
      "feature": 5,
      "name": "a2_med",
      "reference": 1,
      "relation": "==",
      "true": {
        "complexity": 0.009999999776482582,
        "loss": 0.013888888992369175,
        "name": "Y",
        "prediction": 1
      },
      "type": "integral"
    },
    "feature": 14,
    "name": "a6_low",
    "reference": 1,
    "relation": "==",
    "true": {
      "complexity": 0.009999999776482582,
      "loss": 0.0,
      "name": "Y",
      "prediction": 0
    },
    "type": "integral"
  },
  "feature": 9,
  "model_objective": 0.14098763465881348,
  "name": "a4_2",
  "reference": 1,
  "relation": "==",
  "true": {
    "complexity": 0.009999999776482582,
    "loss": 0.0,
    "name": "Y",
    "prediction": 0
  },
  "type": "integral"
}
{
  "false": {
    "false": {
      "false": {
        "false": {
          "false": {
            "false": {
              "complexity": 0.009999999776482582,
              "loss": 0.020061727613210678,
              "name": "Y",
              "prediction": 0
            },
            "feature": 5,
            "name": "a2_med",
            "reference": 1,
            "relation": "==",
            "true": {
              "complexity": 0.009999999776482582,
              "loss": 0.012345679104328156,
              "name": "Y",
              "prediction": 1
            },
            "type": "integral"
          },
          "feature": 2,
          "name": "a1_med",
          "reference": 1,
          "relation": "==",
          "true": {
            "complexity": 0.009999999776482582,
            "loss": 0.014660494402050972,
            "name": "Y",
            "prediction": 1
          },
          "type": "integral"
        },
        "feature": 4,
        "name": "a2_low",
        "reference": 1,
        "relation": "==",
        "true": {
          "complexity": 0.009999999776482582,
          "loss": 0.014660494402050972,
          "name": "Y",
          "prediction": 1
        },
        "type": "integral"
      },
      "feature": 1,
      "name": "a1_low",
      "reference": 1,
      "relation": "==",
      "true": {
        "complexity": 0.009999999776482582,
        "loss": 0.009259259328246117,
        "name": "Y",
        "prediction": 1
      },
      "type": "integral"
    },
    "feature": 9,
    "name": "a4_2",
    "reference": 1,
    "relation": "==",
    "true": {
      "complexity": 0.009999999776482582,
      "loss": 0.0,
      "name": "Y",
      "prediction": 0
    },
    "type": "integral"
  },
  "feature": 14,
  "model_objective": 0.14098764955997467,
  "name": "a6_low",
  "reference": 1,
  "relation": "==",
  "true": {
    "complexity": 0.009999999776482582,
    "loss": 0.0,
    "name": "Y",
    "prediction": 0
  },
  "type": "integral"
}
{
  "false": {
    "false": {
      "false": {
        "false": {
          "false": {
            "false": {
              "complexity": 0.009999999776482582,
              "loss": 0.020061727613210678,
              "name": "Y",
              "prediction": 0
            },
            "feature": 2,
            "name": "a1_med",
            "reference": 1,
            "relation": "==",
            "true": {
              "complexity": 0.009999999776482582,
              "loss": 0.013888888992369175,
              "name": "Y",
              "prediction": 1
            },
            "type": "integral"
          },
          "feature": 5,
          "name": "a2_med",
          "reference": 1,
          "relation": "==",
          "true": {
            "complexity": 0.009999999776482582,
            "loss": 0.013117283582687378,
            "name": "Y",
            "prediction": 1
          },
          "type": "integral"
        },
        "feature": 1,
        "name": "a1_low",
        "reference": 1,
        "relation": "==",
        "true": {
          "complexity": 0.009999999776482582,
          "loss": 0.007716049440205097,
          "name": "Y",
          "prediction": 1
        },
        "type": "integral"
      },
      "feature": 4,
      "name": "a2_low",
      "reference": 1,
      "relation": "==",
      "true": {
        "complexity": 0.009999999776482582,
        "loss": 0.016203703358769417,
        "name": "Y",
        "prediction": 1
      },
      "type": "integral"
    },
    "feature": 9,
    "name": "a4_2",
    "reference": 1,
    "relation": "==",
    "true": {
      "complexity": 0.009999999776482582,
      "loss": 0.0,
      "name": "Y",
      "prediction": 0
    },
    "type": "integral"
  },
  "feature": 14,
  "model_objective": 0.14098763465881348,
  "name": "a6_low",
  "reference": 1,
  "relation": "==",
  "true": {
    "complexity": 0.009999999776482582,
    "loss": 0.0,
    "name": "Y",
    "prediction": 0
  },
  "type": "integral"
}
{
  "false": {
    "false": {
      "false": {
        "false": {
          "false": {
            "false": {
              "complexity": 0.009999999776482582,
              "loss": 0.020061727613210678,
              "name": "Y",
              "prediction": 0
            },
            "feature": 5,
            "name": "a2_med",
            "reference": 1,
            "relation": "==",
            "true": {
              "complexity": 0.009999999776482582,
              "loss": 0.012345679104328156,
              "name": "Y",
              "prediction": 1
            },
            "type": "integral"
          },
          "feature": 1,
          "name": "a1_low",
          "reference": 1,
          "relation": "==",
          "true": {
            "complexity": 0.009999999776482582,
            "loss": 0.007716049440205097,
            "name": "Y",
            "prediction": 1
          },
          "type": "integral"
        },
        "feature": 2,
        "name": "a1_med",
        "reference": 1,
        "relation": "==",
        "true": {
          "complexity": 0.009999999776482582,
          "loss": 0.014660494402050972,
          "name": "Y",
          "prediction": 1
        },
        "type": "integral"
      },
      "feature": 4,
      "name": "a2_low",
      "reference": 1,
      "relation": "==",
      "true": {
        "complexity": 0.009999999776482582,
        "loss": 0.016203703358769417,
        "name": "Y",
        "prediction": 1
      },
      "type": "integral"
    },
    "feature": 14,
    "name": "a6_low",
    "reference": 1,
    "relation": "==",
    "true": {
      "complexity": 0.009999999776482582,
      "loss": 0.0,
      "name": "Y",
      "prediction": 0
    },
    "type": "integral"
  },
  "feature": 9,
  "model_objective": 0.14098763465881348,
  "name": "a4_2",
  "reference": 1,
  "relation": "==",
  "true": {
    "complexity": 0.009999999776482582,
    "loss": 0.0,
    "name": "Y",
    "prediction": 0
  },
  "type": "integral"
}
{
  "false": {
    "false": {
      "false": {
        "false": {
          "false": {
            "false": {
              "complexity": 0.009999999776482582,
              "loss": 0.020061727613210678,
              "name": "Y",
              "prediction": 0
            },
            "feature": 5,
            "name": "a2_med",
            "reference": 1,
            "relation": "==",
            "true": {
              "complexity": 0.009999999776482582,
              "loss": 0.012345679104328156,
              "name": "Y",
              "prediction": 1
            },
            "type": "integral"
          },
          "feature": 4,
          "name": "a2_low",
          "reference": 1,
          "relation": "==",
          "true": {
            "complexity": 0.009999999776482582,
            "loss": 0.014660494402050972,
            "name": "Y",
            "prediction": 1
          },
          "type": "integral"
        },
        "feature": 2,
        "name": "a1_med",
        "reference": 1,
        "relation": "==",
        "true": {
          "complexity": 0.009999999776482582,
          "loss": 0.014660494402050972,
          "name": "Y",
          "prediction": 1
        },
        "type": "integral"
      },
      "feature": 1,
      "name": "a1_low",
      "reference": 1,
      "relation": "==",
      "true": {
        "complexity": 0.009999999776482582,
        "loss": 0.009259259328246117,
        "name": "Y",
        "prediction": 1
      },
      "type": "integral"
    },
    "feature": 14,
    "name": "a6_low",
    "reference": 1,
    "relation": "==",
    "true": {
      "complexity": 0.009999999776482582,
      "loss": 0.0,
      "name": "Y",
      "prediction": 0
    },
    "type": "integral"
  },
  "feature": 9,
  "model_objective": 0.14098764955997467,
  "name": "a4_2",
  "reference": 1,
  "relation": "==",
  "true": {
    "complexity": 0.009999999776482582,
    "loss": 0.0,
    "name": "Y",
    "prediction": 0
  },
  "type": "integral"
}
{
  "false": {
    "false": {
      "false": {
        "false": {
          "false": {
            "false": {
              "complexity": 0.009999999776482582,
              "loss": 0.020061727613210678,
              "name": "Y",
              "prediction": 0
            },
            "feature": 4,
            "name": "a2_low",
            "reference": 1,
            "relation": "==",
            "true": {
              "complexity": 0.009999999776482582,
              "loss": 0.014660494402050972,
              "name": "Y",
              "prediction": 1
            },
            "type": "integral"
          },
          "feature": 2,
          "name": "a1_med",
          "reference": 1,
          "relation": "==",
          "true": {
            "complexity": 0.009999999776482582,
            "loss": 0.013888888992369175,
            "name": "Y",
            "prediction": 1
          },
          "type": "integral"
        },
        "feature": 5,
        "name": "a2_med",
        "reference": 1,
        "relation": "==",
        "true": {
          "complexity": 0.009999999776482582,
          "loss": 0.013117283582687378,
          "name": "Y",
          "prediction": 1
        },
        "type": "integral"
      },
      "feature": 1,
      "name": "a1_low",
      "reference": 1,
      "relation": "==",
      "true": {
        "complexity": 0.009999999776482582,
        "loss": 0.009259259328246117,
        "name": "Y",
        "prediction": 1
      },
      "type": "integral"
    },
    "feature": 14,
    "name": "a6_low",
    "reference": 1,
    "relation": "==",
    "true": {
      "complexity": 0.009999999776482582,
      "loss": 0.0,
      "name": "Y",
      "prediction": 0
    },
    "type": "integral"
  },
  "feature": 9,
  "model_objective": 0.14098764955997467,
  "name": "a4_2",
  "reference": 1,
  "relation": "==",
  "true": {
    "complexity": 0.009999999776482582,
    "loss": 0.0,
    "name": "Y",
    "prediction": 0
  },
  "type": "integral"
}
{
  "false": {
    "false": {
      "false": {
        "false": {
          "false": {
            "false": {
              "complexity": 0.009999999776482582,
              "loss": 0.020061727613210678,
              "name": "Y",
              "prediction": 0
            },
            "feature": 4,
            "name": "a2_low",
            "reference": 1,
            "relation": "==",
            "true": {
              "complexity": 0.009999999776482582,
              "loss": 0.014660494402050972,
              "name": "Y",
              "prediction": 1
            },
            "type": "integral"
          },
          "feature": 1,
          "name": "a1_low",
          "reference": 1,
          "relation": "==",
          "true": {
            "complexity": 0.009999999776482582,
            "loss": 0.008487654849886894,
            "name": "Y",
            "prediction": 1
          },
          "type": "integral"
        },
        "feature": 5,
        "name": "a2_med",
        "reference": 1,
        "relation": "==",
        "true": {
          "complexity": 0.009999999776482582,
          "loss": 0.013117283582687378,
          "name": "Y",
          "prediction": 1
        },
        "type": "integral"
      },
      "feature": 2,
      "name": "a1_med",
      "reference": 1,
      "relation": "==",
      "true": {
        "complexity": 0.009999999776482582,
        "loss": 0.014660494402050972,
        "name": "Y",
        "prediction": 1
      },
      "type": "integral"
    },
    "feature": 14,
    "name": "a6_low",
    "reference": 1,
    "relation": "==",
    "true": {
      "complexity": 0.009999999776482582,
      "loss": 0.0,
      "name": "Y",
      "prediction": 0
    },
    "type": "integral"
  },
  "feature": 9,
  "model_objective": 0.14098764955997467,
  "name": "a4_2",
  "reference": 1,
  "relation": "==",
  "true": {
    "complexity": 0.009999999776482582,
    "loss": 0.0,
    "name": "Y",
    "prediction": 0
  },
  "type": "integral"
}
{
  "false": {
    "false": {
      "false": {
        "false": {
          "false": {
            "false": {
              "complexity": 0.009999999776482582,
              "loss": 0.020061727613210678,
              "name": "Y",
              "prediction": 0
            },
            "feature": 5,
            "name": "a2_med",
            "reference": 1,
            "relation": "==",
            "true": {
              "complexity": 0.009999999776482582,
              "loss": 0.012345679104328156,
              "name": "Y",
              "prediction": 1
            },
            "type": "integral"
          },
          "feature": 4,
          "name": "a2_low",
          "reference": 1,
          "relation": "==",
          "true": {
            "complexity": 0.009999999776482582,
            "loss": 0.014660494402050972,
            "name": "Y",
            "prediction": 1
          },
          "type": "integral"
        },
        "feature": 1,
        "name": "a1_low",
        "reference": 1,
        "relation": "==",
        "true": {
          "complexity": 0.009999999776482582,
          "loss": 0.009259259328246117,
          "name": "Y",
          "prediction": 1
        },
        "type": "integral"
      },
      "feature": 2,
      "name": "a1_med",
      "reference": 1,
      "relation": "==",
      "true": {
        "complexity": 0.009999999776482582,
        "loss": 0.014660494402050972,
        "name": "Y",
        "prediction": 1
      },
      "type": "integral"
    },
    "feature": 14,
    "name": "a6_low",
    "reference": 1,
    "relation": "==",
    "true": {
      "complexity": 0.009999999776482582,
      "loss": 0.0,
      "name": "Y",
      "prediction": 0
    },
    "type": "integral"
  },
  "feature": 9,
  "model_objective": 0.14098764955997467,
  "name": "a4_2",
  "reference": 1,
  "relation": "==",
  "true": {
    "complexity": 0.009999999776482582,
    "loss": 0.0,
    "name": "Y",
    "prediction": 0
  },
  "type": "integral"
}
{
  "false": {
    "false": {
      "false": {
        "false": {
          "false": {
            "false": {
              "complexity": 0.009999999776482582,
              "loss": 0.020061727613210678,
              "name": "Y",
              "prediction": 0
            },
            "feature": 4,
            "name": "a2_low",
            "reference": 1,
            "relation": "==",
            "true": {
              "complexity": 0.009999999776482582,
              "loss": 0.014660494402050972,
              "name": "Y",
              "prediction": 1
            },
            "type": "integral"
          },
          "feature": 2,
          "name": "a1_med",
          "reference": 1,
          "relation": "==",
          "true": {
            "complexity": 0.009999999776482582,
            "loss": 0.013888888992369175,
            "name": "Y",
            "prediction": 1
          },
          "type": "integral"
        },
        "feature": 1,
        "name": "a1_low",
        "reference": 1,
        "relation": "==",
        "true": {
          "complexity": 0.009999999776482582,
          "loss": 0.008487654849886894,
          "name": "Y",
          "prediction": 1
        },
        "type": "integral"
      },
      "feature": 5,
      "name": "a2_med",
      "reference": 1,
      "relation": "==",
      "true": {
        "complexity": 0.009999999776482582,
        "loss": 0.013888888992369175,
        "name": "Y",
        "prediction": 1
      },
      "type": "integral"
    },
    "feature": 14,
    "name": "a6_low",
    "reference": 1,
    "relation": "==",
    "true": {
      "complexity": 0.009999999776482582,
      "loss": 0.0,
      "name": "Y",
      "prediction": 0
    },
    "type": "integral"
  },
  "feature": 9,
  "model_objective": 0.14098764955997467,
  "name": "a4_2",
  "reference": 1,
  "relation": "==",
  "true": {
    "complexity": 0.009999999776482582,
    "loss": 0.0,
    "name": "Y",
    "prediction": 0
  },
  "type": "integral"
}
{
  "false": {
    "false": {
      "false": {
        "false": {
          "false": {
            "false": {
              "complexity": 0.009999999776482582,
              "loss": 0.020061727613210678,
              "name": "Y",
              "prediction": 0
            },
            "feature": 2,
            "name": "a1_med",
            "reference": 1,
            "relation": "==",
            "true": {
              "complexity": 0.009999999776482582,
              "loss": 0.013888888992369175,
              "name": "Y",
              "prediction": 1
            },
            "type": "integral"
          },
          "feature": 1,
          "name": "a1_low",
          "reference": 1,
          "relation": "==",
          "true": {
            "complexity": 0.009999999776482582,
            "loss": 0.0069444444961845875,
            "name": "Y",
            "prediction": 1
          },
          "type": "integral"
        },
        "feature": 4,
        "name": "a2_low",
        "reference": 1,
        "relation": "==",
        "true": {
          "complexity": 0.009999999776482582,
          "loss": 0.016203703358769417,
          "name": "Y",
          "prediction": 1
        },
        "type": "integral"
      },
      "feature": 5,
      "name": "a2_med",
      "reference": 1,
      "relation": "==",
      "true": {
        "complexity": 0.009999999776482582,
        "loss": 0.013888888992369175,
        "name": "Y",
        "prediction": 1
      },
      "type": "integral"
    },
    "feature": 14,
    "name": "a6_low",
    "reference": 1,
    "relation": "==",
    "true": {
      "complexity": 0.009999999776482582,
      "loss": 0.0,
      "name": "Y",
      "prediction": 0
    },
    "type": "integral"
  },
  "feature": 9,
  "model_objective": 0.14098763465881348,
  "name": "a4_2",
  "reference": 1,
  "relation": "==",
  "true": {
    "complexity": 0.009999999776482582,
    "loss": 0.0,
    "name": "Y",
    "prediction": 0
  },
  "type": "integral"
}
{
  "false": {
    "false": {
      "false": {
        "false": {
          "false": {
            "false": {
              "complexity": 0.009999999776482582,
              "loss": 0.020061727613210678,
              "name": "Y",
              "prediction": 0
            },
            "feature": 2,
            "name": "a1_med",
            "reference": 1,
            "relation": "==",
            "true": {
              "complexity": 0.009999999776482582,
              "loss": 0.013888888992369175,
              "name": "Y",
              "prediction": 1
            },
            "type": "integral"
          },
          "feature": 5,
          "name": "a2_med",
          "reference": 1,
          "relation": "==",
          "true": {
            "complexity": 0.009999999776482582,
            "loss": 0.013117283582687378,
            "name": "Y",
            "prediction": 1
          },
          "type": "integral"
        },
        "feature": 4,
        "name": "a2_low",
        "reference": 1,
        "relation": "==",
        "true": {
          "complexity": 0.009999999776482582,
          "loss": 0.014660494402050972,
          "name": "Y",
          "prediction": 1
        },
        "type": "integral"
      },
      "feature": 1,
      "name": "a1_low",
      "reference": 1,
      "relation": "==",
      "true": {
        "complexity": 0.009999999776482582,
        "loss": 0.009259259328246117,
        "name": "Y",
        "prediction": 1
      },
      "type": "integral"
    },
    "feature": 14,
    "name": "a6_low",
    "reference": 1,
    "relation": "==",
    "true": {
      "complexity": 0.009999999776482582,
      "loss": 0.0,
      "name": "Y",
      "prediction": 0
    },
    "type": "integral"
  },
  "feature": 9,
  "model_objective": 0.14098764955997467,
  "name": "a4_2",
  "reference": 1,
  "relation": "==",
  "true": {
    "complexity": 0.009999999776482582,
    "loss": 0.0,
    "name": "Y",
    "prediction": 0
  },
  "type": "integral"
}
{
  "false": {
    "false": {
      "false": {
        "false": {
          "false": {
            "false": {
              "complexity": 0.009999999776482582,
              "loss": 0.020061727613210678,
              "name": "Y",
              "prediction": 0
            },
            "feature": 4,
            "name": "a2_low",
            "reference": 1,
            "relation": "==",
            "true": {
              "complexity": 0.009999999776482582,
              "loss": 0.014660494402050972,
              "name": "Y",
              "prediction": 1
            },
            "type": "integral"
          },
          "feature": 5,
          "name": "a2_med",
          "reference": 1,
          "relation": "==",
          "true": {
            "complexity": 0.009999999776482582,
            "loss": 0.012345679104328156,
            "name": "Y",
            "prediction": 1
          },
          "type": "integral"
        },
        "feature": 1,
        "name": "a1_low",
        "reference": 1,
        "relation": "==",
        "true": {
          "complexity": 0.009999999776482582,
          "loss": 0.009259259328246117,
          "name": "Y",
          "prediction": 1
        },
        "type": "integral"
      },
      "feature": 2,
      "name": "a1_med",
      "reference": 1,
      "relation": "==",
      "true": {
        "complexity": 0.009999999776482582,
        "loss": 0.014660494402050972,
        "name": "Y",
        "prediction": 1
      },
      "type": "integral"
    },
    "feature": 9,
    "name": "a4_2",
    "reference": 1,
    "relation": "==",
    "true": {
      "complexity": 0.009999999776482582,
      "loss": 0.0,
      "name": "Y",
      "prediction": 0
    },
    "type": "integral"
  },
  "feature": 14,
  "model_objective": 0.14098764955997467,
  "name": "a6_low",
  "reference": 1,
  "relation": "==",
  "true": {
    "complexity": 0.009999999776482582,
    "loss": 0.0,
    "name": "Y",
    "prediction": 0
  },
  "type": "integral"
}
{
  "false": {
    "false": {
      "false": {
        "false": {
          "false": {
            "false": {
              "complexity": 0.009999999776482582,
              "loss": 0.020061727613210678,
              "name": "Y",
              "prediction": 0
            },
            "feature": 5,
            "name": "a2_med",
            "reference": 1,
            "relation": "==",
            "true": {
              "complexity": 0.009999999776482582,
              "loss": 0.012345679104328156,
              "name": "Y",
              "prediction": 1
            },
            "type": "integral"
          },
          "feature": 2,
          "name": "a1_med",
          "reference": 1,
          "relation": "==",
          "true": {
            "complexity": 0.009999999776482582,
            "loss": 0.014660494402050972,
            "name": "Y",
            "prediction": 1
          },
          "type": "integral"
        },
        "feature": 1,
        "name": "a1_low",
        "reference": 1,
        "relation": "==",
        "true": {
          "complexity": 0.009999999776482582,
          "loss": 0.007716049440205097,
          "name": "Y",
          "prediction": 1
        },
        "type": "integral"
      },
      "feature": 4,
      "name": "a2_low",
      "reference": 1,
      "relation": "==",
      "true": {
        "complexity": 0.009999999776482582,
        "loss": 0.016203703358769417,
        "name": "Y",
        "prediction": 1
      },
      "type": "integral"
    },
    "feature": 14,
    "name": "a6_low",
    "reference": 1,
    "relation": "==",
    "true": {
      "complexity": 0.009999999776482582,
      "loss": 0.0,
      "name": "Y",
      "prediction": 0
    },
    "type": "integral"
  },
  "feature": 9,
  "model_objective": 0.14098764955997467,
  "name": "a4_2",
  "reference": 1,
  "relation": "==",
  "true": {
    "complexity": 0.009999999776482582,
    "loss": 0.0,
    "name": "Y",
    "prediction": 0
  },
  "type": "integral"
}
{
  "false": {
    "false": {
      "false": {
        "false": {
          "false": {
            "false": {
              "complexity": 0.009999999776482582,
              "loss": 0.020061727613210678,
              "name": "Y",
              "prediction": 0
            },
            "feature": 4,
            "name": "a2_low",
            "reference": 1,
            "relation": "==",
            "true": {
              "complexity": 0.009999999776482582,
              "loss": 0.014660494402050972,
              "name": "Y",
              "prediction": 1
            },
            "type": "integral"
          },
          "feature": 5,
          "name": "a2_med",
          "reference": 1,
          "relation": "==",
          "true": {
            "complexity": 0.009999999776482582,
            "loss": 0.012345679104328156,
            "name": "Y",
            "prediction": 1
          },
          "type": "integral"
        },
        "feature": 2,
        "name": "a1_med",
        "reference": 1,
        "relation": "==",
        "true": {
          "complexity": 0.009999999776482582,
          "loss": 0.014660494402050972,
          "name": "Y",
          "prediction": 1
        },
        "type": "integral"
      },
      "feature": 1,
      "name": "a1_low",
      "reference": 1,
      "relation": "==",
      "true": {
        "complexity": 0.009999999776482582,
        "loss": 0.009259259328246117,
        "name": "Y",
        "prediction": 1
      },
      "type": "integral"
    },
    "feature": 9,
    "name": "a4_2",
    "reference": 1,
    "relation": "==",
    "true": {
      "complexity": 0.009999999776482582,
      "loss": 0.0,
      "name": "Y",
      "prediction": 0
    },
    "type": "integral"
  },
  "feature": 14,
  "model_objective": 0.14098764955997467,
  "name": "a6_low",
  "reference": 1,
  "relation": "==",
  "true": {
    "complexity": 0.009999999776482582,
    "loss": 0.0,
    "name": "Y",
    "prediction": 0
  },
  "type": "integral"
}
{
  "false": {
    "false": {
      "false": {
        "false": {
          "false": {
            "false": {
              "complexity": 0.009999999776482582,
              "loss": 0.020061727613210678,
              "name": "Y",
              "prediction": 0
            },
            "feature": 2,
            "name": "a1_med",
            "reference": 1,
            "relation": "==",
            "true": {
              "complexity": 0.009999999776482582,
              "loss": 0.013888888992369175,
              "name": "Y",
              "prediction": 1
            },
            "type": "integral"
          },
          "feature": 5,
          "name": "a2_med",
          "reference": 1,
          "relation": "==",
          "true": {
            "complexity": 0.009999999776482582,
            "loss": 0.013117283582687378,
            "name": "Y",
            "prediction": 1
          },
          "type": "integral"
        },
        "feature": 1,
        "name": "a1_low",
        "reference": 1,
        "relation": "==",
        "true": {
          "complexity": 0.009999999776482582,
          "loss": 0.007716049440205097,
          "name": "Y",
          "prediction": 1
        },
        "type": "integral"
      },
      "feature": 4,
      "name": "a2_low",
      "reference": 1,
      "relation": "==",
      "true": {
        "complexity": 0.009999999776482582,
        "loss": 0.016203703358769417,
        "name": "Y",
        "prediction": 1
      },
      "type": "integral"
    },
    "feature": 14,
    "name": "a6_low",
    "reference": 1,
    "relation": "==",
    "true": {
      "complexity": 0.009999999776482582,
      "loss": 0.0,
      "name": "Y",
      "prediction": 0
    },
    "type": "integral"
  },
  "feature": 9,
  "model_objective": 0.14098763465881348,
  "name": "a4_2",
  "reference": 1,
  "relation": "==",
  "true": {
    "complexity": 0.009999999776482582,
    "loss": 0.0,
    "name": "Y",
    "prediction": 0
  },
  "type": "integral"
}
{
  "false": {
    "false": {
      "false": {
        "false": {
          "false": {
            "false": {
              "complexity": 0.009999999776482582,
              "loss": 0.020061727613210678,
              "name": "Y",
              "prediction": 0
            },
            "feature": 1,
            "name": "a1_low",
            "reference": 1,
            "relation": "==",
            "true": {
              "complexity": 0.009999999776482582,
              "loss": 0.0069444444961845875,
              "name": "Y",
              "prediction": 1
            },
            "type": "integral"
          },
          "feature": 2,
          "name": "a1_med",
          "reference": 1,
          "relation": "==",
          "true": {
            "complexity": 0.009999999776482582,
            "loss": 0.013888888992369175,
            "name": "Y",
            "prediction": 1
          },
          "type": "integral"
        },
        "feature": 5,
        "name": "a2_med",
        "reference": 1,
        "relation": "==",
        "true": {
          "complexity": 0.009999999776482582,
          "loss": 0.013888888992369175,
          "name": "Y",
          "prediction": 1
        },
        "type": "integral"
      },
      "feature": 4,
      "name": "a2_low",
      "reference": 1,
      "relation": "==",
      "true": {
        "complexity": 0.009999999776482582,
        "loss": 0.016203703358769417,
        "name": "Y",
        "prediction": 1
      },
      "type": "integral"
    },
    "feature": 14,
    "name": "a6_low",
    "reference": 1,
    "relation": "==",
    "true": {
      "complexity": 0.009999999776482582,
      "loss": 0.0,
      "name": "Y",
      "prediction": 0
    },
    "type": "integral"
  },
  "feature": 9,
  "model_objective": 0.14098763465881348,
  "name": "a4_2",
  "reference": 1,
  "relation": "==",
  "true": {
    "complexity": 0.009999999776482582,
    "loss": 0.0,
    "name": "Y",
    "prediction": 0
  },
  "type": "integral"
}
{
  "false": {
    "false": {
      "false": {
        "false": {
          "false": {
            "false": {
              "complexity": 0.009999999776482582,
              "loss": 0.020061727613210678,
              "name": "Y",
              "prediction": 0
            },
            "feature": 1,
            "name": "a1_low",
            "reference": 1,
            "relation": "==",
            "true": {
              "complexity": 0.009999999776482582,
              "loss": 0.0069444444961845875,
              "name": "Y",
              "prediction": 1
            },
            "type": "integral"
          },
          "feature": 5,
          "name": "a2_med",
          "reference": 1,
          "relation": "==",
          "true": {
            "complexity": 0.009999999776482582,
            "loss": 0.013117283582687378,
            "name": "Y",
            "prediction": 1
          },
          "type": "integral"
        },
        "feature": 2,
        "name": "a1_med",
        "reference": 1,
        "relation": "==",
        "true": {
          "complexity": 0.009999999776482582,
          "loss": 0.014660494402050972,
          "name": "Y",
          "prediction": 1
        },
        "type": "integral"
      },
      "feature": 4,
      "name": "a2_low",
      "reference": 1,
      "relation": "==",
      "true": {
        "complexity": 0.009999999776482582,
        "loss": 0.016203703358769417,
        "name": "Y",
        "prediction": 1
      },
      "type": "integral"
    },
    "feature": 9,
    "name": "a4_2",
    "reference": 1,
    "relation": "==",
    "true": {
      "complexity": 0.009999999776482582,
      "loss": 0.0,
      "name": "Y",
      "prediction": 0
    },
    "type": "integral"
  },
  "feature": 14,
  "model_objective": 0.14098763465881348,
  "name": "a6_low",
  "reference": 1,
  "relation": "==",
  "true": {
    "complexity": 0.009999999776482582,
    "loss": 0.0,
    "name": "Y",
    "prediction": 0
  },
  "type": "integral"
}
{
  "false": {
    "false": {
      "false": {
        "false": {
          "false": {
            "false": {
              "complexity": 0.009999999776482582,
              "loss": 0.020061727613210678,
              "name": "Y",
              "prediction": 0
            },
            "feature": 4,
            "name": "a2_low",
            "reference": 1,
            "relation": "==",
            "true": {
              "complexity": 0.009999999776482582,
              "loss": 0.014660494402050972,
              "name": "Y",
              "prediction": 1
            },
            "type": "integral"
          },
          "feature": 5,
          "name": "a2_med",
          "reference": 1,
          "relation": "==",
          "true": {
            "complexity": 0.009999999776482582,
            "loss": 0.012345679104328156,
            "name": "Y",
            "prediction": 1
          },
          "type": "integral"
        },
        "feature": 2,
        "name": "a1_med",
        "reference": 1,
        "relation": "==",
        "true": {
          "complexity": 0.009999999776482582,
          "loss": 0.014660494402050972,
          "name": "Y",
          "prediction": 1
        },
        "type": "integral"
      },
      "feature": 1,
      "name": "a1_low",
      "reference": 1,
      "relation": "==",
      "true": {
        "complexity": 0.009999999776482582,
        "loss": 0.009259259328246117,
        "name": "Y",
        "prediction": 1
      },
      "type": "integral"
    },
    "feature": 14,
    "name": "a6_low",
    "reference": 1,
    "relation": "==",
    "true": {
      "complexity": 0.009999999776482582,
      "loss": 0.0,
      "name": "Y",
      "prediction": 0
    },
    "type": "integral"
  },
  "feature": 9,
  "model_objective": 0.14098764955997467,
  "name": "a4_2",
  "reference": 1,
  "relation": "==",
  "true": {
    "complexity": 0.009999999776482582,
    "loss": 0.0,
    "name": "Y",
    "prediction": 0
  },
  "type": "integral"
}
{
  "false": {
    "false": {
      "false": {
        "false": {
          "false": {
            "false": {
              "complexity": 0.009999999776482582,
              "loss": 0.020061727613210678,
              "name": "Y",
              "prediction": 0
            },
            "feature": 1,
            "name": "a1_low",
            "reference": 1,
            "relation": "==",
            "true": {
              "complexity": 0.009999999776482582,
              "loss": 0.0069444444961845875,
              "name": "Y",
              "prediction": 1
            },
            "type": "integral"
          },
          "feature": 5,
          "name": "a2_med",
          "reference": 1,
          "relation": "==",
          "true": {
            "complexity": 0.009999999776482582,
            "loss": 0.013117283582687378,
            "name": "Y",
            "prediction": 1
          },
          "type": "integral"
        },
        "feature": 2,
        "name": "a1_med",
        "reference": 1,
        "relation": "==",
        "true": {
          "complexity": 0.009999999776482582,
          "loss": 0.014660494402050972,
          "name": "Y",
          "prediction": 1
        },
        "type": "integral"
      },
      "feature": 4,
      "name": "a2_low",
      "reference": 1,
      "relation": "==",
      "true": {
        "complexity": 0.009999999776482582,
        "loss": 0.016203703358769417,
        "name": "Y",
        "prediction": 1
      },
      "type": "integral"
    },
    "feature": 14,
    "name": "a6_low",
    "reference": 1,
    "relation": "==",
    "true": {
      "complexity": 0.009999999776482582,
      "loss": 0.0,
      "name": "Y",
      "prediction": 0
    },
    "type": "integral"
  },
  "feature": 9,
  "model_objective": 0.14098763465881348,
  "name": "a4_2",
  "reference": 1,
  "relation": "==",
  "true": {
    "complexity": 0.009999999776482582,
    "loss": 0.0,
    "name": "Y",
    "prediction": 0
  },
  "type": "integral"
}
{
  "false": {
    "false": {
      "false": {
        "false": {
          "false": {
            "false": {
              "complexity": 0.009999999776482582,
              "loss": 0.020061727613210678,
              "name": "Y",
              "prediction": 0
            },
            "feature": 2,
            "name": "a1_med",
            "reference": 1,
            "relation": "==",
            "true": {
              "complexity": 0.009999999776482582,
              "loss": 0.013888888992369175,
              "name": "Y",
              "prediction": 1
            },
            "type": "integral"
          },
          "feature": 4,
          "name": "a2_low",
          "reference": 1,
          "relation": "==",
          "true": {
            "complexity": 0.009999999776482582,
            "loss": 0.014660494402050972,
            "name": "Y",
            "prediction": 1
          },
          "type": "integral"
        },
        "feature": 1,
        "name": "a1_low",
        "reference": 1,
        "relation": "==",
        "true": {
          "complexity": 0.009999999776482582,
          "loss": 0.008487654849886894,
          "name": "Y",
          "prediction": 1
        },
        "type": "integral"
      },
      "feature": 5,
      "name": "a2_med",
      "reference": 1,
      "relation": "==",
      "true": {
        "complexity": 0.009999999776482582,
        "loss": 0.013888888992369175,
        "name": "Y",
        "prediction": 1
      },
      "type": "integral"
    },
    "feature": 9,
    "name": "a4_2",
    "reference": 1,
    "relation": "==",
    "true": {
      "complexity": 0.009999999776482582,
      "loss": 0.0,
      "name": "Y",
      "prediction": 0
    },
    "type": "integral"
  },
  "feature": 14,
  "model_objective": 0.14098764955997467,
  "name": "a6_low",
  "reference": 1,
  "relation": "==",
  "true": {
    "complexity": 0.009999999776482582,
    "loss": 0.0,
    "name": "Y",
    "prediction": 0
  },
  "type": "integral"
}
{
  "false": {
    "false": {
      "false": {
        "false": {
          "false": {
            "false": {
              "complexity": 0.009999999776482582,
              "loss": 0.020061727613210678,
              "name": "Y",
              "prediction": 0
            },
            "feature": 1,
            "name": "a1_low",
            "reference": 1,
            "relation": "==",
            "true": {
              "complexity": 0.009999999776482582,
              "loss": 0.0069444444961845875,
              "name": "Y",
              "prediction": 1
            },
            "type": "integral"
          },
          "feature": 4,
          "name": "a2_low",
          "reference": 1,
          "relation": "==",
          "true": {
            "complexity": 0.009999999776482582,
            "loss": 0.016203703358769417,
            "name": "Y",
            "prediction": 1
          },
          "type": "integral"
        },
        "feature": 5,
        "name": "a2_med",
        "reference": 1,
        "relation": "==",
        "true": {
          "complexity": 0.009999999776482582,
          "loss": 0.013117283582687378,
          "name": "Y",
          "prediction": 1
        },
        "type": "integral"
      },
      "feature": 2,
      "name": "a1_med",
      "reference": 1,
      "relation": "==",
      "true": {
        "complexity": 0.009999999776482582,
        "loss": 0.014660494402050972,
        "name": "Y",
        "prediction": 1
      },
      "type": "integral"
    },
    "feature": 9,
    "name": "a4_2",
    "reference": 1,
    "relation": "==",
    "true": {
      "complexity": 0.009999999776482582,
      "loss": 0.0,
      "name": "Y",
      "prediction": 0
    },
    "type": "integral"
  },
  "feature": 14,
  "model_objective": 0.14098763465881348,
  "name": "a6_low",
  "reference": 1,
  "relation": "==",
  "true": {
    "complexity": 0.009999999776482582,
    "loss": 0.0,
    "name": "Y",
    "prediction": 0
  },
  "type": "integral"
}
{
  "false": {
    "false": {
      "false": {
        "false": {
          "false": {
            "false": {
              "complexity": 0.009999999776482582,
              "loss": 0.020061727613210678,
              "name": "Y",
              "prediction": 0
            },
            "feature": 1,
            "name": "a1_low",
            "reference": 1,
            "relation": "==",
            "true": {
              "complexity": 0.009999999776482582,
              "loss": 0.0069444444961845875,
              "name": "Y",
              "prediction": 1
            },
            "type": "integral"
          },
          "feature": 2,
          "name": "a1_med",
          "reference": 1,
          "relation": "==",
          "true": {
            "complexity": 0.009999999776482582,
            "loss": 0.013888888992369175,
            "name": "Y",
            "prediction": 1
          },
          "type": "integral"
        },
        "feature": 5,
        "name": "a2_med",
        "reference": 1,
        "relation": "==",
        "true": {
          "complexity": 0.009999999776482582,
          "loss": 0.013888888992369175,
          "name": "Y",
          "prediction": 1
        },
        "type": "integral"
      },
      "feature": 4,
      "name": "a2_low",
      "reference": 1,
      "relation": "==",
      "true": {
        "complexity": 0.009999999776482582,
        "loss": 0.016203703358769417,
        "name": "Y",
        "prediction": 1
      },
      "type": "integral"
    },
    "feature": 9,
    "name": "a4_2",
    "reference": 1,
    "relation": "==",
    "true": {
      "complexity": 0.009999999776482582,
      "loss": 0.0,
      "name": "Y",
      "prediction": 0
    },
    "type": "integral"
  },
  "feature": 14,
  "model_objective": 0.14098763465881348,
  "name": "a6_low",
  "reference": 1,
  "relation": "==",
  "true": {
    "complexity": 0.009999999776482582,
    "loss": 0.0,
    "name": "Y",
    "prediction": 0
  },
  "type": "integral"
}
{
  "false": {
    "false": {
      "false": {
        "false": {
          "false": {
            "false": {
              "complexity": 0.009999999776482582,
              "loss": 0.020061727613210678,
              "name": "Y",
              "prediction": 0
            },
            "feature": 4,
            "name": "a2_low",
            "reference": 1,
            "relation": "==",
            "true": {
              "complexity": 0.009999999776482582,
              "loss": 0.014660494402050972,
              "name": "Y",
              "prediction": 1
            },
            "type": "integral"
          },
          "feature": 1,
          "name": "a1_low",
          "reference": 1,
          "relation": "==",
          "true": {
            "complexity": 0.009999999776482582,
            "loss": 0.008487654849886894,
            "name": "Y",
            "prediction": 1
          },
          "type": "integral"
        },
        "feature": 5,
        "name": "a2_med",
        "reference": 1,
        "relation": "==",
        "true": {
          "complexity": 0.009999999776482582,
          "loss": 0.013117283582687378,
          "name": "Y",
          "prediction": 1
        },
        "type": "integral"
      },
      "feature": 2,
      "name": "a1_med",
      "reference": 1,
      "relation": "==",
      "true": {
        "complexity": 0.009999999776482582,
        "loss": 0.014660494402050972,
        "name": "Y",
        "prediction": 1
      },
      "type": "integral"
    },
    "feature": 9,
    "name": "a4_2",
    "reference": 1,
    "relation": "==",
    "true": {
      "complexity": 0.009999999776482582,
      "loss": 0.0,
      "name": "Y",
      "prediction": 0
    },
    "type": "integral"
  },
  "feature": 14,
  "model_objective": 0.14098764955997467,
  "name": "a6_low",
  "reference": 1,
  "relation": "==",
  "true": {
    "complexity": 0.009999999776482582,
    "loss": 0.0,
    "name": "Y",
    "prediction": 0
  },
  "type": "integral"
}
