null
Finding Optimal Objective...
{
  "false": {
    "false": {
      "complexity": 0.009999999776482582,
      "loss": 0.05263157933950424,
      "name": "Y",
      "prediction": 1
    },
    "feature": 0,
    "name": "Age_leq_38",
    "reference": 1,
    "relation": "==",
    "true": {
      "complexity": 0.009999999776482582,
      "loss": 0.008771929889917374,
      "name": "Y",
      "prediction": 0
    },
    "type": "integral"
  },
  "feature": 7,
  "model_objective": 0.2449122816324234,
  "name": "PositiveNodes_leq_8",
  "reference": 1,
  "relation": "==",
  "true": {
    "complexity": 0.009999999776482582,
    "loss": 0.1535087674856186,
    "name": "Y",
    "prediction": 0
  },
  "type": "integral"
}
{
  "false": {
    "false": {
      "complexity": 0.009999999776482582,
      "loss": 0.05263157933950424,
      "name": "Y",
      "prediction": 1
    },
    "feature": 1,
    "name": "Age_leq_40",
    "reference": 1,
    "relation": "==",
    "true": {
      "complexity": 0.009999999776482582,
      "loss": 0.008771929889917374,
      "name": "Y",
      "prediction": 0
    },
    "type": "integral"
  },
  "feature": 7,
  "model_objective": 0.2449122816324234,
  "name": "PositiveNodes_leq_8",
  "reference": 1,
  "relation": "==",
  "true": {
    "complexity": 0.009999999776482582,
    "loss": 0.1535087674856186,
    "name": "Y",
    "prediction": 0
  },
  "type": "integral"
}
{
  "false": {
    "false": {
      "complexity": 0.009999999776482582,
      "loss": 0.05263157933950424,
      "name": "Y",
      "prediction": 1
    },
    "feature": 7,
    "name": "PositiveNodes_leq_8",
    "reference": 1,
    "relation": "==",
    "true": {
      "complexity": 0.009999999776482582,
      "loss": 0.14473684132099152,
      "name": "Y",
      "prediction": 0
    },
    "type": "integral"
  },
  "feature": 1,
  "model_objective": 0.2449122667312622,
  "name": "Age_leq_40",
  "reference": 1,
  "relation": "==",
  "true": {
    "complexity": 0.009999999776482582,
    "loss": 0.017543859779834747,
    "name": "Y",
    "prediction": 0
  },
  "type": "integral"
}
{
  "false": {
    "false": {
      "complexity": 0.009999999776482582,
      "loss": 0.05263157933950424,
      "name": "Y",
      "prediction": 1
    },
    "feature": 7,
    "name": "PositiveNodes_leq_8",
    "reference": 1,
    "relation": "==",
    "true": {
      "complexity": 0.009999999776482582,
      "loss": 0.14912280440330505,
      "name": "Y",
      "prediction": 0
    },
    "type": "integral"
  },
  "feature": 0,
  "model_objective": 0.2449122816324234,
  "name": "Age_leq_38",
  "reference": 1,
  "relation": "==",
  "true": {
    "complexity": 0.009999999776482582,
    "loss": 0.01315789483487606,
    "name": "Y",
    "prediction": 0
  },
  "type": "integral"
}
treefarms reported successful execution
training completed. Number of trees in the Rashomon set: 326704
