null
Finding Optimal Objective...
{
  "false": {
    "false": {
      "complexity": 0.009999999776482582,
      "loss": 0.030701754614710808,
      "name": "Y",
      "prediction": 0
    },
    "feature": 3,
    "name": "Year_leq_1960",
    "reference": 1,
    "relation": "==",
    "true": {
      "complexity": 0.009999999776482582,
      "loss": 0.008771929889917374,
      "name": "Y",
      "prediction": 1
    },
    "type": "integral"
  },
  "feature": 7,
  "model_objective": 0.26245614886283875,
  "name": "PositiveNodes_leq_8",
  "reference": 1,
  "relation": "==",
  "true": {
    "complexity": 0.009999999776482582,
    "loss": 0.19298246502876282,
    "name": "Y",
    "prediction": 0
  },
  "type": "integral"
}
{
  "false": {
    "complexity": 0.009999999776482582,
    "loss": 0.17105263471603394,
    "name": "Y",
    "prediction": 0
  },
  "feature": 3,
  "model_objective": 0.26245614886283875,
  "name": "Year_leq_1960",
  "reference": 1,
  "relation": "==",
  "true": {
    "false": {
      "complexity": 0.009999999776482582,
      "loss": 0.008771929889917374,
      "name": "Y",
      "prediction": 1
    },
    "feature": 7,
    "name": "PositiveNodes_leq_8",
    "reference": 1,
    "relation": "==",
    "true": {
      "complexity": 0.009999999776482582,
      "loss": 0.05263157933950424,
      "name": "Y",
      "prediction": 0
    },
    "type": "integral"
  },
  "type": "integral"
}
treefarms reported successful execution
training completed. Number of trees in the Rashomon set: 4597015
