null
Finding Optimal Objective...
{
  "false": {
    "false": {
      "complexity": 0.009999999776482582,
      "loss": 0.04385964944958687,
      "name": "Y",
      "prediction": 1
    },
    "feature": 0,
    "name": "Age_leq_38",
    "reference": 1,
    "relation": "==",
    "true": {
      "complexity": 0.009999999776482582,
      "loss": 0.004385964944958687,
      "name": "Y",
      "prediction": 0
    },
    "type": "integral"
  },
  "feature": 7,
  "model_objective": 0.258070170879364,
  "name": "PositiveNodes_leq_8",
  "reference": 1,
  "relation": "==",
  "true": {
    "complexity": 0.009999999776482582,
    "loss": 0.179824560880661,
    "name": "Y",
    "prediction": 0
  },
  "type": "integral"
}
{
  "false": {
    "false": {
      "complexity": 0.009999999776482582,
      "loss": 0.04385964944958687,
      "name": "Y",
      "prediction": 1
    },
    "feature": 1,
    "name": "Age_leq_40",
    "reference": 1,
    "relation": "==",
    "true": {
      "complexity": 0.009999999776482582,
      "loss": 0.004385964944958687,
      "name": "Y",
      "prediction": 0
    },
    "type": "integral"
  },
  "feature": 7,
  "model_objective": 0.258070170879364,
  "name": "PositiveNodes_leq_8",
  "reference": 1,
  "relation": "==",
  "true": {
    "complexity": 0.009999999776482582,
    "loss": 0.179824560880661,
    "name": "Y",
    "prediction": 0
  },
  "type": "integral"
}
{
  "false": {
    "false": {
      "complexity": 0.009999999776482582,
      "loss": 0.04385964944958687,
      "name": "Y",
      "prediction": 1
    },
    "feature": 7,
    "name": "PositiveNodes_leq_8",
    "reference": 1,
    "relation": "==",
    "true": {
      "complexity": 0.009999999776482582,
      "loss": 0.17105263471603394,
      "name": "Y",
      "prediction": 0
    },
    "type": "integral"
  },
  "feature": 1,
  "model_objective": 0.258070170879364,
  "name": "Age_leq_40",
  "reference": 1,
  "relation": "==",
  "true": {
    "complexity": 0.009999999776482582,
    "loss": 0.01315789483487606,
    "name": "Y",
    "prediction": 0
  },
  "type": "integral"
}
{
  "false": {
    "false": {
      "complexity": 0.009999999776482582,
      "loss": 0.04385964944958687,
      "name": "Y",
      "prediction": 1
    },
    "feature": 7,
    "name": "PositiveNodes_leq_8",
    "reference": 1,
    "relation": "==",
    "true": {
      "complexity": 0.009999999776482582,
      "loss": 0.17543859779834747,
      "name": "Y",
      "prediction": 0
    },
    "type": "integral"
  },
  "feature": 0,
  "model_objective": 0.258070170879364,
  "name": "Age_leq_38",
  "reference": 1,
  "relation": "==",
  "true": {
    "complexity": 0.009999999776482582,
    "loss": 0.008771929889917374,
    "name": "Y",
    "prediction": 0
  },
  "type": "integral"
}
treefarms reported successful execution
training completed. Number of trees in the Rashomon set: 63030
