null
Finding Optimal Objective...
{
  "false": {
    "false": {
      "complexity": 0.009999999776482582,
      "loss": 0.048245616257190704,
      "name": "Y",
      "prediction": 1
    },
    "feature": 0,
    "name": "Age_leq_38",
    "reference": 1,
    "relation": "==",
    "true": {
      "complexity": 0.009999999776482582,
      "loss": 0.004385964944958687,
      "name": "Y",
      "prediction": 0
    },
    "type": "integral"
  },
  "feature": 7,
  "model_objective": 0.24052631855010986,
  "name": "PositiveNodes_leq_8",
  "reference": 1,
  "relation": "==",
  "true": {
    "complexity": 0.009999999776482582,
    "loss": 0.15789473056793213,
    "name": "Y",
    "prediction": 0
  },
  "type": "integral"
}
{
  "false": {
    "false": {
      "complexity": 0.009999999776482582,
      "loss": 0.048245616257190704,
      "name": "Y",
      "prediction": 1
    },
    "feature": 1,
    "name": "Age_leq_40",
    "reference": 1,
    "relation": "==",
    "true": {
      "complexity": 0.009999999776482582,
      "loss": 0.004385964944958687,
      "name": "Y",
      "prediction": 0
    },
    "type": "integral"
  },
  "feature": 7,
  "model_objective": 0.24052631855010986,
  "name": "PositiveNodes_leq_8",
  "reference": 1,
  "relation": "==",
  "true": {
    "complexity": 0.009999999776482582,
    "loss": 0.15789473056793213,
    "name": "Y",
    "prediction": 0
  },
  "type": "integral"
}
{
  "false": {
    "false": {
      "complexity": 0.009999999776482582,
      "loss": 0.0833333358168602,
      "name": "Y",
      "prediction": 1
    },
    "feature": 1,
    "name": "Age_leq_40",
    "reference": 1,
    "relation": "==",
    "true": {
      "complexity": 0.009999999776482582,
      "loss": 0.004385964944958687,
      "name": "Y",
      "prediction": 0
    },
    "type": "integral"
  },
  "feature": 6,
  "model_objective": 0.24052631855010986,
  "name": "PositiveNodes_leq_4",
  "reference": 1,
  "relation": "==",
  "true": {
    "complexity": 0.009999999776482582,
    "loss": 0.12280701845884323,
    "name": "Y",
    "prediction": 0
  },
  "type": "integral"
}
{
  "false": {
    "false": {
      "complexity": 0.009999999776482582,
      "loss": 0.0833333358168602,
      "name": "Y",
      "prediction": 1
    },
    "feature": 0,
    "name": "Age_leq_38",
    "reference": 1,
    "relation": "==",
    "true": {
      "complexity": 0.009999999776482582,
      "loss": 0.004385964944958687,
      "name": "Y",
      "prediction": 0
    },
    "type": "integral"
  },
  "feature": 6,
  "model_objective": 0.24052631855010986,
  "name": "PositiveNodes_leq_4",
  "reference": 1,
  "relation": "==",
  "true": {
    "complexity": 0.009999999776482582,
    "loss": 0.12280701845884323,
    "name": "Y",
    "prediction": 0
  },
  "type": "integral"
}
{
  "false": {
    "false": {
      "complexity": 0.009999999776482582,
      "loss": 0.0833333358168602,
      "name": "Y",
      "prediction": 1
    },
    "feature": 6,
    "name": "PositiveNodes_leq_4",
    "reference": 1,
    "relation": "==",
    "true": {
      "complexity": 0.009999999776482582,
      "loss": 0.1184210553765297,
      "name": "Y",
      "prediction": 0
    },
    "type": "integral"
  },
  "feature": 1,
  "model_objective": 0.24052631855010986,
  "name": "Age_leq_40",
  "reference": 1,
  "relation": "==",
  "true": {
    "complexity": 0.009999999776482582,
    "loss": 0.008771929889917374,
    "name": "Y",
    "prediction": 0
  },
  "type": "integral"
}
{
  "false": {
    "false": {
      "complexity": 0.009999999776482582,
      "loss": 0.0833333358168602,
      "name": "Y",
      "prediction": 1
    },
    "feature": 6,
    "name": "PositiveNodes_leq_4",
    "reference": 1,
    "relation": "==",
    "true": {
      "complexity": 0.009999999776482582,
      "loss": 0.1184210553765297,
      "name": "Y",
      "prediction": 0
    },
    "type": "integral"
  },
  "feature": 0,
  "model_objective": 0.24052631855010986,
  "name": "Age_leq_38",
  "reference": 1,
  "relation": "==",
  "true": {
    "complexity": 0.009999999776482582,
    "loss": 0.008771929889917374,
    "name": "Y",
    "prediction": 0
  },
  "type": "integral"
}
{
  "false": {
    "false": {
      "complexity": 0.009999999776482582,
      "loss": 0.048245616257190704,
      "name": "Y",
      "prediction": 1
    },
    "feature": 7,
    "name": "PositiveNodes_leq_8",
    "reference": 1,
    "relation": "==",
    "true": {
      "complexity": 0.009999999776482582,
      "loss": 0.1535087674856186,
      "name": "Y",
      "prediction": 0
    },
    "type": "integral"
  },
  "feature": 1,
  "model_objective": 0.24052631855010986,
  "name": "Age_leq_40",
  "reference": 1,
  "relation": "==",
  "true": {
    "complexity": 0.009999999776482582,
    "loss": 0.008771929889917374,
    "name": "Y",
    "prediction": 0
  },
  "type": "integral"
}
{
  "false": {
    "false": {
      "complexity": 0.009999999776482582,
      "loss": 0.048245616257190704,
      "name": "Y",
      "prediction": 1
    },
    "feature": 7,
    "name": "PositiveNodes_leq_8",
    "reference": 1,
    "relation": "==",
    "true": {
      "complexity": 0.009999999776482582,
      "loss": 0.1535087674856186,
      "name": "Y",
      "prediction": 0
    },
    "type": "integral"
  },
  "feature": 0,
  "model_objective": 0.24052631855010986,
  "name": "Age_leq_38",
  "reference": 1,
  "relation": "==",
  "true": {
    "complexity": 0.009999999776482582,
    "loss": 0.008771929889917374,
    "name": "Y",
    "prediction": 0
  },
  "type": "integral"
}
treefarms reported successful execution
training completed. Number of trees in the Rashomon set: 71483
