null
Finding Optimal Objective...
{
  "false": {
    "complexity": 0.009999999776482582,
    "loss": 0.0833333358168602,
    "name": "Y",
    "prediction": 1
  },
  "feature": 6,
  "model_objective": 0.24368421733379364,
  "name": "PositiveNodes_leq_4",
  "reference": 1,
  "relation": "==",
  "true": {
    "complexity": 0.009999999776482582,
    "loss": 0.14035087823867798,
    "name": "Y",
    "prediction": 0
  },
  "type": "integral"
}
treefarms reported successful execution
training completed. Number of trees in the Rashomon set: 378259
