null
Finding Optimal Objective...
{
  "false": {
    "false": {
      "complexity": 0.009999999776482582,
      "loss": 0.05701754242181778,
      "name": "Y",
      "prediction": 0
    },
    "feature": 3,
    "name": "Year_leq_1960",
    "reference": 1,
    "relation": "==",
    "true": {
      "complexity": 0.009999999776482582,
      "loss": 0.008771929889917374,
      "name": "Y",
      "prediction": 1
    },
    "type": "integral"
  },
  "feature": 7,
  "model_objective": 0.23614035546779633,
  "name": "PositiveNodes_leq_8",
  "reference": 1,
  "relation": "==",
  "true": {
    "complexity": 0.009999999776482582,
    "loss": 0.14035087823867798,
    "name": "Y",
    "prediction": 0
  },
  "type": "integral"
}
{
  "false": {
    "complexity": 0.009999999776482582,
    "loss": 0.16228070855140686,
    "name": "Y",
    "prediction": 0
  },
  "feature": 3,
  "model_objective": 0.23614035546779633,
  "name": "Year_leq_1960",
  "reference": 1,
  "relation": "==",
  "true": {
    "false": {
      "complexity": 0.009999999776482582,
      "loss": 0.008771929889917374,
      "name": "Y",
      "prediction": 1
    },
    "feature": 7,
    "name": "PositiveNodes_leq_8",
    "reference": 1,
    "relation": "==",
    "true": {
      "complexity": 0.009999999776482582,
      "loss": 0.035087719559669495,
      "name": "Y",
      "prediction": 0
    },
    "type": "integral"
  },
  "type": "integral"
}
treefarms reported successful execution
training completed. Number of trees in the Rashomon set: 558546
