null
Finding Optimal Objective...
{
  "false": {
    "false": {
      "complexity": 0.009999999776482582,
      "loss": 0.01785714365541935,
      "name": "Y",
      "prediction": 2
    },
    "feature": 6,
    "name": "PetalLength_1",
    "reference": 1.0,
    "relation": "==",
    "true": {
      "complexity": 0.009999999776482582,
      "loss": 0.0,
      "name": "Y",
      "prediction": 0
    },
    "type": "rational"
  },
  "feature": 10,
  "model_objective": 0.06678571552038193,
  "name": "PetalWidth_2",
  "reference": 1.0,
  "relation": "==",
  "true": {
    "false": {
      "complexity": 0.009999999776482582,
      "loss": 0.0,
      "name": "Y",
      "prediction": 1
    },
    "feature": 8,
    "name": "PetalLength_3",
    "reference": 1.0,
    "relation": "==",
    "true": {
      "complexity": 0.009999999776482582,
      "loss": 0.008928571827709675,
      "name": "Y",
      "prediction": 2
    },
    "type": "rational"
  },
  "type": "rational"
}
{
  "false": {
    "false": {
      "complexity": 0.009999999776482582,
      "loss": 0.0,
      "name": "Y",
      "prediction": 0
    },
    "feature": 11,
    "name": "PetalWidth_3",
    "reference": 1.0,
    "relation": "==",
    "true": {
      "complexity": 0.009999999776482582,
      "loss": 0.01785714365541935,
      "name": "Y",
      "prediction": 2
    },
    "type": "rational"
  },
  "feature": 10,
  "model_objective": 0.06678571552038193,
  "name": "PetalWidth_2",
  "reference": 1.0,
  "relation": "==",
  "true": {
    "false": {
      "complexity": 0.009999999776482582,
      "loss": 0.0,
      "name": "Y",
      "prediction": 1
    },
    "feature": 8,
    "name": "PetalLength_3",
    "reference": 1.0,
    "relation": "==",
    "true": {
      "complexity": 0.009999999776482582,
      "loss": 0.008928571827709675,
      "name": "Y",
      "prediction": 2
    },
    "type": "rational"
  },
  "type": "rational"
}
{
  "false": {
    "false": {
      "false": {
        "complexity": 0.009999999776482582,
        "loss": 0.0,
        "name": "Y",
        "prediction": 1
      },
      "feature": 8,
      "name": "PetalLength_3",
      "reference": 1.0,
      "relation": "==",
      "true": {
        "complexity": 0.009999999776482582,
        "loss": 0.008928571827709675,
        "name": "Y",
        "prediction": 2
      },
      "type": "rational"
    },
    "feature": 11,
    "name": "PetalWidth_3",
    "reference": 1.0,
    "relation": "==",
    "true": {
      "complexity": 0.009999999776482582,
      "loss": 0.01785714365541935,
      "name": "Y",
      "prediction": 2
    },
    "type": "rational"
  },
  "feature": 9,
  "model_objective": 0.06678571552038193,
  "name": "PetalWidth_1",
  "reference": 1.0,
  "relation": "==",
  "true": {
    "complexity": 0.009999999776482582,
    "loss": 0.0,
    "name": "Y",
    "prediction": 0
  },
  "type": "rational"
}
{
  "false": {
    "false": {
      "complexity": 0.009999999776482582,
      "loss": 0.01785714365541935,
      "name": "Y",
      "prediction": 2
    },
    "feature": 7,
    "name": "PetalLength_2",
    "reference": 1.0,
    "relation": "==",
    "true": {
      "false": {
        "complexity": 0.009999999776482582,
        "loss": 0.008928571827709675,
        "name": "Y",
        "prediction": 2
      },
      "feature": 10,
      "name": "PetalWidth_2",
      "reference": 1.0,
      "relation": "==",
      "true": {
        "complexity": 0.009999999776482582,
        "loss": 0.0,
        "name": "Y",
        "prediction": 1
      },
      "type": "rational"
    },
    "type": "rational"
  },
  "feature": 9,
  "model_objective": 0.06678571552038193,
  "name": "PetalWidth_1",
  "reference": 1.0,
  "relation": "==",
  "true": {
    "complexity": 0.009999999776482582,
    "loss": 0.0,
    "name": "Y",
    "prediction": 0
  },
  "type": "rational"
}
{
  "false": {
    "false": {
      "false": {
        "complexity": 0.009999999776482582,
        "loss": 0.0,
        "name": "Y",
        "prediction": 1
      },
      "feature": 11,
      "name": "PetalWidth_3",
      "reference": 1.0,
      "relation": "==",
      "true": {
        "complexity": 0.009999999776482582,
        "loss": 0.008928571827709675,
        "name": "Y",
        "prediction": 2
      },
      "type": "rational"
    },
    "feature": 8,
    "name": "PetalLength_3",
    "reference": 1.0,
    "relation": "==",
    "true": {
      "complexity": 0.009999999776482582,
      "loss": 0.01785714365541935,
      "name": "Y",
      "prediction": 2
    },
    "type": "rational"
  },
  "feature": 9,
  "model_objective": 0.06678571552038193,
  "name": "PetalWidth_1",
  "reference": 1.0,
  "relation": "==",
  "true": {
    "complexity": 0.009999999776482582,
    "loss": 0.0,
    "name": "Y",
    "prediction": 0
  },
  "type": "rational"
}
{
  "false": {
    "false": {
      "complexity": 0.009999999776482582,
      "loss": 0.01785714365541935,
      "name": "Y",
      "prediction": 2
    },
    "feature": 9,
    "name": "PetalWidth_1",
    "reference": 1.0,
    "relation": "==",
    "true": {
      "complexity": 0.009999999776482582,
      "loss": 0.0,
      "name": "Y",
      "prediction": 0
    },
    "type": "rational"
  },
  "feature": 10,
  "model_objective": 0.06678571552038193,
  "name": "PetalWidth_2",
  "reference": 1.0,
  "relation": "==",
  "true": {
    "false": {
      "complexity": 0.009999999776482582,
      "loss": 0.0,
      "name": "Y",
      "prediction": 1
    },
    "feature": 8,
    "name": "PetalLength_3",
    "reference": 1.0,
    "relation": "==",
    "true": {
      "complexity": 0.009999999776482582,
      "loss": 0.008928571827709675,
      "name": "Y",
      "prediction": 2
    },
    "type": "rational"
  },
  "type": "rational"
}
{
  "false": {
    "false": {
      "false": {
        "complexity": 0.009999999776482582,
        "loss": 0.008928571827709675,
        "name": "Y",
        "prediction": 2
      },
      "feature": 10,
      "name": "PetalWidth_2",
      "reference": 1.0,
      "relation": "==",
      "true": {
        "complexity": 0.009999999776482582,
        "loss": 0.0,
        "name": "Y",
        "prediction": 1
      },
      "type": "rational"
    },
    "feature": 8,
    "name": "PetalLength_3",
    "reference": 1.0,
    "relation": "==",
    "true": {
      "complexity": 0.009999999776482582,
      "loss": 0.01785714365541935,
      "name": "Y",
      "prediction": 2
    },
    "type": "rational"
  },
  "feature": 9,
  "model_objective": 0.06678571552038193,
  "name": "PetalWidth_1",
  "reference": 1.0,
  "relation": "==",
  "true": {
    "complexity": 0.009999999776482582,
    "loss": 0.0,
    "name": "Y",
    "prediction": 0
  },
  "type": "rational"
}
{
  "false": {
    "false": {
      "complexity": 0.009999999776482582,
      "loss": 0.01785714365541935,
      "name": "Y",
      "prediction": 2
    },
    "feature": 10,
    "name": "PetalWidth_2",
    "reference": 1.0,
    "relation": "==",
    "true": {
      "false": {
        "complexity": 0.009999999776482582,
        "loss": 0.008928571827709675,
        "name": "Y",
        "prediction": 2
      },
      "feature": 7,
      "name": "PetalLength_2",
      "reference": 1.0,
      "relation": "==",
      "true": {
        "complexity": 0.009999999776482582,
        "loss": 0.0,
        "name": "Y",
        "prediction": 1
      },
      "type": "rational"
    },
    "type": "rational"
  },
  "feature": 9,
  "model_objective": 0.06678571552038193,
  "name": "PetalWidth_1",
  "reference": 1.0,
  "relation": "==",
  "true": {
    "complexity": 0.009999999776482582,
    "loss": 0.0,
    "name": "Y",
    "prediction": 0
  },
  "type": "rational"
}
{
  "false": {
    "false": {
      "false": {
        "complexity": 0.009999999776482582,
        "loss": 0.008928571827709675,
        "name": "Y",
        "prediction": 2
      },
      "feature": 7,
      "name": "PetalLength_2",
      "reference": 1.0,
      "relation": "==",
      "true": {
        "complexity": 0.009999999776482582,
        "loss": 0.0,
        "name": "Y",
        "prediction": 1
      },
      "type": "rational"
    },
    "feature": 11,
    "name": "PetalWidth_3",
    "reference": 1.0,
    "relation": "==",
    "true": {
      "complexity": 0.009999999776482582,
      "loss": 0.01785714365541935,
      "name": "Y",
      "prediction": 2
    },
    "type": "rational"
  },
  "feature": 6,
  "model_objective": 0.06678571552038193,
  "name": "PetalLength_1",
  "reference": 1.0,
  "relation": "==",
  "true": {
    "complexity": 0.009999999776482582,
    "loss": 0.0,
    "name": "Y",
    "prediction": 0
  },
  "type": "rational"
}
{
  "false": {
    "false": {
      "complexity": 0.009999999776482582,
      "loss": 0.01785714365541935,
      "name": "Y",
      "prediction": 2
    },
    "feature": 7,
    "name": "PetalLength_2",
    "reference": 1.0,
    "relation": "==",
    "true": {
      "false": {
        "complexity": 0.009999999776482582,
        "loss": 0.0,
        "name": "Y",
        "prediction": 1
      },
      "feature": 11,
      "name": "PetalWidth_3",
      "reference": 1.0,
      "relation": "==",
      "true": {
        "complexity": 0.009999999776482582,
        "loss": 0.008928571827709675,
        "name": "Y",
        "prediction": 2
      },
      "type": "rational"
    },
    "type": "rational"
  },
  "feature": 9,
  "model_objective": 0.06678571552038193,
  "name": "PetalWidth_1",
  "reference": 1.0,
  "relation": "==",
  "true": {
    "complexity": 0.009999999776482582,
    "loss": 0.0,
    "name": "Y",
    "prediction": 0
  },
  "type": "rational"
}
{
  "false": {
    "false": {
      "complexity": 0.009999999776482582,
      "loss": 0.01785714365541935,
      "name": "Y",
      "prediction": 2
    },
    "feature": 10,
    "name": "PetalWidth_2",
    "reference": 1.0,
    "relation": "==",
    "true": {
      "false": {
        "complexity": 0.009999999776482582,
        "loss": 0.008928571827709675,
        "name": "Y",
        "prediction": 2
      },
      "feature": 7,
      "name": "PetalLength_2",
      "reference": 1.0,
      "relation": "==",
      "true": {
        "complexity": 0.009999999776482582,
        "loss": 0.0,
        "name": "Y",
        "prediction": 1
      },
      "type": "rational"
    },
    "type": "rational"
  },
  "feature": 6,
  "model_objective": 0.06678571552038193,
  "name": "PetalLength_1",
  "reference": 1.0,
  "relation": "==",
  "true": {
    "complexity": 0.009999999776482582,
    "loss": 0.0,
    "name": "Y",
    "prediction": 0
  },
  "type": "rational"
}
{
  "false": {
    "false": {
      "complexity": 0.009999999776482582,
      "loss": 0.01785714365541935,
      "name": "Y",
      "prediction": 2
    },
    "feature": 10,
    "name": "PetalWidth_2",
    "reference": 1.0,
    "relation": "==",
    "true": {
      "false": {
        "complexity": 0.009999999776482582,
        "loss": 0.0,
        "name": "Y",
        "prediction": 1
      },
      "feature": 8,
      "name": "PetalLength_3",
      "reference": 1.0,
      "relation": "==",
      "true": {
        "complexity": 0.009999999776482582,
        "loss": 0.008928571827709675,
        "name": "Y",
        "prediction": 2
      },
      "type": "rational"
    },
    "type": "rational"
  },
  "feature": 6,
  "model_objective": 0.06678571552038193,
  "name": "PetalLength_1",
  "reference": 1.0,
  "relation": "==",
  "true": {
    "complexity": 0.009999999776482582,
    "loss": 0.0,
    "name": "Y",
    "prediction": 0
  },
  "type": "rational"
}
{
  "false": {
    "false": {
      "complexity": 0.009999999776482582,
      "loss": 0.01785714365541935,
      "name": "Y",
      "prediction": 2
    },
    "feature": 6,
    "name": "PetalLength_1",
    "reference": 1.0,
    "relation": "==",
    "true": {
      "complexity": 0.009999999776482582,
      "loss": 0.0,
      "name": "Y",
      "prediction": 0
    },
    "type": "rational"
  },
  "feature": 7,
  "model_objective": 0.06678571552038193,
  "name": "PetalLength_2",
  "reference": 1.0,
  "relation": "==",
  "true": {
    "false": {
      "complexity": 0.009999999776482582,
      "loss": 0.008928571827709675,
      "name": "Y",
      "prediction": 2
    },
    "feature": 10,
    "name": "PetalWidth_2",
    "reference": 1.0,
    "relation": "==",
    "true": {
      "complexity": 0.009999999776482582,
      "loss": 0.0,
      "name": "Y",
      "prediction": 1
    },
    "type": "rational"
  },
  "type": "rational"
}
{
  "false": {
    "false": {
      "false": {
        "complexity": 0.009999999776482582,
        "loss": 0.008928571827709675,
        "name": "Y",
        "prediction": 2
      },
      "feature": 10,
      "name": "PetalWidth_2",
      "reference": 1.0,
      "relation": "==",
      "true": {
        "complexity": 0.009999999776482582,
        "loss": 0.0,
        "name": "Y",
        "prediction": 1
      },
      "type": "rational"
    },
    "feature": 8,
    "name": "PetalLength_3",
    "reference": 1.0,
    "relation": "==",
    "true": {
      "complexity": 0.009999999776482582,
      "loss": 0.01785714365541935,
      "name": "Y",
      "prediction": 2
    },
    "type": "rational"
  },
  "feature": 6,
  "model_objective": 0.06678571552038193,
  "name": "PetalLength_1",
  "reference": 1.0,
  "relation": "==",
  "true": {
    "complexity": 0.009999999776482582,
    "loss": 0.0,
    "name": "Y",
    "prediction": 0
  },
  "type": "rational"
}
{
  "false": {
    "false": {
      "complexity": 0.009999999776482582,
      "loss": 0.01785714365541935,
      "name": "Y",
      "prediction": 2
    },
    "feature": 6,
    "name": "PetalLength_1",
    "reference": 1.0,
    "relation": "==",
    "true": {
      "complexity": 0.009999999776482582,
      "loss": 0.0,
      "name": "Y",
      "prediction": 0
    },
    "type": "rational"
  },
  "feature": 10,
  "model_objective": 0.06678571552038193,
  "name": "PetalWidth_2",
  "reference": 1.0,
  "relation": "==",
  "true": {
    "false": {
      "complexity": 0.009999999776482582,
      "loss": 0.008928571827709675,
      "name": "Y",
      "prediction": 2
    },
    "feature": 7,
    "name": "PetalLength_2",
    "reference": 1.0,
    "relation": "==",
    "true": {
      "complexity": 0.009999999776482582,
      "loss": 0.0,
      "name": "Y",
      "prediction": 1
    },
    "type": "rational"
  },
  "type": "rational"
}
{
  "false": {
    "false": {
      "false": {
        "complexity": 0.009999999776482582,
        "loss": 0.0,
        "name": "Y",
        "prediction": 1
      },
      "feature": 11,
      "name": "PetalWidth_3",
      "reference": 1.0,
      "relation": "==",
      "true": {
        "complexity": 0.009999999776482582,
        "loss": 0.008928571827709675,
        "name": "Y",
        "prediction": 2
      },
      "type": "rational"
    },
    "feature": 8,
    "name": "PetalLength_3",
    "reference": 1.0,
    "relation": "==",
    "true": {
      "complexity": 0.009999999776482582,
      "loss": 0.01785714365541935,
      "name": "Y",
      "prediction": 2
    },
    "type": "rational"
  },
  "feature": 6,
  "model_objective": 0.06678571552038193,
  "name": "PetalLength_1",
  "reference": 1.0,
  "relation": "==",
  "true": {
    "complexity": 0.009999999776482582,
    "loss": 0.0,
    "name": "Y",
    "prediction": 0
  },
  "type": "rational"
}
{
  "false": {
    "false": {
      "complexity": 0.009999999776482582,
      "loss": 0.01785714365541935,
      "name": "Y",
      "prediction": 2
    },
    "feature": 10,
    "name": "PetalWidth_2",
    "reference": 1.0,
    "relation": "==",
    "true": {
      "false": {
        "complexity": 0.009999999776482582,
        "loss": 0.0,
        "name": "Y",
        "prediction": 1
      },
      "feature": 8,
      "name": "PetalLength_3",
      "reference": 1.0,
      "relation": "==",
      "true": {
        "complexity": 0.009999999776482582,
        "loss": 0.008928571827709675,
        "name": "Y",
        "prediction": 2
      },
      "type": "rational"
    },
    "type": "rational"
  },
  "feature": 9,
  "model_objective": 0.06678571552038193,
  "name": "PetalWidth_1",
  "reference": 1.0,
  "relation": "==",
  "true": {
    "complexity": 0.009999999776482582,
    "loss": 0.0,
    "name": "Y",
    "prediction": 0
  },
  "type": "rational"
}
{
  "false": {
    "false": {
      "false": {
        "complexity": 0.009999999776482582,
        "loss": 0.0,
        "name": "Y",
        "prediction": 1
      },
      "feature": 8,
      "name": "PetalLength_3",
      "reference": 1.0,
      "relation": "==",
      "true": {
        "complexity": 0.009999999776482582,
        "loss": 0.008928571827709675,
        "name": "Y",
        "prediction": 2
      },
      "type": "rational"
    },
    "feature": 11,
    "name": "PetalWidth_3",
    "reference": 1.0,
    "relation": "==",
    "true": {
      "complexity": 0.009999999776482582,
      "loss": 0.01785714365541935,
      "name": "Y",
      "prediction": 2
    },
    "type": "rational"
  },
  "feature": 6,
  "model_objective": 0.06678571552038193,
  "name": "PetalLength_1",
  "reference": 1.0,
  "relation": "==",
  "true": {
    "complexity": 0.009999999776482582,
    "loss": 0.0,
    "name": "Y",
    "prediction": 0
  },
  "type": "rational"
}
{
  "false": {
    "false": {
      "complexity": 0.009999999776482582,
      "loss": 0.01785714365541935,
      "name": "Y",
      "prediction": 2
    },
    "feature": 7,
    "name": "PetalLength_2",
    "reference": 1.0,
    "relation": "==",
    "true": {
      "false": {
        "complexity": 0.009999999776482582,
        "loss": 0.0,
        "name": "Y",
        "prediction": 1
      },
      "feature": 11,
      "name": "PetalWidth_3",
      "reference": 1.0,
      "relation": "==",
      "true": {
        "complexity": 0.009999999776482582,
        "loss": 0.008928571827709675,
        "name": "Y",
        "prediction": 2
      },
      "type": "rational"
    },
    "type": "rational"
  },
  "feature": 6,
  "model_objective": 0.06678571552038193,
  "name": "PetalLength_1",
  "reference": 1.0,
  "relation": "==",
  "true": {
    "complexity": 0.009999999776482582,
    "loss": 0.0,
    "name": "Y",
    "prediction": 0
  },
  "type": "rational"
}
{
  "false": {
    "false": {
      "complexity": 0.009999999776482582,
      "loss": 0.0,
      "name": "Y",
      "prediction": 0
    },
    "feature": 11,
    "name": "PetalWidth_3",
    "reference": 1.0,
    "relation": "==",
    "true": {
      "complexity": 0.009999999776482582,
      "loss": 0.01785714365541935,
      "name": "Y",
      "prediction": 2
    },
    "type": "rational"
  },
  "feature": 10,
  "model_objective": 0.06678571552038193,
  "name": "PetalWidth_2",
  "reference": 1.0,
  "relation": "==",
  "true": {
    "false": {
      "complexity": 0.009999999776482582,
      "loss": 0.008928571827709675,
      "name": "Y",
      "prediction": 2
    },
    "feature": 7,
    "name": "PetalLength_2",
    "reference": 1.0,
    "relation": "==",
    "true": {
      "complexity": 0.009999999776482582,
      "loss": 0.0,
      "name": "Y",
      "prediction": 1
    },
    "type": "rational"
  },
  "type": "rational"
}
{
  "false": {
    "false": {
      "complexity": 0.009999999776482582,
      "loss": 0.01785714365541935,
      "name": "Y",
      "prediction": 2
    },
    "feature": 7,
    "name": "PetalLength_2",
    "reference": 1.0,
    "relation": "==",
    "true": {
      "false": {
        "complexity": 0.009999999776482582,
        "loss": 0.008928571827709675,
        "name": "Y",
        "prediction": 2
      },
      "feature": 10,
      "name": "PetalWidth_2",
      "reference": 1.0,
      "relation": "==",
      "true": {
        "complexity": 0.009999999776482582,
        "loss": 0.0,
        "name": "Y",
        "prediction": 1
      },
      "type": "rational"
    },
    "type": "rational"
  },
  "feature": 6,
  "model_objective": 0.06678571552038193,
  "name": "PetalLength_1",
  "reference": 1.0,
  "relation": "==",
  "true": {
    "complexity": 0.009999999776482582,
    "loss": 0.0,
    "name": "Y",
    "prediction": 0
  },
  "type": "rational"
}
{
  "false": {
    "false": {
      "complexity": 0.009999999776482582,
      "loss": 0.01785714365541935,
      "name": "Y",
      "prediction": 2
    },
    "feature": 9,
    "name": "PetalWidth_1",
    "reference": 1.0,
    "relation": "==",
    "true": {
      "complexity": 0.009999999776482582,
      "loss": 0.0,
      "name": "Y",
      "prediction": 0
    },
    "type": "rational"
  },
  "feature": 7,
  "model_objective": 0.06678571552038193,
  "name": "PetalLength_2",
  "reference": 1.0,
  "relation": "==",
  "true": {
    "false": {
      "complexity": 0.009999999776482582,
      "loss": 0.0,
      "name": "Y",
      "prediction": 1
    },
    "feature": 11,
    "name": "PetalWidth_3",
    "reference": 1.0,
    "relation": "==",
    "true": {
      "complexity": 0.009999999776482582,
      "loss": 0.008928571827709675,
      "name": "Y",
      "prediction": 2
    },
    "type": "rational"
  },
  "type": "rational"
}
{
  "false": {
    "false": {
      "complexity": 0.009999999776482582,
      "loss": 0.01785714365541935,
      "name": "Y",
      "prediction": 2
    },
    "feature": 9,
    "name": "PetalWidth_1",
    "reference": 1.0,
    "relation": "==",
    "true": {
      "complexity": 0.009999999776482582,
      "loss": 0.0,
      "name": "Y",
      "prediction": 0
    },
    "type": "rational"
  },
  "feature": 10,
  "model_objective": 0.06678571552038193,
  "name": "PetalWidth_2",
  "reference": 1.0,
  "relation": "==",
  "true": {
    "false": {
      "complexity": 0.009999999776482582,
      "loss": 0.008928571827709675,
      "name": "Y",
      "prediction": 2
    },
    "feature": 7,
    "name": "PetalLength_2",
    "reference": 1.0,
    "relation": "==",
    "true": {
      "complexity": 0.009999999776482582,
      "loss": 0.0,
      "name": "Y",
      "prediction": 1
    },
    "type": "rational"
  },
  "type": "rational"
}
{
  "false": {
    "false": {
      "complexity": 0.009999999776482582,
      "loss": 0.0,
      "name": "Y",
      "prediction": 0
    },
    "feature": 8,
    "name": "PetalLength_3",
    "reference": 1.0,
    "relation": "==",
    "true": {
      "complexity": 0.009999999776482582,
      "loss": 0.01785714365541935,
      "name": "Y",
      "prediction": 2
    },
    "type": "rational"
  },
  "feature": 7,
  "model_objective": 0.06678571552038193,
  "name": "PetalLength_2",
  "reference": 1.0,
  "relation": "==",
  "true": {
    "false": {
      "complexity": 0.009999999776482582,
      "loss": 0.008928571827709675,
      "name": "Y",
      "prediction": 2
    },
    "feature": 10,
    "name": "PetalWidth_2",
    "reference": 1.0,
    "relation": "==",
    "true": {
      "complexity": 0.009999999776482582,
      "loss": 0.0,
      "name": "Y",
      "prediction": 1
    },
    "type": "rational"
  },
  "type": "rational"
}
{
  "false": {
    "false": {
      "complexity": 0.009999999776482582,
      "loss": 0.0,
      "name": "Y",
      "prediction": 0
    },
    "feature": 8,
    "name": "PetalLength_3",
    "reference": 1.0,
    "relation": "==",
    "true": {
      "complexity": 0.009999999776482582,
      "loss": 0.01785714365541935,
      "name": "Y",
      "prediction": 2
    },
    "type": "rational"
  },
  "feature": 7,
  "model_objective": 0.06678571552038193,
  "name": "PetalLength_2",
  "reference": 1.0,
  "relation": "==",
  "true": {
    "false": {
      "complexity": 0.009999999776482582,
      "loss": 0.0,
      "name": "Y",
      "prediction": 1
    },
    "feature": 11,
    "name": "PetalWidth_3",
    "reference": 1.0,
    "relation": "==",
    "true": {
      "complexity": 0.009999999776482582,
      "loss": 0.008928571827709675,
      "name": "Y",
      "prediction": 2
    },
    "type": "rational"
  },
  "type": "rational"
}
{
  "false": {
    "false": {
      "false": {
        "complexity": 0.009999999776482582,
        "loss": 0.008928571827709675,
        "name": "Y",
        "prediction": 2
      },
      "feature": 7,
      "name": "PetalLength_2",
      "reference": 1.0,
      "relation": "==",
      "true": {
        "complexity": 0.009999999776482582,
        "loss": 0.0,
        "name": "Y",
        "prediction": 1
      },
      "type": "rational"
    },
    "feature": 11,
    "name": "PetalWidth_3",
    "reference": 1.0,
    "relation": "==",
    "true": {
      "complexity": 0.009999999776482582,
      "loss": 0.01785714365541935,
      "name": "Y",
      "prediction": 2
    },
    "type": "rational"
  },
  "feature": 9,
  "model_objective": 0.06678571552038193,
  "name": "PetalWidth_1",
  "reference": 1.0,
  "relation": "==",
  "true": {
    "complexity": 0.009999999776482582,
    "loss": 0.0,
    "name": "Y",
    "prediction": 0
  },
  "type": "rational"
}
{
  "false": {
    "false": {
      "complexity": 0.009999999776482582,
      "loss": 0.01785714365541935,
      "name": "Y",
      "prediction": 2
    },
    "feature": 9,
    "name": "PetalWidth_1",
    "reference": 1.0,
    "relation": "==",
    "true": {
      "complexity": 0.009999999776482582,
      "loss": 0.0,
      "name": "Y",
      "prediction": 0
    },
    "type": "rational"
  },
  "feature": 7,
  "model_objective": 0.06678571552038193,
  "name": "PetalLength_2",
  "reference": 1.0,
  "relation": "==",
  "true": {
    "false": {
      "complexity": 0.009999999776482582,
      "loss": 0.008928571827709675,
      "name": "Y",
      "prediction": 2
    },
    "feature": 10,
    "name": "PetalWidth_2",
    "reference": 1.0,
    "relation": "==",
    "true": {
      "complexity": 0.009999999776482582,
      "loss": 0.0,
      "name": "Y",
      "prediction": 1
    },
    "type": "rational"
  },
  "type": "rational"
}
{
  "false": {
    "false": {
      "complexity": 0.009999999776482582,
      "loss": 0.01785714365541935,
      "name": "Y",
      "prediction": 2
    },
    "feature": 6,
    "name": "PetalLength_1",
    "reference": 1.0,
    "relation": "==",
    "true": {
      "complexity": 0.009999999776482582,
      "loss": 0.0,
      "name": "Y",
      "prediction": 0
    },
    "type": "rational"
  },
  "feature": 7,
  "model_objective": 0.06678571552038193,
  "name": "PetalLength_2",
  "reference": 1.0,
  "relation": "==",
  "true": {
    "false": {
      "complexity": 0.009999999776482582,
      "loss": 0.0,
      "name": "Y",
      "prediction": 1
    },
    "feature": 11,
    "name": "PetalWidth_3",
    "reference": 1.0,
    "relation": "==",
    "true": {
      "complexity": 0.009999999776482582,
      "loss": 0.008928571827709675,
      "name": "Y",
      "prediction": 2
    },
    "type": "rational"
  },
  "type": "rational"
}
treefarms reported successful execution
training completed. Number of trees in the Rashomon set: 1080245
