null
Finding Optimal Objective...
{
  "false": {
    "false": {
      "false": {
        "complexity": 0.009999999776482582,
        "loss": 0.019999999552965164,
        "name": "Y",
        "prediction": 1
      },
      "feature": 8,
      "name": "NormalNucleoli_1",
      "reference": 1,
      "relation": "==",
      "true": {
        "false": {
          "complexity": 0.009999999776482582,
          "loss": 0.006666666828095913,
          "name": "Y",
          "prediction": 1
        },
        "feature": 4,
        "name": "Adhesion_1",
        "reference": 1,
        "relation": "==",
        "true": {
          "complexity": 0.009999999776482582,
          "loss": 0.0,
          "name": "Y",
          "prediction": 0
        },
        "type": "integral"
      },
      "type": "integral"
    },
    "feature": 1,
    "name": "CellSize_1",
    "reference": 1,
    "relation": "==",
    "true": {
      "complexity": 0.009999999776482582,
      "loss": 0.006666666828095913,
      "name": "Y",
      "prediction": 0
    },
    "type": "integral"
  },
  "feature": 5,
  "model_objective": 0.10000000149011612,
  "name": "SingleEpithelialCellSize_2",
  "reference": 1,
  "relation": "==",
  "true": {
    "false": {
      "complexity": 0.009999999776482582,
      "loss": 0.006666666828095913,
      "name": "Y",
      "prediction": 0
    },
    "feature": 7,
    "name": "BareNuclei_10",
    "reference": 1,
    "relation": "==",
    "true": {
      "complexity": 0.009999999776482582,
      "loss": 0.0,
      "name": "Y",
      "prediction": 1
    },
    "type": "integral"
  },
  "type": "integral"
}
{
  "false": {
    "false": {
      "false": {
        "complexity": 0.009999999776482582,
        "loss": 0.019999999552965164,
        "name": "Y",
        "prediction": 1
      },
      "feature": 8,
      "name": "NormalNucleoli_1",
      "reference": 1,
      "relation": "==",
      "true": {
        "false": {
          "complexity": 0.009999999776482582,
          "loss": 0.006666666828095913,
          "name": "Y",
          "prediction": 1
        },
        "feature": 6,
        "name": "BareNuclei_1",
        "reference": 1,
        "relation": "==",
        "true": {
          "complexity": 0.009999999776482582,
          "loss": 0.0,
          "name": "Y",
          "prediction": 0
        },
        "type": "integral"
      },
      "type": "integral"
    },
    "feature": 1,
    "name": "CellSize_1",
    "reference": 1,
    "relation": "==",
    "true": {
      "complexity": 0.009999999776482582,
      "loss": 0.006666666828095913,
      "name": "Y",
      "prediction": 0
    },
    "type": "integral"
  },
  "feature": 5,
  "model_objective": 0.10000000149011612,
  "name": "SingleEpithelialCellSize_2",
  "reference": 1,
  "relation": "==",
  "true": {
    "false": {
      "complexity": 0.009999999776482582,
      "loss": 0.006666666828095913,
      "name": "Y",
      "prediction": 0
    },
    "feature": 7,
    "name": "BareNuclei_10",
    "reference": 1,
    "relation": "==",
    "true": {
      "complexity": 0.009999999776482582,
      "loss": 0.0,
      "name": "Y",
      "prediction": 1
    },
    "type": "integral"
  },
  "type": "integral"
}
{
  "false": {
    "false": {
      "false": {
        "complexity": 0.009999999776482582,
        "loss": 0.026666667312383652,
        "name": "Y",
        "prediction": 1
      },
      "feature": 6,
      "name": "BareNuclei_1",
      "reference": 1,
      "relation": "==",
      "true": {
        "false": {
          "complexity": 0.009999999776482582,
          "loss": 0.0,
          "name": "Y",
          "prediction": 1
        },
        "feature": 8,
        "name": "NormalNucleoli_1",
        "reference": 1,
        "relation": "==",
        "true": {
          "complexity": 0.009999999776482582,
          "loss": 0.0,
          "name": "Y",
          "prediction": 0
        },
        "type": "integral"
      },
      "type": "integral"
    },
    "feature": 1,
    "name": "CellSize_1",
    "reference": 1,
    "relation": "==",
    "true": {
      "complexity": 0.009999999776482582,
      "loss": 0.006666666828095913,
      "name": "Y",
      "prediction": 0
    },
    "type": "integral"
  },
  "feature": 5,
  "model_objective": 0.10000000149011612,
  "name": "SingleEpithelialCellSize_2",
  "reference": 1,
  "relation": "==",
  "true": {
    "false": {
      "complexity": 0.009999999776482582,
      "loss": 0.006666666828095913,
      "name": "Y",
      "prediction": 0
    },
    "feature": 7,
    "name": "BareNuclei_10",
    "reference": 1,
    "relation": "==",
    "true": {
      "complexity": 0.009999999776482582,
      "loss": 0.0,
      "name": "Y",
      "prediction": 1
    },
    "type": "integral"
  },
  "type": "integral"
}
{
  "false": {
    "false": {
      "false": {
        "complexity": 0.009999999776482582,
        "loss": 0.026666667312383652,
        "name": "Y",
        "prediction": 1
      },
      "feature": 4,
      "name": "Adhesion_1",
      "reference": 1,
      "relation": "==",
      "true": {
        "false": {
          "complexity": 0.009999999776482582,
          "loss": 0.0,
          "name": "Y",
          "prediction": 1
        },
        "feature": 8,
        "name": "NormalNucleoli_1",
        "reference": 1,
        "relation": "==",
        "true": {
          "complexity": 0.009999999776482582,
          "loss": 0.0,
          "name": "Y",
          "prediction": 0
        },
        "type": "integral"
      },
      "type": "integral"
    },
    "feature": 1,
    "name": "CellSize_1",
    "reference": 1,
    "relation": "==",
    "true": {
      "complexity": 0.009999999776482582,
      "loss": 0.006666666828095913,
      "name": "Y",
      "prediction": 0
    },
    "type": "integral"
  },
  "feature": 5,
  "model_objective": 0.10000000149011612,
  "name": "SingleEpithelialCellSize_2",
  "reference": 1,
  "relation": "==",
  "true": {
    "false": {
      "complexity": 0.009999999776482582,
      "loss": 0.006666666828095913,
      "name": "Y",
      "prediction": 0
    },
    "feature": 7,
    "name": "BareNuclei_10",
    "reference": 1,
    "relation": "==",
    "true": {
      "complexity": 0.009999999776482582,
      "loss": 0.0,
      "name": "Y",
      "prediction": 1
    },
    "type": "integral"
  },
  "type": "integral"
}
